2025-10-23 23:12:26,566 INFO o.a.j.u.JMeterUtils: Setting Locale to en_EN
2025-10-23 23:12:26,579 INFO o.a.j.JMeter: Loading user properties from: C:\Users\Joel\Downloads\apache-jmeter-5.6.3\apache-jmeter-5.6.3\bin\user.properties
2025-10-23 23:12:26,579 INFO o.a.j.JMeter: Loading system properties from: C:\Users\Joel\Downloads\apache-jmeter-5.6.3\apache-jmeter-5.6.3\bin\system.properties
2025-10-23 23:12:26,579 INFO o.a.j.JMeter: Setting JMeter property: BASE_URL=http://localhost:3000
2025-10-23 23:12:26,579 INFO o.a.j.JMeter: Setting JMeter property: USERS=5
2025-10-23 23:12:26,579 INFO o.a.j.JMeter: Setting JMeter property: RAMP=2
2025-10-23 23:12:26,581 INFO o.a.j.JMeter: Setting JMeter property: DURATION=8
2025-10-23 23:12:26,586 INFO o.a.j.JMeter: Copyright (c) 1998-2024 The Apache Software Foundation
2025-10-23 23:12:26,586 INFO o.a.j.JMeter: Version 5.6.3
2025-10-23 23:12:26,586 INFO o.a.j.JMeter: java.version=25
2025-10-23 23:12:26,586 INFO o.a.j.JMeter: java.vm.name=Java HotSpot(TM) 64-Bit Server VM
2025-10-23 23:12:26,586 INFO o.a.j.JMeter: os.name=Windows 11
2025-10-23 23:12:26,586 INFO o.a.j.JMeter: os.arch=amd64
2025-10-23 23:12:26,586 INFO o.a.j.JMeter: os.version=10.0
2025-10-23 23:12:26,586 INFO o.a.j.JMeter: file.encoding=UTF-8
2025-10-23 23:12:26,586 INFO o.a.j.JMeter: java.awt.headless=true
2025-10-23 23:12:26,586 INFO o.a.j.JMeter: Max memory     =1073741824
2025-10-23 23:12:26,586 INFO o.a.j.JMeter: Available Processors =20
2025-10-23 23:12:26,596 INFO o.a.j.JMeter: Default Locale=English (EN)
2025-10-23 23:12:26,596 INFO o.a.j.JMeter: JMeter  Locale=English (EN)
2025-10-23 23:12:26,597 INFO o.a.j.JMeter: JMeterHome=C:\Users\Joel\Downloads\apache-jmeter-5.6.3\apache-jmeter-5.6.3
2025-10-23 23:12:26,597 INFO o.a.j.JMeter: user.dir  =C:\Users\Joel\Documents\ltu-a1
2025-10-23 23:12:26,597 INFO o.a.j.JMeter: PWD       =C:\Users\Joel\Documents\ltu-a1
2025-10-23 23:12:26,598 INFO o.a.j.JMeter: IP: 192.168.1.152 Name: DESKTOP-OH3DSP0 FullName: host.docker.internal
2025-10-23 23:12:26,608 INFO o.a.j.JMeter: Setting property 'jmeter.reportgenerator.outputdir' to:'C:\Users\Joel\Documents\ltu-a1\docs\jmeter-report'
2025-10-23 23:12:26,610 INFO o.a.j.s.FileServer: Default base='C:\Users\Joel\Documents\ltu-a1'
2025-10-23 23:12:26,610 INFO o.a.j.s.FileServer: Set new base='C:\Users\Joel\Documents\ltu-a1\tests'
2025-10-23 23:12:26,747 INFO o.a.j.s.SaveService: Testplan (JMX) version: 2.2. Testlog (JTL) version: 2.2
2025-10-23 23:12:26,758 INFO o.a.j.s.SaveService: Using SaveService properties version 5.0
2025-10-23 23:12:26,759 INFO o.a.j.s.SaveService: Using SaveService properties file encoding UTF-8
2025-10-23 23:12:26,761 INFO o.a.j.s.SaveService: Loading file: tests\ltu-a2-smoke.jmx
2025-10-23 23:12:26,802 INFO o.a.j.p.h.s.HTTPSamplerBase: Parser for text/html is org.apache.jmeter.protocol.http.parser.LagartoBasedHtmlParser
2025-10-23 23:12:26,803 INFO o.a.j.p.h.s.HTTPSamplerBase: Parser for application/xhtml+xml is org.apache.jmeter.protocol.http.parser.LagartoBasedHtmlParser
2025-10-23 23:12:26,803 INFO o.a.j.p.h.s.HTTPSamplerBase: Parser for application/xml is org.apache.jmeter.protocol.http.parser.LagartoBasedHtmlParser
2025-10-23 23:12:26,803 INFO o.a.j.p.h.s.HTTPSamplerBase: Parser for text/xml is org.apache.jmeter.protocol.http.parser.LagartoBasedHtmlParser
2025-10-23 23:12:26,803 INFO o.a.j.p.h.s.HTTPSamplerBase: Parser for text/vnd.wap.wml is org.apache.jmeter.protocol.http.parser.RegexpHTMLParser
2025-10-23 23:12:26,803 INFO o.a.j.p.h.s.HTTPSamplerBase: Parser for text/css is org.apache.jmeter.protocol.http.parser.CssParser
2025-10-23 23:12:26,810 INFO o.a.j.JMeter: Creating summariser <summary>
2025-10-23 23:12:26,815 INFO o.a.j.r.d.ReportGenerator: ReportGenerator will use for Parsing the separator: ','
2025-10-23 23:12:26,815 INFO o.a.j.r.d.ReportGenerator: Will generate report at end of test from  results file: docs\jmeter-results.jtl
2025-10-23 23:12:26,815 INFO o.a.j.r.d.ReportGenerator: Reading report generator properties from: C:\Users\Joel\Downloads\apache-jmeter-5.6.3\apache-jmeter-5.6.3\bin\reportgenerator.properties
2025-10-23 23:12:26,816 INFO o.a.j.r.d.ReportGenerator: Merging with JMeter properties
2025-10-23 23:12:26,818 INFO o.a.j.r.c.ReportGeneratorConfiguration: Property 'jmeter.reportgenerator.temp_dir' not found, using default value 'temp' instead.
2025-10-23 23:12:26,818 INFO o.a.j.r.c.ReportGeneratorConfiguration: Property 'jmeter.reportgenerator.apdex_per_transaction' not found, using default value 'null' instead.
2025-10-23 23:12:26,818 INFO o.a.j.r.c.ReportGeneratorConfiguration: apdex_per_transaction is empty, not APDEX per transaction customization
2025-10-23 23:12:26,818 INFO o.a.j.r.c.ReportGeneratorConfiguration: Property 'jmeter.reportgenerator.sample_filter' not found, using default value 'null' instead.
2025-10-23 23:12:26,818 INFO o.a.j.r.c.ReportGeneratorConfiguration: Property 'jmeter.reportgenerator.report_title' not found, using default value 'null' instead.
2025-10-23 23:12:26,818 INFO o.a.j.r.c.ReportGeneratorConfiguration: Property 'jmeter.reportgenerator.start_date' not found, using default value 'null' instead.
2025-10-23 23:12:26,818 INFO o.a.j.r.c.ReportGeneratorConfiguration: Property 'jmeter.reportgenerator.end_date' not found, using default value 'null' instead.
2025-10-23 23:12:26,818 INFO o.a.j.r.c.ReportGeneratorConfiguration: Property 'jmeter.reportgenerator.date_format' not found, using default value 'null' instead.
2025-10-23 23:12:26,820 INFO o.a.j.r.c.ReportGeneratorConfiguration: Will use date range start date: null, end date: null
2025-10-23 23:12:26,822 INFO o.a.j.r.c.ReportGeneratorConfiguration: Property 'jmeter.reportgenerator.graph.totalTPS.exclude_controllers' not found, using default value 'false' instead.
2025-10-23 23:12:26,822 INFO o.a.j.r.c.ReportGeneratorConfiguration: Property 'jmeter.reportgenerator.graph.activeThreadsOverTime.exclude_controllers' not found, using default value 'false' instead.
2025-10-23 23:12:26,822 INFO o.a.j.r.c.ReportGeneratorConfiguration: Property 'jmeter.reportgenerator.graph.timeVsThreads.exclude_controllers' not found, using default value 'false' instead.
2025-10-23 23:12:26,822 INFO o.a.j.r.c.ReportGeneratorConfiguration: Property 'jmeter.reportgenerator.graph.responseTimeDistribution.exclude_controllers' not found, using default value 'false' instead.
2025-10-23 23:12:26,822 INFO o.a.j.r.c.ReportGeneratorConfiguration: Property 'jmeter.reportgenerator.graph.transactionsPerSecond.exclude_controllers' not found, using default value 'false' instead.
2025-10-23 23:12:26,822 INFO o.a.j.r.c.ReportGeneratorConfiguration: Property 'jmeter.reportgenerator.graph.responseTimePercentiles.exclude_controllers' not found, using default value 'false' instead.
2025-10-23 23:12:26,822 INFO o.a.j.r.c.ReportGeneratorConfiguration: Property 'jmeter.reportgenerator.graph.responseTimePercentilesOverTime.exclude_controllers' not found, using default value 'false' instead.
2025-10-23 23:12:26,822 INFO o.a.j.r.c.ReportGeneratorConfiguration: Property 'jmeter.reportgenerator.graph.responseTimesOverTime.exclude_controllers' not found, using default value 'false' instead.
2025-10-23 23:12:26,822 INFO o.a.j.r.c.ReportGeneratorConfiguration: Property 'jmeter.reportgenerator.graph.connectTimeOverTime.exclude_controllers' not found, using default value 'false' instead.
2025-10-23 23:12:26,823 INFO o.a.j.r.c.ReportGeneratorConfiguration: Property 'jmeter.reportgenerator.graph.latenciesOverTime.exclude_controllers' not found, using default value 'false' instead.
2025-10-23 23:12:26,823 INFO o.a.j.r.c.ReportGeneratorConfiguration: Property 'jmeter.reportgenerator.exporter.json.filters_only_sample_series' not found, using default value 'true' instead.
2025-10-23 23:12:26,823 INFO o.a.j.r.c.ReportGeneratorConfiguration: Property 'jmeter.reportgenerator.exporter.json.series_filter' not found, using default value '' instead.
2025-10-23 23:12:26,823 INFO o.a.j.r.c.ReportGeneratorConfiguration: Property 'jmeter.reportgenerator.exporter.json.show_controllers_only' not found, using default value 'false' instead.
2025-10-23 23:12:26,823 INFO o.a.j.r.c.ReportGeneratorConfiguration: Property 'jmeter.reportgenerator.exporter.html.filters_only_sample_series' not found, using default value 'true' instead.
2025-10-23 23:12:26,823 INFO o.a.j.r.c.ReportGeneratorConfiguration: Property 'jmeter.reportgenerator.exporter.html.series_filter' not found, using default value '' instead.
2025-10-23 23:12:26,823 INFO o.a.j.r.c.ReportGeneratorConfiguration: Property 'jmeter.reportgenerator.exporter.html.show_controllers_only' not found, using default value 'false' instead.
2025-10-23 23:12:26,831 INFO o.a.j.e.StandardJMeterEngine: Running the test!
2025-10-23 23:12:26,832 INFO o.a.j.s.SampleEvent: List of sample_variables: []
2025-10-23 23:12:26,832 INFO o.a.j.s.SampleEvent: List of sample_variables: []
2025-10-23 23:12:26,836 INFO o.a.j.e.u.CompoundVariable: Note: Function class names must contain the string: '.functions.'
2025-10-23 23:12:26,836 INFO o.a.j.e.u.CompoundVariable: Note: Function class names must not contain the string: '.gui.'
2025-10-23 23:12:26,979 INFO o.a.j.JMeter: Running test (1761221546979)
2025-10-23 23:12:26,991 INFO o.a.j.e.StandardJMeterEngine: Starting ThreadGroup: 1 : Users
2025-10-23 23:12:26,991 INFO o.a.j.e.StandardJMeterEngine: Starting 25 threads for group Users.
2025-10-23 23:12:26,991 INFO o.a.j.e.StandardJMeterEngine: Thread will continue on error
2025-10-23 23:12:26,991 INFO o.a.j.t.ThreadGroup: Starting thread group... number=1 threads=25 ramp-up=10 delayedStart=false
2025-10-23 23:12:26,996 INFO o.a.j.t.JMeterThread: Thread started: Users 1-1
2025-10-23 23:12:27,000 INFO o.a.j.t.ThreadGroup: Started thread group number 1
2025-10-23 23:12:27,000 INFO o.a.j.e.StandardJMeterEngine: All thread groups have been started
2025-10-23 23:12:27,307 INFO o.a.j.t.JMeterThread: Thread finished: Users 1-1
2025-10-23 23:12:27,308 ERROR o.a.j.JMeter: Uncaught exception in thread Thread[#60,Users 1-1,5,main]
org.codehaus.groovy.GroovyBugError: BUG! exception in phase 'semantic analysis' in source unit 'Script1.groovy' Unsupported class file major version 69
	at org.codehaus.groovy.control.CompilationUnit$ISourceUnitOperation.doPhaseOperation(CompilationUnit.java:906) ~[groovy-3.0.20.jar:3.0.20]
	at org.codehaus.groovy.control.CompilationUnit.compile(CompilationUnit.java:628) ~[groovy-3.0.20.jar:3.0.20]
	at groovy.lang.GroovyClassLoader.doParseClass(GroovyClassLoader.java:389) ~[groovy-3.0.20.jar:3.0.20]
	at groovy.lang.GroovyClassLoader.lambda$parseClass$3(GroovyClassLoader.java:332) ~[groovy-3.0.20.jar:3.0.20]
	at org.codehaus.groovy.runtime.memoize.StampedCommonCache.compute(StampedCommonCache.java:163) ~[groovy-3.0.20.jar:3.0.20]
	at org.codehaus.groovy.runtime.memoize.StampedCommonCache.getAndPut(StampedCommonCache.java:154) ~[groovy-3.0.20.jar:3.0.20]
	at groovy.lang.GroovyClassLoader.parseClass(GroovyClassLoader.java:330) ~[groovy-3.0.20.jar:3.0.20]
	at groovy.lang.GroovyClassLoader.parseClass(GroovyClassLoader.java:314) ~[groovy-3.0.20.jar:3.0.20]
	at groovy.lang.GroovyClassLoader.parseClass(GroovyClassLoader.java:257) ~[groovy-3.0.20.jar:3.0.20]
	at org.codehaus.groovy.jsr223.GroovyScriptEngineImpl.getScriptClass(GroovyScriptEngineImpl.java:336) ~[groovy-jsr223-3.0.20.jar:3.0.20]
	at org.codehaus.groovy.jsr223.GroovyScriptEngineImpl.compile(GroovyScriptEngineImpl.java:181) ~[groovy-jsr223-3.0.20.jar:3.0.20]
	at org.apache.jmeter.util.JSR223TestElement.lambda$processFileOrScript$1(JSR223TestElement.java:225) ~[ApacheJMeter_core.jar:5.6.3]
	at com.github.benmanes.caffeine.cache.BoundedLocalCache.lambda$doComputeIfAbsent$14(BoundedLocalCache.java:2406) ~[caffeine-2.9.3.jar:?]
	at java.base/java.util.concurrent.ConcurrentHashMap.compute(ConcurrentHashMap.java:1932) ~[?:?]
	at com.github.benmanes.caffeine.cache.BoundedLocalCache.doComputeIfAbsent(BoundedLocalCache.java:2404) ~[caffeine-2.9.3.jar:?]
	at com.github.benmanes.caffeine.cache.BoundedLocalCache.computeIfAbsent(BoundedLocalCache.java:2387) ~[caffeine-2.9.3.jar:?]
	at com.github.benmanes.caffeine.cache.LocalCache.computeIfAbsent(LocalCache.java:108) ~[caffeine-2.9.3.jar:?]
	at com.github.benmanes.caffeine.cache.LocalManualCache.get(LocalManualCache.java:62) ~[caffeine-2.9.3.jar:?]
	at org.apache.jmeter.util.JSR223TestElement.getCompiledScript(JSR223TestElement.java:252) ~[ApacheJMeter_core.jar:5.6.3]
	at org.apache.jmeter.util.JSR223TestElement.processFileOrScript(JSR223TestElement.java:223) ~[ApacheJMeter_core.jar:5.6.3]
	at org.apache.jmeter.modifiers.JSR223PreProcessor.process(JSR223PreProcessor.java:45) ~[ApacheJMeter_components.jar:5.6.3]
	at org.apache.jmeter.threads.JMeterThread.runPreProcessors(JMeterThread.java:983) ~[ApacheJMeter_core.jar:5.6.3]
	at org.apache.jmeter.threads.JMeterThread.executeSamplePackage(JMeterThread.java:561) ~[ApacheJMeter_core.jar:5.6.3]
	at org.apache.jmeter.threads.JMeterThread.processSampler(JMeterThread.java:501) ~[ApacheJMeter_core.jar:5.6.3]
	at org.apache.jmeter.threads.JMeterThread.run(JMeterThread.java:268) ~[ApacheJMeter_core.jar:5.6.3]
	at java.base/java.lang.Thread.run(Thread.java:1474) [?:?]
Caused by: java.lang.IllegalArgumentException: Unsupported class file major version 69
	at groovyjarjarasm.asm.ClassReader.<init>(ClassReader.java:199) ~[groovy-3.0.20.jar:3.0.20]
	at groovyjarjarasm.asm.ClassReader.<init>(ClassReader.java:180) ~[groovy-3.0.20.jar:3.0.20]
	at groovyjarjarasm.asm.ClassReader.<init>(ClassReader.java:166) ~[groovy-3.0.20.jar:3.0.20]
	at groovyjarjarasm.asm.ClassReader.<init>(ClassReader.java:287) ~[groovy-3.0.20.jar:3.0.20]
	at org.codehaus.groovy.ast.decompiled.AsmDecompiler.parseClass(AsmDecompiler.java:81) ~[groovy-3.0.20.jar:3.0.20]
	at org.codehaus.groovy.control.ClassNodeResolver.findDecompiled(ClassNodeResolver.java:251) ~[groovy-3.0.20.jar:3.0.20]
	at org.codehaus.groovy.control.ClassNodeResolver.tryAsLoaderClassOrScript(ClassNodeResolver.java:189) ~[groovy-3.0.20.jar:3.0.20]
	at org.codehaus.groovy.control.ClassNodeResolver.findClassNode(ClassNodeResolver.java:169) ~[groovy-3.0.20.jar:3.0.20]
	at org.codehaus.groovy.control.ClassNodeResolver.resolveName(ClassNodeResolver.java:125) ~[groovy-3.0.20.jar:3.0.20]
	at org.codehaus.groovy.control.ResolveVisitor.resolveToOuter(ResolveVisitor.java:875) ~[groovy-3.0.20.jar:3.0.20]
	at org.codehaus.groovy.control.ResolveVisitor.resolve(ResolveVisitor.java:506) ~[groovy-3.0.20.jar:3.0.20]
	at org.codehaus.groovy.control.ResolveVisitor.resolve(ResolveVisitor.java:467) ~[groovy-3.0.20.jar:3.0.20]
	at org.codehaus.groovy.control.ResolveVisitor.transformPropertyExpression(ResolveVisitor.java:1028) ~[groovy-3.0.20.jar:3.0.20]
	at org.codehaus.groovy.control.ResolveVisitor.transform(ResolveVisitor.java:896) ~[groovy-3.0.20.jar:3.0.20]
	at org.codehaus.groovy.control.ResolveVisitor.transformMethodCallExpression(ResolveVisitor.java:1270) ~[groovy-3.0.20.jar:3.0.20]
	at org.codehaus.groovy.control.ResolveVisitor.transform(ResolveVisitor.java:902) ~[groovy-3.0.20.jar:3.0.20]
	at org.codehaus.groovy.control.ResolveVisitor.transformMethodCallExpression(ResolveVisitor.java:1270) ~[groovy-3.0.20.jar:3.0.20]
	at org.codehaus.groovy.control.ResolveVisitor.transform(ResolveVisitor.java:902) ~[groovy-3.0.20.jar:3.0.20]
	at org.codehaus.groovy.control.ResolveVisitor.transformMethodCallExpression(ResolveVisitor.java:1270) ~[groovy-3.0.20.jar:3.0.20]
	at org.codehaus.groovy.control.ResolveVisitor.transform(ResolveVisitor.java:902) ~[groovy-3.0.20.jar:3.0.20]
	at org.codehaus.groovy.control.ResolveVisitor.transformDeclarationExpression(ResolveVisitor.java:1294) ~[groovy-3.0.20.jar:3.0.20]
	at org.codehaus.groovy.control.ResolveVisitor.transform(ResolveVisitor.java:898) ~[groovy-3.0.20.jar:3.0.20]
	at org.codehaus.groovy.ast.ClassCodeExpressionTransformer.visitExpressionStatement(ClassCodeExpressionTransformer.java:108) ~[groovy-3.0.20.jar:3.0.20]
	at org.codehaus.groovy.ast.stmt.ExpressionStatement.visit(ExpressionStatement.java:40) ~[groovy-3.0.20.jar:3.0.20]
	at org.codehaus.groovy.ast.CodeVisitorSupport.visitBlockStatement(CodeVisitorSupport.java:86) ~[groovy-3.0.20.jar:3.0.20]
	at org.codehaus.groovy.ast.ClassCodeVisitorSupport.visitBlockStatement(ClassCodeVisitorSupport.java:164) ~[groovy-3.0.20.jar:3.0.20]
	at org.codehaus.groovy.control.ResolveVisitor.visitBlockStatement(ResolveVisitor.java:1562) ~[groovy-3.0.20.jar:3.0.20]
	at org.codehaus.groovy.ast.stmt.BlockStatement.visit(BlockStatement.java:69) ~[groovy-3.0.20.jar:3.0.20]
	at org.codehaus.groovy.ast.ClassCodeVisitorSupport.visitClassCodeContainer(ClassCodeVisitorSupport.java:138) ~[groovy-3.0.20.jar:3.0.20]
	at org.codehaus.groovy.ast.ClassCodeVisitorSupport.visitConstructorOrMethod(ClassCodeVisitorSupport.java:111) ~[groovy-3.0.20.jar:3.0.20]
	at org.codehaus.groovy.ast.ClassCodeExpressionTransformer.visitConstructorOrMethod(ClassCodeExpressionTransformer.java:66) ~[groovy-3.0.20.jar:3.0.20]
	at org.codehaus.groovy.control.ResolveVisitor.visitConstructorOrMethod(ResolveVisitor.java:293) ~[groovy-3.0.20.jar:3.0.20]
	at org.codehaus.groovy.ast.ClassCodeVisitorSupport.visitMethod(ClassCodeVisitorSupport.java:106) ~[groovy-3.0.20.jar:3.0.20]
	at org.codehaus.groovy.ast.ClassNode.visitMethods(ClassNode.java:1095) ~[groovy-3.0.20.jar:3.0.20]
	at org.codehaus.groovy.ast.ClassNode.visitContents(ClassNode.java:1088) ~[groovy-3.0.20.jar:3.0.20]
	at org.codehaus.groovy.ast.ClassCodeVisitorSupport.visitClass(ClassCodeVisitorSupport.java:52) ~[groovy-3.0.20.jar:3.0.20]
	at org.codehaus.groovy.control.ResolveVisitor.visitClass(ResolveVisitor.java:1479) ~[groovy-3.0.20.jar:3.0.20]
	at org.codehaus.groovy.control.ResolveVisitor.startResolving(ResolveVisitor.java:262) ~[groovy-3.0.20.jar:3.0.20]
	at org.codehaus.groovy.control.CompilationUnit.lambda$new$16(CompilationUnit.java:739) ~[groovy-3.0.20.jar:3.0.20]
	at org.codehaus.groovy.control.CompilationUnit$ISourceUnitOperation.doPhaseOperation(CompilationUnit.java:902) ~[groovy-3.0.20.jar:3.0.20]
	... 25 more
2025-10-23 23:12:27,395 INFO o.a.j.t.JMeterThread: Thread started: Users 1-2
2025-10-23 23:12:27,401 INFO o.a.j.t.JMeterThread: Thread finished: Users 1-2
2025-10-23 23:12:27,401 ERROR o.a.j.JMeter: Uncaught exception in thread Thread[#61,Users 1-2,5,main]
org.codehaus.groovy.GroovyBugError: BUG! exception in phase 'semantic analysis' in source unit 'Script2.groovy' Unsupported class file major version 69
	at org.codehaus.groovy.control.CompilationUnit$ISourceUnitOperation.doPhaseOperation(CompilationUnit.java:906) ~[groovy-3.0.20.jar:3.0.20]
	at org.codehaus.groovy.control.CompilationUnit.compile(CompilationUnit.java:628) ~[groovy-3.0.20.jar:3.0.20]
	at groovy.lang.GroovyClassLoader.doParseClass(GroovyClassLoader.java:389) ~[groovy-3.0.20.jar:3.0.20]
	at groovy.lang.GroovyClassLoader.lambda$parseClass$3(GroovyClassLoader.java:332) ~[groovy-3.0.20.jar:3.0.20]
	at org.codehaus.groovy.runtime.memoize.StampedCommonCache.compute(StampedCommonCache.java:163) ~[groovy-3.0.20.jar:3.0.20]
	at org.codehaus.groovy.runtime.memoize.StampedCommonCache.getAndPut(StampedCommonCache.java:154) ~[groovy-3.0.20.jar:3.0.20]
	at groovy.lang.GroovyClassLoader.parseClass(GroovyClassLoader.java:330) ~[groovy-3.0.20.jar:3.0.20]
	at groovy.lang.GroovyClassLoader.parseClass(GroovyClassLoader.java:314) ~[groovy-3.0.20.jar:3.0.20]
	at groovy.lang.GroovyClassLoader.parseClass(GroovyClassLoader.java:257) ~[groovy-3.0.20.jar:3.0.20]
	at org.codehaus.groovy.jsr223.GroovyScriptEngineImpl.getScriptClass(GroovyScriptEngineImpl.java:336) ~[groovy-jsr223-3.0.20.jar:3.0.20]
	at org.codehaus.groovy.jsr223.GroovyScriptEngineImpl.compile(GroovyScriptEngineImpl.java:181) ~[groovy-jsr223-3.0.20.jar:3.0.20]
	at org.apache.jmeter.util.JSR223TestElement.lambda$processFileOrScript$1(JSR223TestElement.java:225) ~[ApacheJMeter_core.jar:5.6.3]
	at com.github.benmanes.caffeine.cache.BoundedLocalCache.lambda$doComputeIfAbsent$14(BoundedLocalCache.java:2406) ~[caffeine-2.9.3.jar:?]
	at java.base/java.util.concurrent.ConcurrentHashMap.compute(ConcurrentHashMap.java:1932) ~[?:?]
	at com.github.benmanes.caffeine.cache.BoundedLocalCache.doComputeIfAbsent(BoundedLocalCache.java:2404) ~[caffeine-2.9.3.jar:?]
	at com.github.benmanes.caffeine.cache.BoundedLocalCache.computeIfAbsent(BoundedLocalCache.java:2387) ~[caffeine-2.9.3.jar:?]
	at com.github.benmanes.caffeine.cache.LocalCache.computeIfAbsent(LocalCache.java:108) ~[caffeine-2.9.3.jar:?]
	at com.github.benmanes.caffeine.cache.LocalManualCache.get(LocalManualCache.java:62) ~[caffeine-2.9.3.jar:?]
	at org.apache.jmeter.util.JSR223TestElement.getCompiledScript(JSR223TestElement.java:252) ~[ApacheJMeter_core.jar:5.6.3]
	at org.apache.jmeter.util.JSR223TestElement.processFileOrScript(JSR223TestElement.java:223) ~[ApacheJMeter_core.jar:5.6.3]
	at org.apache.jmeter.modifiers.JSR223PreProcessor.process(JSR223PreProcessor.java:45) ~[ApacheJMeter_components.jar:5.6.3]
	at org.apache.jmeter.threads.JMeterThread.runPreProcessors(JMeterThread.java:983) ~[ApacheJMeter_core.jar:5.6.3]
	at org.apache.jmeter.threads.JMeterThread.executeSamplePackage(JMeterThread.java:561) ~[ApacheJMeter_core.jar:5.6.3]
	at org.apache.jmeter.threads.JMeterThread.processSampler(JMeterThread.java:501) ~[ApacheJMeter_core.jar:5.6.3]
	at org.apache.jmeter.threads.JMeterThread.run(JMeterThread.java:268) ~[ApacheJMeter_core.jar:5.6.3]
	at java.base/java.lang.Thread.run(Thread.java:1474) [?:?]
Caused by: java.lang.IllegalArgumentException: Unsupported class file major version 69
	at groovyjarjarasm.asm.ClassReader.<init>(ClassReader.java:199) ~[groovy-3.0.20.jar:3.0.20]
	at groovyjarjarasm.asm.ClassReader.<init>(ClassReader.java:180) ~[groovy-3.0.20.jar:3.0.20]
	at groovyjarjarasm.asm.ClassReader.<init>(ClassReader.java:166) ~[groovy-3.0.20.jar:3.0.20]
	at groovyjarjarasm.asm.ClassReader.<init>(ClassReader.java:287) ~[groovy-3.0.20.jar:3.0.20]
	at org.codehaus.groovy.ast.decompiled.AsmDecompiler.parseClass(AsmDecompiler.java:81) ~[groovy-3.0.20.jar:3.0.20]
	at org.codehaus.groovy.control.ClassNodeResolver.findDecompiled(ClassNodeResolver.java:251) ~[groovy-3.0.20.jar:3.0.20]
	at org.codehaus.groovy.control.ClassNodeResolver.tryAsLoaderClassOrScript(ClassNodeResolver.java:189) ~[groovy-3.0.20.jar:3.0.20]
	at org.codehaus.groovy.control.ClassNodeResolver.findClassNode(ClassNodeResolver.java:169) ~[groovy-3.0.20.jar:3.0.20]
	at org.codehaus.groovy.control.ClassNodeResolver.resolveName(ClassNodeResolver.java:125) ~[groovy-3.0.20.jar:3.0.20]
	at org.codehaus.groovy.control.ResolveVisitor.resolveToOuter(ResolveVisitor.java:875) ~[groovy-3.0.20.jar:3.0.20]
	at org.codehaus.groovy.control.ResolveVisitor.resolve(ResolveVisitor.java:506) ~[groovy-3.0.20.jar:3.0.20]
	at org.codehaus.groovy.control.ResolveVisitor.resolve(ResolveVisitor.java:467) ~[groovy-3.0.20.jar:3.0.20]
	at org.codehaus.groovy.control.ResolveVisitor.transformPropertyExpression(ResolveVisitor.java:1028) ~[groovy-3.0.20.jar:3.0.20]
	at org.codehaus.groovy.control.ResolveVisitor.transform(ResolveVisitor.java:896) ~[groovy-3.0.20.jar:3.0.20]
	at org.codehaus.groovy.control.ResolveVisitor.transformMethodCallExpression(ResolveVisitor.java:1270) ~[groovy-3.0.20.jar:3.0.20]
	at org.codehaus.groovy.control.ResolveVisitor.transform(ResolveVisitor.java:902) ~[groovy-3.0.20.jar:3.0.20]
	at org.codehaus.groovy.control.ResolveVisitor.transformMethodCallExpression(ResolveVisitor.java:1270) ~[groovy-3.0.20.jar:3.0.20]
	at org.codehaus.groovy.control.ResolveVisitor.transform(ResolveVisitor.java:902) ~[groovy-3.0.20.jar:3.0.20]
	at org.codehaus.groovy.control.ResolveVisitor.transformMethodCallExpression(ResolveVisitor.java:1270) ~[groovy-3.0.20.jar:3.0.20]
	at org.codehaus.groovy.control.ResolveVisitor.transform(ResolveVisitor.java:902) ~[groovy-3.0.20.jar:3.0.20]
	at org.codehaus.groovy.control.ResolveVisitor.transformDeclarationExpression(ResolveVisitor.java:1294) ~[groovy-3.0.20.jar:3.0.20]
	at org.codehaus.groovy.control.ResolveVisitor.transform(ResolveVisitor.java:898) ~[groovy-3.0.20.jar:3.0.20]
	at org.codehaus.groovy.ast.ClassCodeExpressionTransformer.visitExpressionStatement(ClassCodeExpressionTransformer.java:108) ~[groovy-3.0.20.jar:3.0.20]
	at org.codehaus.groovy.ast.stmt.ExpressionStatement.visit(ExpressionStatement.java:40) ~[groovy-3.0.20.jar:3.0.20]
	at org.codehaus.groovy.ast.CodeVisitorSupport.visitBlockStatement(CodeVisitorSupport.java:86) ~[groovy-3.0.20.jar:3.0.20]
	at org.codehaus.groovy.ast.ClassCodeVisitorSupport.visitBlockStatement(ClassCodeVisitorSupport.java:164) ~[groovy-3.0.20.jar:3.0.20]
	at org.codehaus.groovy.control.ResolveVisitor.visitBlockStatement(ResolveVisitor.java:1562) ~[groovy-3.0.20.jar:3.0.20]
	at org.codehaus.groovy.ast.stmt.BlockStatement.visit(BlockStatement.java:69) ~[groovy-3.0.20.jar:3.0.20]
	at org.codehaus.groovy.ast.ClassCodeVisitorSupport.visitClassCodeContainer(ClassCodeVisitorSupport.java:138) ~[groovy-3.0.20.jar:3.0.20]
	at org.codehaus.groovy.ast.ClassCodeVisitorSupport.visitConstructorOrMethod(ClassCodeVisitorSupport.java:111) ~[groovy-3.0.20.jar:3.0.20]
	at org.codehaus.groovy.ast.ClassCodeExpressionTransformer.visitConstructorOrMethod(ClassCodeExpressionTransformer.java:66) ~[groovy-3.0.20.jar:3.0.20]
	at org.codehaus.groovy.control.ResolveVisitor.visitConstructorOrMethod(ResolveVisitor.java:293) ~[groovy-3.0.20.jar:3.0.20]
	at org.codehaus.groovy.ast.ClassCodeVisitorSupport.visitMethod(ClassCodeVisitorSupport.java:106) ~[groovy-3.0.20.jar:3.0.20]
	at org.codehaus.groovy.ast.ClassNode.visitMethods(ClassNode.java:1095) ~[groovy-3.0.20.jar:3.0.20]
	at org.codehaus.groovy.ast.ClassNode.visitContents(ClassNode.java:1088) ~[groovy-3.0.20.jar:3.0.20]
	at org.codehaus.groovy.ast.ClassCodeVisitorSupport.visitClass(ClassCodeVisitorSupport.java:52) ~[groovy-3.0.20.jar:3.0.20]
	at org.codehaus.groovy.control.ResolveVisitor.visitClass(ResolveVisitor.java:1479) ~[groovy-3.0.20.jar:3.0.20]
	at org.codehaus.groovy.control.ResolveVisitor.startResolving(ResolveVisitor.java:262) ~[groovy-3.0.20.jar:3.0.20]
	at org.codehaus.groovy.control.CompilationUnit.lambda$new$16(CompilationUnit.java:739) ~[groovy-3.0.20.jar:3.0.20]
	at org.codehaus.groovy.control.CompilationUnit$ISourceUnitOperation.doPhaseOperation(CompilationUnit.java:902) ~[groovy-3.0.20.jar:3.0.20]
	... 25 more
2025-10-23 23:12:27,794 INFO o.a.j.t.JMeterThread: Thread started: Users 1-3
2025-10-23 23:12:27,797 INFO o.a.j.t.JMeterThread: Thread finished: Users 1-3
2025-10-23 23:12:27,797 ERROR o.a.j.JMeter: Uncaught exception in thread Thread[#62,Users 1-3,5,main]
org.codehaus.groovy.GroovyBugError: BUG! exception in phase 'semantic analysis' in source unit 'Script3.groovy' Unsupported class file major version 69
	at org.codehaus.groovy.control.CompilationUnit$ISourceUnitOperation.doPhaseOperation(CompilationUnit.java:906) ~[groovy-3.0.20.jar:3.0.20]
	at org.codehaus.groovy.control.CompilationUnit.compile(CompilationUnit.java:628) ~[groovy-3.0.20.jar:3.0.20]
	at groovy.lang.GroovyClassLoader.doParseClass(GroovyClassLoader.java:389) ~[groovy-3.0.20.jar:3.0.20]
	at groovy.lang.GroovyClassLoader.lambda$parseClass$3(GroovyClassLoader.java:332) ~[groovy-3.0.20.jar:3.0.20]
	at org.codehaus.groovy.runtime.memoize.StampedCommonCache.compute(StampedCommonCache.java:163) ~[groovy-3.0.20.jar:3.0.20]
	at org.codehaus.groovy.runtime.memoize.StampedCommonCache.getAndPut(StampedCommonCache.java:154) ~[groovy-3.0.20.jar:3.0.20]
	at groovy.lang.GroovyClassLoader.parseClass(GroovyClassLoader.java:330) ~[groovy-3.0.20.jar:3.0.20]
	at groovy.lang.GroovyClassLoader.parseClass(GroovyClassLoader.java:314) ~[groovy-3.0.20.jar:3.0.20]
	at groovy.lang.GroovyClassLoader.parseClass(GroovyClassLoader.java:257) ~[groovy-3.0.20.jar:3.0.20]
	at org.codehaus.groovy.jsr223.GroovyScriptEngineImpl.getScriptClass(GroovyScriptEngineImpl.java:336) ~[groovy-jsr223-3.0.20.jar:3.0.20]
	at org.codehaus.groovy.jsr223.GroovyScriptEngineImpl.compile(GroovyScriptEngineImpl.java:181) ~[groovy-jsr223-3.0.20.jar:3.0.20]
	at org.apache.jmeter.util.JSR223TestElement.lambda$processFileOrScript$1(JSR223TestElement.java:225) ~[ApacheJMeter_core.jar:5.6.3]
	at com.github.benmanes.caffeine.cache.BoundedLocalCache.lambda$doComputeIfAbsent$14(BoundedLocalCache.java:2406) ~[caffeine-2.9.3.jar:?]
	at java.base/java.util.concurrent.ConcurrentHashMap.compute(ConcurrentHashMap.java:1932) ~[?:?]
	at com.github.benmanes.caffeine.cache.BoundedLocalCache.doComputeIfAbsent(BoundedLocalCache.java:2404) ~[caffeine-2.9.3.jar:?]
	at com.github.benmanes.caffeine.cache.BoundedLocalCache.computeIfAbsent(BoundedLocalCache.java:2387) ~[caffeine-2.9.3.jar:?]
	at com.github.benmanes.caffeine.cache.LocalCache.computeIfAbsent(LocalCache.java:108) ~[caffeine-2.9.3.jar:?]
	at com.github.benmanes.caffeine.cache.LocalManualCache.get(LocalManualCache.java:62) ~[caffeine-2.9.3.jar:?]
	at org.apache.jmeter.util.JSR223TestElement.getCompiledScript(JSR223TestElement.java:252) ~[ApacheJMeter_core.jar:5.6.3]
	at org.apache.jmeter.util.JSR223TestElement.processFileOrScript(JSR223TestElement.java:223) ~[ApacheJMeter_core.jar:5.6.3]
	at org.apache.jmeter.modifiers.JSR223PreProcessor.process(JSR223PreProcessor.java:45) ~[ApacheJMeter_components.jar:5.6.3]
	at org.apache.jmeter.threads.JMeterThread.runPreProcessors(JMeterThread.java:983) ~[ApacheJMeter_core.jar:5.6.3]
	at org.apache.jmeter.threads.JMeterThread.executeSamplePackage(JMeterThread.java:561) ~[ApacheJMeter_core.jar:5.6.3]
	at org.apache.jmeter.threads.JMeterThread.processSampler(JMeterThread.java:501) ~[ApacheJMeter_core.jar:5.6.3]
	at org.apache.jmeter.threads.JMeterThread.run(JMeterThread.java:268) ~[ApacheJMeter_core.jar:5.6.3]
	at java.base/java.lang.Thread.run(Thread.java:1474) [?:?]
Caused by: java.lang.IllegalArgumentException: Unsupported class file major version 69
	at groovyjarjarasm.asm.ClassReader.<init>(ClassReader.java:199) ~[groovy-3.0.20.jar:3.0.20]
	at groovyjarjarasm.asm.ClassReader.<init>(ClassReader.java:180) ~[groovy-3.0.20.jar:3.0.20]
	at groovyjarjarasm.asm.ClassReader.<init>(ClassReader.java:166) ~[groovy-3.0.20.jar:3.0.20]
	at groovyjarjarasm.asm.ClassReader.<init>(ClassReader.java:287) ~[groovy-3.0.20.jar:3.0.20]
	at org.codehaus.groovy.ast.decompiled.AsmDecompiler.parseClass(AsmDecompiler.java:81) ~[groovy-3.0.20.jar:3.0.20]
	at org.codehaus.groovy.control.ClassNodeResolver.findDecompiled(ClassNodeResolver.java:251) ~[groovy-3.0.20.jar:3.0.20]
	at org.codehaus.groovy.control.ClassNodeResolver.tryAsLoaderClassOrScript(ClassNodeResolver.java:189) ~[groovy-3.0.20.jar:3.0.20]
	at org.codehaus.groovy.control.ClassNodeResolver.findClassNode(ClassNodeResolver.java:169) ~[groovy-3.0.20.jar:3.0.20]
	at org.codehaus.groovy.control.ClassNodeResolver.resolveName(ClassNodeResolver.java:125) ~[groovy-3.0.20.jar:3.0.20]
	at org.codehaus.groovy.control.ResolveVisitor.resolveToOuter(ResolveVisitor.java:875) ~[groovy-3.0.20.jar:3.0.20]
	at org.codehaus.groovy.control.ResolveVisitor.resolve(ResolveVisitor.java:506) ~[groovy-3.0.20.jar:3.0.20]
	at org.codehaus.groovy.control.ResolveVisitor.resolve(ResolveVisitor.java:467) ~[groovy-3.0.20.jar:3.0.20]
	at org.codehaus.groovy.control.ResolveVisitor.transformPropertyExpression(ResolveVisitor.java:1028) ~[groovy-3.0.20.jar:3.0.20]
	at org.codehaus.groovy.control.ResolveVisitor.transform(ResolveVisitor.java:896) ~[groovy-3.0.20.jar:3.0.20]
	at org.codehaus.groovy.control.ResolveVisitor.transformMethodCallExpression(ResolveVisitor.java:1270) ~[groovy-3.0.20.jar:3.0.20]
	at org.codehaus.groovy.control.ResolveVisitor.transform(ResolveVisitor.java:902) ~[groovy-3.0.20.jar:3.0.20]
	at org.codehaus.groovy.control.ResolveVisitor.transformMethodCallExpression(ResolveVisitor.java:1270) ~[groovy-3.0.20.jar:3.0.20]
	at org.codehaus.groovy.control.ResolveVisitor.transform(ResolveVisitor.java:902) ~[groovy-3.0.20.jar:3.0.20]
	at org.codehaus.groovy.control.ResolveVisitor.transformMethodCallExpression(ResolveVisitor.java:1270) ~[groovy-3.0.20.jar:3.0.20]
	at org.codehaus.groovy.control.ResolveVisitor.transform(ResolveVisitor.java:902) ~[groovy-3.0.20.jar:3.0.20]
	at org.codehaus.groovy.control.ResolveVisitor.transformDeclarationExpression(ResolveVisitor.java:1294) ~[groovy-3.0.20.jar:3.0.20]
	at org.codehaus.groovy.control.ResolveVisitor.transform(ResolveVisitor.java:898) ~[groovy-3.0.20.jar:3.0.20]
	at org.codehaus.groovy.ast.ClassCodeExpressionTransformer.visitExpressionStatement(ClassCodeExpressionTransformer.java:108) ~[groovy-3.0.20.jar:3.0.20]
	at org.codehaus.groovy.ast.stmt.ExpressionStatement.visit(ExpressionStatement.java:40) ~[groovy-3.0.20.jar:3.0.20]
	at org.codehaus.groovy.ast.CodeVisitorSupport.visitBlockStatement(CodeVisitorSupport.java:86) ~[groovy-3.0.20.jar:3.0.20]
	at org.codehaus.groovy.ast.ClassCodeVisitorSupport.visitBlockStatement(ClassCodeVisitorSupport.java:164) ~[groovy-3.0.20.jar:3.0.20]
	at org.codehaus.groovy.control.ResolveVisitor.visitBlockStatement(ResolveVisitor.java:1562) ~[groovy-3.0.20.jar:3.0.20]
	at org.codehaus.groovy.ast.stmt.BlockStatement.visit(BlockStatement.java:69) ~[groovy-3.0.20.jar:3.0.20]
	at org.codehaus.groovy.ast.ClassCodeVisitorSupport.visitClassCodeContainer(ClassCodeVisitorSupport.java:138) ~[groovy-3.0.20.jar:3.0.20]
	at org.codehaus.groovy.ast.ClassCodeVisitorSupport.visitConstructorOrMethod(ClassCodeVisitorSupport.java:111) ~[groovy-3.0.20.jar:3.0.20]
	at org.codehaus.groovy.ast.ClassCodeExpressionTransformer.visitConstructorOrMethod(ClassCodeExpressionTransformer.java:66) ~[groovy-3.0.20.jar:3.0.20]
	at org.codehaus.groovy.control.ResolveVisitor.visitConstructorOrMethod(ResolveVisitor.java:293) ~[groovy-3.0.20.jar:3.0.20]
	at org.codehaus.groovy.ast.ClassCodeVisitorSupport.visitMethod(ClassCodeVisitorSupport.java:106) ~[groovy-3.0.20.jar:3.0.20]
	at org.codehaus.groovy.ast.ClassNode.visitMethods(ClassNode.java:1095) ~[groovy-3.0.20.jar:3.0.20]
	at org.codehaus.groovy.ast.ClassNode.visitContents(ClassNode.java:1088) ~[groovy-3.0.20.jar:3.0.20]
	at org.codehaus.groovy.ast.ClassCodeVisitorSupport.visitClass(ClassCodeVisitorSupport.java:52) ~[groovy-3.0.20.jar:3.0.20]
	at org.codehaus.groovy.control.ResolveVisitor.visitClass(ResolveVisitor.java:1479) ~[groovy-3.0.20.jar:3.0.20]
	at org.codehaus.groovy.control.ResolveVisitor.startResolving(ResolveVisitor.java:262) ~[groovy-3.0.20.jar:3.0.20]
	at org.codehaus.groovy.control.CompilationUnit.lambda$new$16(CompilationUnit.java:739) ~[groovy-3.0.20.jar:3.0.20]
	at org.codehaus.groovy.control.CompilationUnit$ISourceUnitOperation.doPhaseOperation(CompilationUnit.java:902) ~[groovy-3.0.20.jar:3.0.20]
	... 25 more
2025-10-23 23:12:28,194 INFO o.a.j.t.JMeterThread: Thread started: Users 1-4
2025-10-23 23:12:28,199 INFO o.a.j.t.JMeterThread: Thread finished: Users 1-4
2025-10-23 23:12:28,199 ERROR o.a.j.JMeter: Uncaught exception in thread Thread[#63,Users 1-4,5,main]
org.codehaus.groovy.GroovyBugError: BUG! exception in phase 'semantic analysis' in source unit 'Script4.groovy' Unsupported class file major version 69
	at org.codehaus.groovy.control.CompilationUnit$ISourceUnitOperation.doPhaseOperation(CompilationUnit.java:906) ~[groovy-3.0.20.jar:3.0.20]
	at org.codehaus.groovy.control.CompilationUnit.compile(CompilationUnit.java:628) ~[groovy-3.0.20.jar:3.0.20]
	at groovy.lang.GroovyClassLoader.doParseClass(GroovyClassLoader.java:389) ~[groovy-3.0.20.jar:3.0.20]
	at groovy.lang.GroovyClassLoader.lambda$parseClass$3(GroovyClassLoader.java:332) ~[groovy-3.0.20.jar:3.0.20]
	at org.codehaus.groovy.runtime.memoize.StampedCommonCache.compute(StampedCommonCache.java:163) ~[groovy-3.0.20.jar:3.0.20]
	at org.codehaus.groovy.runtime.memoize.StampedCommonCache.getAndPut(StampedCommonCache.java:154) ~[groovy-3.0.20.jar:3.0.20]
	at groovy.lang.GroovyClassLoader.parseClass(GroovyClassLoader.java:330) ~[groovy-3.0.20.jar:3.0.20]
	at groovy.lang.GroovyClassLoader.parseClass(GroovyClassLoader.java:314) ~[groovy-3.0.20.jar:3.0.20]
	at groovy.lang.GroovyClassLoader.parseClass(GroovyClassLoader.java:257) ~[groovy-3.0.20.jar:3.0.20]
	at org.codehaus.groovy.jsr223.GroovyScriptEngineImpl.getScriptClass(GroovyScriptEngineImpl.java:336) ~[groovy-jsr223-3.0.20.jar:3.0.20]
	at org.codehaus.groovy.jsr223.GroovyScriptEngineImpl.compile(GroovyScriptEngineImpl.java:181) ~[groovy-jsr223-3.0.20.jar:3.0.20]
	at org.apache.jmeter.util.JSR223TestElement.lambda$processFileOrScript$1(JSR223TestElement.java:225) ~[ApacheJMeter_core.jar:5.6.3]
	at com.github.benmanes.caffeine.cache.BoundedLocalCache.lambda$doComputeIfAbsent$14(BoundedLocalCache.java:2406) ~[caffeine-2.9.3.jar:?]
	at java.base/java.util.concurrent.ConcurrentHashMap.compute(ConcurrentHashMap.java:1932) ~[?:?]
	at com.github.benmanes.caffeine.cache.BoundedLocalCache.doComputeIfAbsent(BoundedLocalCache.java:2404) ~[caffeine-2.9.3.jar:?]
	at com.github.benmanes.caffeine.cache.BoundedLocalCache.computeIfAbsent(BoundedLocalCache.java:2387) ~[caffeine-2.9.3.jar:?]
	at com.github.benmanes.caffeine.cache.LocalCache.computeIfAbsent(LocalCache.java:108) ~[caffeine-2.9.3.jar:?]
	at com.github.benmanes.caffeine.cache.LocalManualCache.get(LocalManualCache.java:62) ~[caffeine-2.9.3.jar:?]
	at org.apache.jmeter.util.JSR223TestElement.getCompiledScript(JSR223TestElement.java:252) ~[ApacheJMeter_core.jar:5.6.3]
	at org.apache.jmeter.util.JSR223TestElement.processFileOrScript(JSR223TestElement.java:223) ~[ApacheJMeter_core.jar:5.6.3]
	at org.apache.jmeter.modifiers.JSR223PreProcessor.process(JSR223PreProcessor.java:45) ~[ApacheJMeter_components.jar:5.6.3]
	at org.apache.jmeter.threads.JMeterThread.runPreProcessors(JMeterThread.java:983) ~[ApacheJMeter_core.jar:5.6.3]
	at org.apache.jmeter.threads.JMeterThread.executeSamplePackage(JMeterThread.java:561) ~[ApacheJMeter_core.jar:5.6.3]
	at org.apache.jmeter.threads.JMeterThread.processSampler(JMeterThread.java:501) ~[ApacheJMeter_core.jar:5.6.3]
	at org.apache.jmeter.threads.JMeterThread.run(JMeterThread.java:268) ~[ApacheJMeter_core.jar:5.6.3]
	at java.base/java.lang.Thread.run(Thread.java:1474) [?:?]
Caused by: java.lang.IllegalArgumentException: Unsupported class file major version 69
	at groovyjarjarasm.asm.ClassReader.<init>(ClassReader.java:199) ~[groovy-3.0.20.jar:3.0.20]
	at groovyjarjarasm.asm.ClassReader.<init>(ClassReader.java:180) ~[groovy-3.0.20.jar:3.0.20]
	at groovyjarjarasm.asm.ClassReader.<init>(ClassReader.java:166) ~[groovy-3.0.20.jar:3.0.20]
	at groovyjarjarasm.asm.ClassReader.<init>(ClassReader.java:287) ~[groovy-3.0.20.jar:3.0.20]
	at org.codehaus.groovy.ast.decompiled.AsmDecompiler.parseClass(AsmDecompiler.java:81) ~[groovy-3.0.20.jar:3.0.20]
	at org.codehaus.groovy.control.ClassNodeResolver.findDecompiled(ClassNodeResolver.java:251) ~[groovy-3.0.20.jar:3.0.20]
	at org.codehaus.groovy.control.ClassNodeResolver.tryAsLoaderClassOrScript(ClassNodeResolver.java:189) ~[groovy-3.0.20.jar:3.0.20]
	at org.codehaus.groovy.control.ClassNodeResolver.findClassNode(ClassNodeResolver.java:169) ~[groovy-3.0.20.jar:3.0.20]
	at org.codehaus.groovy.control.ClassNodeResolver.resolveName(ClassNodeResolver.java:125) ~[groovy-3.0.20.jar:3.0.20]
	at org.codehaus.groovy.control.ResolveVisitor.resolveToOuter(ResolveVisitor.java:875) ~[groovy-3.0.20.jar:3.0.20]
	at org.codehaus.groovy.control.ResolveVisitor.resolve(ResolveVisitor.java:506) ~[groovy-3.0.20.jar:3.0.20]
	at org.codehaus.groovy.control.ResolveVisitor.resolve(ResolveVisitor.java:467) ~[groovy-3.0.20.jar:3.0.20]
	at org.codehaus.groovy.control.ResolveVisitor.transformPropertyExpression(ResolveVisitor.java:1028) ~[groovy-3.0.20.jar:3.0.20]
	at org.codehaus.groovy.control.ResolveVisitor.transform(ResolveVisitor.java:896) ~[groovy-3.0.20.jar:3.0.20]
	at org.codehaus.groovy.control.ResolveVisitor.transformMethodCallExpression(ResolveVisitor.java:1270) ~[groovy-3.0.20.jar:3.0.20]
	at org.codehaus.groovy.control.ResolveVisitor.transform(ResolveVisitor.java:902) ~[groovy-3.0.20.jar:3.0.20]
	at org.codehaus.groovy.control.ResolveVisitor.transformMethodCallExpression(ResolveVisitor.java:1270) ~[groovy-3.0.20.jar:3.0.20]
	at org.codehaus.groovy.control.ResolveVisitor.transform(ResolveVisitor.java:902) ~[groovy-3.0.20.jar:3.0.20]
	at org.codehaus.groovy.control.ResolveVisitor.transformMethodCallExpression(ResolveVisitor.java:1270) ~[groovy-3.0.20.jar:3.0.20]
	at org.codehaus.groovy.control.ResolveVisitor.transform(ResolveVisitor.java:902) ~[groovy-3.0.20.jar:3.0.20]
	at org.codehaus.groovy.control.ResolveVisitor.transformDeclarationExpression(ResolveVisitor.java:1294) ~[groovy-3.0.20.jar:3.0.20]
	at org.codehaus.groovy.control.ResolveVisitor.transform(ResolveVisitor.java:898) ~[groovy-3.0.20.jar:3.0.20]
	at org.codehaus.groovy.ast.ClassCodeExpressionTransformer.visitExpressionStatement(ClassCodeExpressionTransformer.java:108) ~[groovy-3.0.20.jar:3.0.20]
	at org.codehaus.groovy.ast.stmt.ExpressionStatement.visit(ExpressionStatement.java:40) ~[groovy-3.0.20.jar:3.0.20]
	at org.codehaus.groovy.ast.CodeVisitorSupport.visitBlockStatement(CodeVisitorSupport.java:86) ~[groovy-3.0.20.jar:3.0.20]
	at org.codehaus.groovy.ast.ClassCodeVisitorSupport.visitBlockStatement(ClassCodeVisitorSupport.java:164) ~[groovy-3.0.20.jar:3.0.20]
	at org.codehaus.groovy.control.ResolveVisitor.visitBlockStatement(ResolveVisitor.java:1562) ~[groovy-3.0.20.jar:3.0.20]
	at org.codehaus.groovy.ast.stmt.BlockStatement.visit(BlockStatement.java:69) ~[groovy-3.0.20.jar:3.0.20]
	at org.codehaus.groovy.ast.ClassCodeVisitorSupport.visitClassCodeContainer(ClassCodeVisitorSupport.java:138) ~[groovy-3.0.20.jar:3.0.20]
	at org.codehaus.groovy.ast.ClassCodeVisitorSupport.visitConstructorOrMethod(ClassCodeVisitorSupport.java:111) ~[groovy-3.0.20.jar:3.0.20]
	at org.codehaus.groovy.ast.ClassCodeExpressionTransformer.visitConstructorOrMethod(ClassCodeExpressionTransformer.java:66) ~[groovy-3.0.20.jar:3.0.20]
	at org.codehaus.groovy.control.ResolveVisitor.visitConstructorOrMethod(ResolveVisitor.java:293) ~[groovy-3.0.20.jar:3.0.20]
	at org.codehaus.groovy.ast.ClassCodeVisitorSupport.visitMethod(ClassCodeVisitorSupport.java:106) ~[groovy-3.0.20.jar:3.0.20]
	at org.codehaus.groovy.ast.ClassNode.visitMethods(ClassNode.java:1095) ~[groovy-3.0.20.jar:3.0.20]
	at org.codehaus.groovy.ast.ClassNode.visitContents(ClassNode.java:1088) ~[groovy-3.0.20.jar:3.0.20]
	at org.codehaus.groovy.ast.ClassCodeVisitorSupport.visitClass(ClassCodeVisitorSupport.java:52) ~[groovy-3.0.20.jar:3.0.20]
	at org.codehaus.groovy.control.ResolveVisitor.visitClass(ResolveVisitor.java:1479) ~[groovy-3.0.20.jar:3.0.20]
	at org.codehaus.groovy.control.ResolveVisitor.startResolving(ResolveVisitor.java:262) ~[groovy-3.0.20.jar:3.0.20]
	at org.codehaus.groovy.control.CompilationUnit.lambda$new$16(CompilationUnit.java:739) ~[groovy-3.0.20.jar:3.0.20]
	at org.codehaus.groovy.control.CompilationUnit$ISourceUnitOperation.doPhaseOperation(CompilationUnit.java:902) ~[groovy-3.0.20.jar:3.0.20]
	... 25 more
2025-10-23 23:12:28,593 INFO o.a.j.t.JMeterThread: Thread started: Users 1-5
2025-10-23 23:12:28,599 INFO o.a.j.t.JMeterThread: Thread finished: Users 1-5
2025-10-23 23:12:28,599 ERROR o.a.j.JMeter: Uncaught exception in thread Thread[#64,Users 1-5,5,main]
org.codehaus.groovy.GroovyBugError: BUG! exception in phase 'semantic analysis' in source unit 'Script5.groovy' Unsupported class file major version 69
	at org.codehaus.groovy.control.CompilationUnit$ISourceUnitOperation.doPhaseOperation(CompilationUnit.java:906) ~[groovy-3.0.20.jar:3.0.20]
	at org.codehaus.groovy.control.CompilationUnit.compile(CompilationUnit.java:628) ~[groovy-3.0.20.jar:3.0.20]
	at groovy.lang.GroovyClassLoader.doParseClass(GroovyClassLoader.java:389) ~[groovy-3.0.20.jar:3.0.20]
	at groovy.lang.GroovyClassLoader.lambda$parseClass$3(GroovyClassLoader.java:332) ~[groovy-3.0.20.jar:3.0.20]
	at org.codehaus.groovy.runtime.memoize.StampedCommonCache.compute(StampedCommonCache.java:163) ~[groovy-3.0.20.jar:3.0.20]
	at org.codehaus.groovy.runtime.memoize.StampedCommonCache.getAndPut(StampedCommonCache.java:154) ~[groovy-3.0.20.jar:3.0.20]
	at groovy.lang.GroovyClassLoader.parseClass(GroovyClassLoader.java:330) ~[groovy-3.0.20.jar:3.0.20]
	at groovy.lang.GroovyClassLoader.parseClass(GroovyClassLoader.java:314) ~[groovy-3.0.20.jar:3.0.20]
	at groovy.lang.GroovyClassLoader.parseClass(GroovyClassLoader.java:257) ~[groovy-3.0.20.jar:3.0.20]
	at org.codehaus.groovy.jsr223.GroovyScriptEngineImpl.getScriptClass(GroovyScriptEngineImpl.java:336) ~[groovy-jsr223-3.0.20.jar:3.0.20]
	at org.codehaus.groovy.jsr223.GroovyScriptEngineImpl.compile(GroovyScriptEngineImpl.java:181) ~[groovy-jsr223-3.0.20.jar:3.0.20]
	at org.apache.jmeter.util.JSR223TestElement.lambda$processFileOrScript$1(JSR223TestElement.java:225) ~[ApacheJMeter_core.jar:5.6.3]
	at com.github.benmanes.caffeine.cache.BoundedLocalCache.lambda$doComputeIfAbsent$14(BoundedLocalCache.java:2406) ~[caffeine-2.9.3.jar:?]
	at java.base/java.util.concurrent.ConcurrentHashMap.compute(ConcurrentHashMap.java:1932) ~[?:?]
	at com.github.benmanes.caffeine.cache.BoundedLocalCache.doComputeIfAbsent(BoundedLocalCache.java:2404) ~[caffeine-2.9.3.jar:?]
	at com.github.benmanes.caffeine.cache.BoundedLocalCache.computeIfAbsent(BoundedLocalCache.java:2387) ~[caffeine-2.9.3.jar:?]
	at com.github.benmanes.caffeine.cache.LocalCache.computeIfAbsent(LocalCache.java:108) ~[caffeine-2.9.3.jar:?]
	at com.github.benmanes.caffeine.cache.LocalManualCache.get(LocalManualCache.java:62) ~[caffeine-2.9.3.jar:?]
	at org.apache.jmeter.util.JSR223TestElement.getCompiledScript(JSR223TestElement.java:252) ~[ApacheJMeter_core.jar:5.6.3]
	at org.apache.jmeter.util.JSR223TestElement.processFileOrScript(JSR223TestElement.java:223) ~[ApacheJMeter_core.jar:5.6.3]
	at org.apache.jmeter.modifiers.JSR223PreProcessor.process(JSR223PreProcessor.java:45) ~[ApacheJMeter_components.jar:5.6.3]
	at org.apache.jmeter.threads.JMeterThread.runPreProcessors(JMeterThread.java:983) ~[ApacheJMeter_core.jar:5.6.3]
	at org.apache.jmeter.threads.JMeterThread.executeSamplePackage(JMeterThread.java:561) ~[ApacheJMeter_core.jar:5.6.3]
	at org.apache.jmeter.threads.JMeterThread.processSampler(JMeterThread.java:501) ~[ApacheJMeter_core.jar:5.6.3]
	at org.apache.jmeter.threads.JMeterThread.run(JMeterThread.java:268) ~[ApacheJMeter_core.jar:5.6.3]
	at java.base/java.lang.Thread.run(Thread.java:1474) [?:?]
Caused by: java.lang.IllegalArgumentException: Unsupported class file major version 69
	at groovyjarjarasm.asm.ClassReader.<init>(ClassReader.java:199) ~[groovy-3.0.20.jar:3.0.20]
	at groovyjarjarasm.asm.ClassReader.<init>(ClassReader.java:180) ~[groovy-3.0.20.jar:3.0.20]
	at groovyjarjarasm.asm.ClassReader.<init>(ClassReader.java:166) ~[groovy-3.0.20.jar:3.0.20]
	at groovyjarjarasm.asm.ClassReader.<init>(ClassReader.java:287) ~[groovy-3.0.20.jar:3.0.20]
	at org.codehaus.groovy.ast.decompiled.AsmDecompiler.parseClass(AsmDecompiler.java:81) ~[groovy-3.0.20.jar:3.0.20]
	at org.codehaus.groovy.control.ClassNodeResolver.findDecompiled(ClassNodeResolver.java:251) ~[groovy-3.0.20.jar:3.0.20]
	at org.codehaus.groovy.control.ClassNodeResolver.tryAsLoaderClassOrScript(ClassNodeResolver.java:189) ~[groovy-3.0.20.jar:3.0.20]
	at org.codehaus.groovy.control.ClassNodeResolver.findClassNode(ClassNodeResolver.java:169) ~[groovy-3.0.20.jar:3.0.20]
	at org.codehaus.groovy.control.ClassNodeResolver.resolveName(ClassNodeResolver.java:125) ~[groovy-3.0.20.jar:3.0.20]
	at org.codehaus.groovy.control.ResolveVisitor.resolveToOuter(ResolveVisitor.java:875) ~[groovy-3.0.20.jar:3.0.20]
	at org.codehaus.groovy.control.ResolveVisitor.resolve(ResolveVisitor.java:506) ~[groovy-3.0.20.jar:3.0.20]
	at org.codehaus.groovy.control.ResolveVisitor.resolve(ResolveVisitor.java:467) ~[groovy-3.0.20.jar:3.0.20]
	at org.codehaus.groovy.control.ResolveVisitor.transformPropertyExpression(ResolveVisitor.java:1028) ~[groovy-3.0.20.jar:3.0.20]
	at org.codehaus.groovy.control.ResolveVisitor.transform(ResolveVisitor.java:896) ~[groovy-3.0.20.jar:3.0.20]
	at org.codehaus.groovy.control.ResolveVisitor.transformMethodCallExpression(ResolveVisitor.java:1270) ~[groovy-3.0.20.jar:3.0.20]
	at org.codehaus.groovy.control.ResolveVisitor.transform(ResolveVisitor.java:902) ~[groovy-3.0.20.jar:3.0.20]
	at org.codehaus.groovy.control.ResolveVisitor.transformMethodCallExpression(ResolveVisitor.java:1270) ~[groovy-3.0.20.jar:3.0.20]
	at org.codehaus.groovy.control.ResolveVisitor.transform(ResolveVisitor.java:902) ~[groovy-3.0.20.jar:3.0.20]
	at org.codehaus.groovy.control.ResolveVisitor.transformMethodCallExpression(ResolveVisitor.java:1270) ~[groovy-3.0.20.jar:3.0.20]
	at org.codehaus.groovy.control.ResolveVisitor.transform(ResolveVisitor.java:902) ~[groovy-3.0.20.jar:3.0.20]
	at org.codehaus.groovy.control.ResolveVisitor.transformDeclarationExpression(ResolveVisitor.java:1294) ~[groovy-3.0.20.jar:3.0.20]
	at org.codehaus.groovy.control.ResolveVisitor.transform(ResolveVisitor.java:898) ~[groovy-3.0.20.jar:3.0.20]
	at org.codehaus.groovy.ast.ClassCodeExpressionTransformer.visitExpressionStatement(ClassCodeExpressionTransformer.java:108) ~[groovy-3.0.20.jar:3.0.20]
	at org.codehaus.groovy.ast.stmt.ExpressionStatement.visit(ExpressionStatement.java:40) ~[groovy-3.0.20.jar:3.0.20]
	at org.codehaus.groovy.ast.CodeVisitorSupport.visitBlockStatement(CodeVisitorSupport.java:86) ~[groovy-3.0.20.jar:3.0.20]
	at org.codehaus.groovy.ast.ClassCodeVisitorSupport.visitBlockStatement(ClassCodeVisitorSupport.java:164) ~[groovy-3.0.20.jar:3.0.20]
	at org.codehaus.groovy.control.ResolveVisitor.visitBlockStatement(ResolveVisitor.java:1562) ~[groovy-3.0.20.jar:3.0.20]
	at org.codehaus.groovy.ast.stmt.BlockStatement.visit(BlockStatement.java:69) ~[groovy-3.0.20.jar:3.0.20]
	at org.codehaus.groovy.ast.ClassCodeVisitorSupport.visitClassCodeContainer(ClassCodeVisitorSupport.java:138) ~[groovy-3.0.20.jar:3.0.20]
	at org.codehaus.groovy.ast.ClassCodeVisitorSupport.visitConstructorOrMethod(ClassCodeVisitorSupport.java:111) ~[groovy-3.0.20.jar:3.0.20]
	at org.codehaus.groovy.ast.ClassCodeExpressionTransformer.visitConstructorOrMethod(ClassCodeExpressionTransformer.java:66) ~[groovy-3.0.20.jar:3.0.20]
	at org.codehaus.groovy.control.ResolveVisitor.visitConstructorOrMethod(ResolveVisitor.java:293) ~[groovy-3.0.20.jar:3.0.20]
	at org.codehaus.groovy.ast.ClassCodeVisitorSupport.visitMethod(ClassCodeVisitorSupport.java:106) ~[groovy-3.0.20.jar:3.0.20]
	at org.codehaus.groovy.ast.ClassNode.visitMethods(ClassNode.java:1095) ~[groovy-3.0.20.jar:3.0.20]
	at org.codehaus.groovy.ast.ClassNode.visitContents(ClassNode.java:1088) ~[groovy-3.0.20.jar:3.0.20]
	at org.codehaus.groovy.ast.ClassCodeVisitorSupport.visitClass(ClassCodeVisitorSupport.java:52) ~[groovy-3.0.20.jar:3.0.20]
	at org.codehaus.groovy.control.ResolveVisitor.visitClass(ResolveVisitor.java:1479) ~[groovy-3.0.20.jar:3.0.20]
	at org.codehaus.groovy.control.ResolveVisitor.startResolving(ResolveVisitor.java:262) ~[groovy-3.0.20.jar:3.0.20]
	at org.codehaus.groovy.control.CompilationUnit.lambda$new$16(CompilationUnit.java:739) ~[groovy-3.0.20.jar:3.0.20]
	at org.codehaus.groovy.control.CompilationUnit$ISourceUnitOperation.doPhaseOperation(CompilationUnit.java:902) ~[groovy-3.0.20.jar:3.0.20]
	... 25 more
2025-10-23 23:12:28,991 INFO o.a.j.t.JMeterThread: Thread started: Users 1-6
2025-10-23 23:12:28,995 INFO o.a.j.t.JMeterThread: Thread finished: Users 1-6
2025-10-23 23:12:28,995 ERROR o.a.j.JMeter: Uncaught exception in thread Thread[#65,Users 1-6,5,main]
org.codehaus.groovy.GroovyBugError: BUG! exception in phase 'semantic analysis' in source unit 'Script6.groovy' Unsupported class file major version 69
	at org.codehaus.groovy.control.CompilationUnit$ISourceUnitOperation.doPhaseOperation(CompilationUnit.java:906) ~[groovy-3.0.20.jar:3.0.20]
	at org.codehaus.groovy.control.CompilationUnit.compile(CompilationUnit.java:628) ~[groovy-3.0.20.jar:3.0.20]
	at groovy.lang.GroovyClassLoader.doParseClass(GroovyClassLoader.java:389) ~[groovy-3.0.20.jar:3.0.20]
	at groovy.lang.GroovyClassLoader.lambda$parseClass$3(GroovyClassLoader.java:332) ~[groovy-3.0.20.jar:3.0.20]
	at org.codehaus.groovy.runtime.memoize.StampedCommonCache.compute(StampedCommonCache.java:163) ~[groovy-3.0.20.jar:3.0.20]
	at org.codehaus.groovy.runtime.memoize.StampedCommonCache.getAndPut(StampedCommonCache.java:154) ~[groovy-3.0.20.jar:3.0.20]
	at groovy.lang.GroovyClassLoader.parseClass(GroovyClassLoader.java:330) ~[groovy-3.0.20.jar:3.0.20]
	at groovy.lang.GroovyClassLoader.parseClass(GroovyClassLoader.java:314) ~[groovy-3.0.20.jar:3.0.20]
	at groovy.lang.GroovyClassLoader.parseClass(GroovyClassLoader.java:257) ~[groovy-3.0.20.jar:3.0.20]
	at org.codehaus.groovy.jsr223.GroovyScriptEngineImpl.getScriptClass(GroovyScriptEngineImpl.java:336) ~[groovy-jsr223-3.0.20.jar:3.0.20]
	at org.codehaus.groovy.jsr223.GroovyScriptEngineImpl.compile(GroovyScriptEngineImpl.java:181) ~[groovy-jsr223-3.0.20.jar:3.0.20]
	at org.apache.jmeter.util.JSR223TestElement.lambda$processFileOrScript$1(JSR223TestElement.java:225) ~[ApacheJMeter_core.jar:5.6.3]
	at com.github.benmanes.caffeine.cache.BoundedLocalCache.lambda$doComputeIfAbsent$14(BoundedLocalCache.java:2406) ~[caffeine-2.9.3.jar:?]
	at java.base/java.util.concurrent.ConcurrentHashMap.compute(ConcurrentHashMap.java:1932) ~[?:?]
	at com.github.benmanes.caffeine.cache.BoundedLocalCache.doComputeIfAbsent(BoundedLocalCache.java:2404) ~[caffeine-2.9.3.jar:?]
	at com.github.benmanes.caffeine.cache.BoundedLocalCache.computeIfAbsent(BoundedLocalCache.java:2387) ~[caffeine-2.9.3.jar:?]
	at com.github.benmanes.caffeine.cache.LocalCache.computeIfAbsent(LocalCache.java:108) ~[caffeine-2.9.3.jar:?]
	at com.github.benmanes.caffeine.cache.LocalManualCache.get(LocalManualCache.java:62) ~[caffeine-2.9.3.jar:?]
	at org.apache.jmeter.util.JSR223TestElement.getCompiledScript(JSR223TestElement.java:252) ~[ApacheJMeter_core.jar:5.6.3]
	at org.apache.jmeter.util.JSR223TestElement.processFileOrScript(JSR223TestElement.java:223) ~[ApacheJMeter_core.jar:5.6.3]
	at org.apache.jmeter.modifiers.JSR223PreProcessor.process(JSR223PreProcessor.java:45) ~[ApacheJMeter_components.jar:5.6.3]
	at org.apache.jmeter.threads.JMeterThread.runPreProcessors(JMeterThread.java:983) ~[ApacheJMeter_core.jar:5.6.3]
	at org.apache.jmeter.threads.JMeterThread.executeSamplePackage(JMeterThread.java:561) ~[ApacheJMeter_core.jar:5.6.3]
	at org.apache.jmeter.threads.JMeterThread.processSampler(JMeterThread.java:501) ~[ApacheJMeter_core.jar:5.6.3]
	at org.apache.jmeter.threads.JMeterThread.run(JMeterThread.java:268) ~[ApacheJMeter_core.jar:5.6.3]
	at java.base/java.lang.Thread.run(Thread.java:1474) [?:?]
Caused by: java.lang.IllegalArgumentException: Unsupported class file major version 69
	at groovyjarjarasm.asm.ClassReader.<init>(ClassReader.java:199) ~[groovy-3.0.20.jar:3.0.20]
	at groovyjarjarasm.asm.ClassReader.<init>(ClassReader.java:180) ~[groovy-3.0.20.jar:3.0.20]
	at groovyjarjarasm.asm.ClassReader.<init>(ClassReader.java:166) ~[groovy-3.0.20.jar:3.0.20]
	at groovyjarjarasm.asm.ClassReader.<init>(ClassReader.java:287) ~[groovy-3.0.20.jar:3.0.20]
	at org.codehaus.groovy.ast.decompiled.AsmDecompiler.parseClass(AsmDecompiler.java:81) ~[groovy-3.0.20.jar:3.0.20]
	at org.codehaus.groovy.control.ClassNodeResolver.findDecompiled(ClassNodeResolver.java:251) ~[groovy-3.0.20.jar:3.0.20]
	at org.codehaus.groovy.control.ClassNodeResolver.tryAsLoaderClassOrScript(ClassNodeResolver.java:189) ~[groovy-3.0.20.jar:3.0.20]
	at org.codehaus.groovy.control.ClassNodeResolver.findClassNode(ClassNodeResolver.java:169) ~[groovy-3.0.20.jar:3.0.20]
	at org.codehaus.groovy.control.ClassNodeResolver.resolveName(ClassNodeResolver.java:125) ~[groovy-3.0.20.jar:3.0.20]
	at org.codehaus.groovy.control.ResolveVisitor.resolveToOuter(ResolveVisitor.java:875) ~[groovy-3.0.20.jar:3.0.20]
	at org.codehaus.groovy.control.ResolveVisitor.resolve(ResolveVisitor.java:506) ~[groovy-3.0.20.jar:3.0.20]
	at org.codehaus.groovy.control.ResolveVisitor.resolve(ResolveVisitor.java:467) ~[groovy-3.0.20.jar:3.0.20]
	at org.codehaus.groovy.control.ResolveVisitor.transformPropertyExpression(ResolveVisitor.java:1028) ~[groovy-3.0.20.jar:3.0.20]
	at org.codehaus.groovy.control.ResolveVisitor.transform(ResolveVisitor.java:896) ~[groovy-3.0.20.jar:3.0.20]
	at org.codehaus.groovy.control.ResolveVisitor.transformMethodCallExpression(ResolveVisitor.java:1270) ~[groovy-3.0.20.jar:3.0.20]
	at org.codehaus.groovy.control.ResolveVisitor.transform(ResolveVisitor.java:902) ~[groovy-3.0.20.jar:3.0.20]
	at org.codehaus.groovy.control.ResolveVisitor.transformMethodCallExpression(ResolveVisitor.java:1270) ~[groovy-3.0.20.jar:3.0.20]
	at org.codehaus.groovy.control.ResolveVisitor.transform(ResolveVisitor.java:902) ~[groovy-3.0.20.jar:3.0.20]
	at org.codehaus.groovy.control.ResolveVisitor.transformMethodCallExpression(ResolveVisitor.java:1270) ~[groovy-3.0.20.jar:3.0.20]
	at org.codehaus.groovy.control.ResolveVisitor.transform(ResolveVisitor.java:902) ~[groovy-3.0.20.jar:3.0.20]
	at org.codehaus.groovy.control.ResolveVisitor.transformDeclarationExpression(ResolveVisitor.java:1294) ~[groovy-3.0.20.jar:3.0.20]
	at org.codehaus.groovy.control.ResolveVisitor.transform(ResolveVisitor.java:898) ~[groovy-3.0.20.jar:3.0.20]
	at org.codehaus.groovy.ast.ClassCodeExpressionTransformer.visitExpressionStatement(ClassCodeExpressionTransformer.java:108) ~[groovy-3.0.20.jar:3.0.20]
	at org.codehaus.groovy.ast.stmt.ExpressionStatement.visit(ExpressionStatement.java:40) ~[groovy-3.0.20.jar:3.0.20]
	at org.codehaus.groovy.ast.CodeVisitorSupport.visitBlockStatement(CodeVisitorSupport.java:86) ~[groovy-3.0.20.jar:3.0.20]
	at org.codehaus.groovy.ast.ClassCodeVisitorSupport.visitBlockStatement(ClassCodeVisitorSupport.java:164) ~[groovy-3.0.20.jar:3.0.20]
	at org.codehaus.groovy.control.ResolveVisitor.visitBlockStatement(ResolveVisitor.java:1562) ~[groovy-3.0.20.jar:3.0.20]
	at org.codehaus.groovy.ast.stmt.BlockStatement.visit(BlockStatement.java:69) ~[groovy-3.0.20.jar:3.0.20]
	at org.codehaus.groovy.ast.ClassCodeVisitorSupport.visitClassCodeContainer(ClassCodeVisitorSupport.java:138) ~[groovy-3.0.20.jar:3.0.20]
	at org.codehaus.groovy.ast.ClassCodeVisitorSupport.visitConstructorOrMethod(ClassCodeVisitorSupport.java:111) ~[groovy-3.0.20.jar:3.0.20]
	at org.codehaus.groovy.ast.ClassCodeExpressionTransformer.visitConstructorOrMethod(ClassCodeExpressionTransformer.java:66) ~[groovy-3.0.20.jar:3.0.20]
	at org.codehaus.groovy.control.ResolveVisitor.visitConstructorOrMethod(ResolveVisitor.java:293) ~[groovy-3.0.20.jar:3.0.20]
	at org.codehaus.groovy.ast.ClassCodeVisitorSupport.visitMethod(ClassCodeVisitorSupport.java:106) ~[groovy-3.0.20.jar:3.0.20]
	at org.codehaus.groovy.ast.ClassNode.visitMethods(ClassNode.java:1095) ~[groovy-3.0.20.jar:3.0.20]
	at org.codehaus.groovy.ast.ClassNode.visitContents(ClassNode.java:1088) ~[groovy-3.0.20.jar:3.0.20]
	at org.codehaus.groovy.ast.ClassCodeVisitorSupport.visitClass(ClassCodeVisitorSupport.java:52) ~[groovy-3.0.20.jar:3.0.20]
	at org.codehaus.groovy.control.ResolveVisitor.visitClass(ResolveVisitor.java:1479) ~[groovy-3.0.20.jar:3.0.20]
	at org.codehaus.groovy.control.ResolveVisitor.startResolving(ResolveVisitor.java:262) ~[groovy-3.0.20.jar:3.0.20]
	at org.codehaus.groovy.control.CompilationUnit.lambda$new$16(CompilationUnit.java:739) ~[groovy-3.0.20.jar:3.0.20]
	at org.codehaus.groovy.control.CompilationUnit$ISourceUnitOperation.doPhaseOperation(CompilationUnit.java:902) ~[groovy-3.0.20.jar:3.0.20]
	... 25 more
2025-10-23 23:12:29,392 INFO o.a.j.t.JMeterThread: Thread started: Users 1-7
2025-10-23 23:12:29,396 INFO o.a.j.t.JMeterThread: Thread finished: Users 1-7
2025-10-23 23:12:29,396 ERROR o.a.j.JMeter: Uncaught exception in thread Thread[#66,Users 1-7,5,main]
org.codehaus.groovy.GroovyBugError: BUG! exception in phase 'semantic analysis' in source unit 'Script7.groovy' Unsupported class file major version 69
	at org.codehaus.groovy.control.CompilationUnit$ISourceUnitOperation.doPhaseOperation(CompilationUnit.java:906) ~[groovy-3.0.20.jar:3.0.20]
	at org.codehaus.groovy.control.CompilationUnit.compile(CompilationUnit.java:628) ~[groovy-3.0.20.jar:3.0.20]
	at groovy.lang.GroovyClassLoader.doParseClass(GroovyClassLoader.java:389) ~[groovy-3.0.20.jar:3.0.20]
	at groovy.lang.GroovyClassLoader.lambda$parseClass$3(GroovyClassLoader.java:332) ~[groovy-3.0.20.jar:3.0.20]
	at org.codehaus.groovy.runtime.memoize.StampedCommonCache.compute(StampedCommonCache.java:163) ~[groovy-3.0.20.jar:3.0.20]
	at org.codehaus.groovy.runtime.memoize.StampedCommonCache.getAndPut(StampedCommonCache.java:154) ~[groovy-3.0.20.jar:3.0.20]
	at groovy.lang.GroovyClassLoader.parseClass(GroovyClassLoader.java:330) ~[groovy-3.0.20.jar:3.0.20]
	at groovy.lang.GroovyClassLoader.parseClass(GroovyClassLoader.java:314) ~[groovy-3.0.20.jar:3.0.20]
	at groovy.lang.GroovyClassLoader.parseClass(GroovyClassLoader.java:257) ~[groovy-3.0.20.jar:3.0.20]
	at org.codehaus.groovy.jsr223.GroovyScriptEngineImpl.getScriptClass(GroovyScriptEngineImpl.java:336) ~[groovy-jsr223-3.0.20.jar:3.0.20]
	at org.codehaus.groovy.jsr223.GroovyScriptEngineImpl.compile(GroovyScriptEngineImpl.java:181) ~[groovy-jsr223-3.0.20.jar:3.0.20]
	at org.apache.jmeter.util.JSR223TestElement.lambda$processFileOrScript$1(JSR223TestElement.java:225) ~[ApacheJMeter_core.jar:5.6.3]
	at com.github.benmanes.caffeine.cache.BoundedLocalCache.lambda$doComputeIfAbsent$14(BoundedLocalCache.java:2406) ~[caffeine-2.9.3.jar:?]
	at java.base/java.util.concurrent.ConcurrentHashMap.compute(ConcurrentHashMap.java:1932) ~[?:?]
	at com.github.benmanes.caffeine.cache.BoundedLocalCache.doComputeIfAbsent(BoundedLocalCache.java:2404) ~[caffeine-2.9.3.jar:?]
	at com.github.benmanes.caffeine.cache.BoundedLocalCache.computeIfAbsent(BoundedLocalCache.java:2387) ~[caffeine-2.9.3.jar:?]
	at com.github.benmanes.caffeine.cache.LocalCache.computeIfAbsent(LocalCache.java:108) ~[caffeine-2.9.3.jar:?]
	at com.github.benmanes.caffeine.cache.LocalManualCache.get(LocalManualCache.java:62) ~[caffeine-2.9.3.jar:?]
	at org.apache.jmeter.util.JSR223TestElement.getCompiledScript(JSR223TestElement.java:252) ~[ApacheJMeter_core.jar:5.6.3]
	at org.apache.jmeter.util.JSR223TestElement.processFileOrScript(JSR223TestElement.java:223) ~[ApacheJMeter_core.jar:5.6.3]
	at org.apache.jmeter.modifiers.JSR223PreProcessor.process(JSR223PreProcessor.java:45) ~[ApacheJMeter_components.jar:5.6.3]
	at org.apache.jmeter.threads.JMeterThread.runPreProcessors(JMeterThread.java:983) ~[ApacheJMeter_core.jar:5.6.3]
	at org.apache.jmeter.threads.JMeterThread.executeSamplePackage(JMeterThread.java:561) ~[ApacheJMeter_core.jar:5.6.3]
	at org.apache.jmeter.threads.JMeterThread.processSampler(JMeterThread.java:501) ~[ApacheJMeter_core.jar:5.6.3]
	at org.apache.jmeter.threads.JMeterThread.run(JMeterThread.java:268) ~[ApacheJMeter_core.jar:5.6.3]
	at java.base/java.lang.Thread.run(Thread.java:1474) [?:?]
Caused by: java.lang.IllegalArgumentException: Unsupported class file major version 69
	at groovyjarjarasm.asm.ClassReader.<init>(ClassReader.java:199) ~[groovy-3.0.20.jar:3.0.20]
	at groovyjarjarasm.asm.ClassReader.<init>(ClassReader.java:180) ~[groovy-3.0.20.jar:3.0.20]
	at groovyjarjarasm.asm.ClassReader.<init>(ClassReader.java:166) ~[groovy-3.0.20.jar:3.0.20]
	at groovyjarjarasm.asm.ClassReader.<init>(ClassReader.java:287) ~[groovy-3.0.20.jar:3.0.20]
	at org.codehaus.groovy.ast.decompiled.AsmDecompiler.parseClass(AsmDecompiler.java:81) ~[groovy-3.0.20.jar:3.0.20]
	at org.codehaus.groovy.control.ClassNodeResolver.findDecompiled(ClassNodeResolver.java:251) ~[groovy-3.0.20.jar:3.0.20]
	at org.codehaus.groovy.control.ClassNodeResolver.tryAsLoaderClassOrScript(ClassNodeResolver.java:189) ~[groovy-3.0.20.jar:3.0.20]
	at org.codehaus.groovy.control.ClassNodeResolver.findClassNode(ClassNodeResolver.java:169) ~[groovy-3.0.20.jar:3.0.20]
	at org.codehaus.groovy.control.ClassNodeResolver.resolveName(ClassNodeResolver.java:125) ~[groovy-3.0.20.jar:3.0.20]
	at org.codehaus.groovy.control.ResolveVisitor.resolveToOuter(ResolveVisitor.java:875) ~[groovy-3.0.20.jar:3.0.20]
	at org.codehaus.groovy.control.ResolveVisitor.resolve(ResolveVisitor.java:506) ~[groovy-3.0.20.jar:3.0.20]
	at org.codehaus.groovy.control.ResolveVisitor.resolve(ResolveVisitor.java:467) ~[groovy-3.0.20.jar:3.0.20]
	at org.codehaus.groovy.control.ResolveVisitor.transformPropertyExpression(ResolveVisitor.java:1028) ~[groovy-3.0.20.jar:3.0.20]
	at org.codehaus.groovy.control.ResolveVisitor.transform(ResolveVisitor.java:896) ~[groovy-3.0.20.jar:3.0.20]
	at org.codehaus.groovy.control.ResolveVisitor.transformMethodCallExpression(ResolveVisitor.java:1270) ~[groovy-3.0.20.jar:3.0.20]
	at org.codehaus.groovy.control.ResolveVisitor.transform(ResolveVisitor.java:902) ~[groovy-3.0.20.jar:3.0.20]
	at org.codehaus.groovy.control.ResolveVisitor.transformMethodCallExpression(ResolveVisitor.java:1270) ~[groovy-3.0.20.jar:3.0.20]
	at org.codehaus.groovy.control.ResolveVisitor.transform(ResolveVisitor.java:902) ~[groovy-3.0.20.jar:3.0.20]
	at org.codehaus.groovy.control.ResolveVisitor.transformMethodCallExpression(ResolveVisitor.java:1270) ~[groovy-3.0.20.jar:3.0.20]
	at org.codehaus.groovy.control.ResolveVisitor.transform(ResolveVisitor.java:902) ~[groovy-3.0.20.jar:3.0.20]
	at org.codehaus.groovy.control.ResolveVisitor.transformDeclarationExpression(ResolveVisitor.java:1294) ~[groovy-3.0.20.jar:3.0.20]
	at org.codehaus.groovy.control.ResolveVisitor.transform(ResolveVisitor.java:898) ~[groovy-3.0.20.jar:3.0.20]
	at org.codehaus.groovy.ast.ClassCodeExpressionTransformer.visitExpressionStatement(ClassCodeExpressionTransformer.java:108) ~[groovy-3.0.20.jar:3.0.20]
	at org.codehaus.groovy.ast.stmt.ExpressionStatement.visit(ExpressionStatement.java:40) ~[groovy-3.0.20.jar:3.0.20]
	at org.codehaus.groovy.ast.CodeVisitorSupport.visitBlockStatement(CodeVisitorSupport.java:86) ~[groovy-3.0.20.jar:3.0.20]
	at org.codehaus.groovy.ast.ClassCodeVisitorSupport.visitBlockStatement(ClassCodeVisitorSupport.java:164) ~[groovy-3.0.20.jar:3.0.20]
	at org.codehaus.groovy.control.ResolveVisitor.visitBlockStatement(ResolveVisitor.java:1562) ~[groovy-3.0.20.jar:3.0.20]
	at org.codehaus.groovy.ast.stmt.BlockStatement.visit(BlockStatement.java:69) ~[groovy-3.0.20.jar:3.0.20]
	at org.codehaus.groovy.ast.ClassCodeVisitorSupport.visitClassCodeContainer(ClassCodeVisitorSupport.java:138) ~[groovy-3.0.20.jar:3.0.20]
	at org.codehaus.groovy.ast.ClassCodeVisitorSupport.visitConstructorOrMethod(ClassCodeVisitorSupport.java:111) ~[groovy-3.0.20.jar:3.0.20]
	at org.codehaus.groovy.ast.ClassCodeExpressionTransformer.visitConstructorOrMethod(ClassCodeExpressionTransformer.java:66) ~[groovy-3.0.20.jar:3.0.20]
	at org.codehaus.groovy.control.ResolveVisitor.visitConstructorOrMethod(ResolveVisitor.java:293) ~[groovy-3.0.20.jar:3.0.20]
	at org.codehaus.groovy.ast.ClassCodeVisitorSupport.visitMethod(ClassCodeVisitorSupport.java:106) ~[groovy-3.0.20.jar:3.0.20]
	at org.codehaus.groovy.ast.ClassNode.visitMethods(ClassNode.java:1095) ~[groovy-3.0.20.jar:3.0.20]
	at org.codehaus.groovy.ast.ClassNode.visitContents(ClassNode.java:1088) ~[groovy-3.0.20.jar:3.0.20]
	at org.codehaus.groovy.ast.ClassCodeVisitorSupport.visitClass(ClassCodeVisitorSupport.java:52) ~[groovy-3.0.20.jar:3.0.20]
	at org.codehaus.groovy.control.ResolveVisitor.visitClass(ResolveVisitor.java:1479) ~[groovy-3.0.20.jar:3.0.20]
	at org.codehaus.groovy.control.ResolveVisitor.startResolving(ResolveVisitor.java:262) ~[groovy-3.0.20.jar:3.0.20]
	at org.codehaus.groovy.control.CompilationUnit.lambda$new$16(CompilationUnit.java:739) ~[groovy-3.0.20.jar:3.0.20]
	at org.codehaus.groovy.control.CompilationUnit$ISourceUnitOperation.doPhaseOperation(CompilationUnit.java:902) ~[groovy-3.0.20.jar:3.0.20]
	... 25 more
2025-10-23 23:12:29,793 INFO o.a.j.t.JMeterThread: Thread started: Users 1-8
2025-10-23 23:12:29,797 INFO o.a.j.t.JMeterThread: Thread finished: Users 1-8
2025-10-23 23:12:29,797 ERROR o.a.j.JMeter: Uncaught exception in thread Thread[#67,Users 1-8,5,main]
org.codehaus.groovy.GroovyBugError: BUG! exception in phase 'semantic analysis' in source unit 'Script8.groovy' Unsupported class file major version 69
	at org.codehaus.groovy.control.CompilationUnit$ISourceUnitOperation.doPhaseOperation(CompilationUnit.java:906) ~[groovy-3.0.20.jar:3.0.20]
	at org.codehaus.groovy.control.CompilationUnit.compile(CompilationUnit.java:628) ~[groovy-3.0.20.jar:3.0.20]
	at groovy.lang.GroovyClassLoader.doParseClass(GroovyClassLoader.java:389) ~[groovy-3.0.20.jar:3.0.20]
	at groovy.lang.GroovyClassLoader.lambda$parseClass$3(GroovyClassLoader.java:332) ~[groovy-3.0.20.jar:3.0.20]
	at org.codehaus.groovy.runtime.memoize.StampedCommonCache.compute(StampedCommonCache.java:163) ~[groovy-3.0.20.jar:3.0.20]
	at org.codehaus.groovy.runtime.memoize.StampedCommonCache.getAndPut(StampedCommonCache.java:154) ~[groovy-3.0.20.jar:3.0.20]
	at groovy.lang.GroovyClassLoader.parseClass(GroovyClassLoader.java:330) ~[groovy-3.0.20.jar:3.0.20]
	at groovy.lang.GroovyClassLoader.parseClass(GroovyClassLoader.java:314) ~[groovy-3.0.20.jar:3.0.20]
	at groovy.lang.GroovyClassLoader.parseClass(GroovyClassLoader.java:257) ~[groovy-3.0.20.jar:3.0.20]
	at org.codehaus.groovy.jsr223.GroovyScriptEngineImpl.getScriptClass(GroovyScriptEngineImpl.java:336) ~[groovy-jsr223-3.0.20.jar:3.0.20]
	at org.codehaus.groovy.jsr223.GroovyScriptEngineImpl.compile(GroovyScriptEngineImpl.java:181) ~[groovy-jsr223-3.0.20.jar:3.0.20]
	at org.apache.jmeter.util.JSR223TestElement.lambda$processFileOrScript$1(JSR223TestElement.java:225) ~[ApacheJMeter_core.jar:5.6.3]
	at com.github.benmanes.caffeine.cache.BoundedLocalCache.lambda$doComputeIfAbsent$14(BoundedLocalCache.java:2406) ~[caffeine-2.9.3.jar:?]
	at java.base/java.util.concurrent.ConcurrentHashMap.compute(ConcurrentHashMap.java:1932) ~[?:?]
	at com.github.benmanes.caffeine.cache.BoundedLocalCache.doComputeIfAbsent(BoundedLocalCache.java:2404) ~[caffeine-2.9.3.jar:?]
	at com.github.benmanes.caffeine.cache.BoundedLocalCache.computeIfAbsent(BoundedLocalCache.java:2387) ~[caffeine-2.9.3.jar:?]
	at com.github.benmanes.caffeine.cache.LocalCache.computeIfAbsent(LocalCache.java:108) ~[caffeine-2.9.3.jar:?]
	at com.github.benmanes.caffeine.cache.LocalManualCache.get(LocalManualCache.java:62) ~[caffeine-2.9.3.jar:?]
	at org.apache.jmeter.util.JSR223TestElement.getCompiledScript(JSR223TestElement.java:252) ~[ApacheJMeter_core.jar:5.6.3]
	at org.apache.jmeter.util.JSR223TestElement.processFileOrScript(JSR223TestElement.java:223) ~[ApacheJMeter_core.jar:5.6.3]
	at org.apache.jmeter.modifiers.JSR223PreProcessor.process(JSR223PreProcessor.java:45) ~[ApacheJMeter_components.jar:5.6.3]
	at org.apache.jmeter.threads.JMeterThread.runPreProcessors(JMeterThread.java:983) ~[ApacheJMeter_core.jar:5.6.3]
	at org.apache.jmeter.threads.JMeterThread.executeSamplePackage(JMeterThread.java:561) ~[ApacheJMeter_core.jar:5.6.3]
	at org.apache.jmeter.threads.JMeterThread.processSampler(JMeterThread.java:501) ~[ApacheJMeter_core.jar:5.6.3]
	at org.apache.jmeter.threads.JMeterThread.run(JMeterThread.java:268) ~[ApacheJMeter_core.jar:5.6.3]
	at java.base/java.lang.Thread.run(Thread.java:1474) [?:?]
Caused by: java.lang.IllegalArgumentException: Unsupported class file major version 69
	at groovyjarjarasm.asm.ClassReader.<init>(ClassReader.java:199) ~[groovy-3.0.20.jar:3.0.20]
	at groovyjarjarasm.asm.ClassReader.<init>(ClassReader.java:180) ~[groovy-3.0.20.jar:3.0.20]
	at groovyjarjarasm.asm.ClassReader.<init>(ClassReader.java:166) ~[groovy-3.0.20.jar:3.0.20]
	at groovyjarjarasm.asm.ClassReader.<init>(ClassReader.java:287) ~[groovy-3.0.20.jar:3.0.20]
	at org.codehaus.groovy.ast.decompiled.AsmDecompiler.parseClass(AsmDecompiler.java:81) ~[groovy-3.0.20.jar:3.0.20]
	at org.codehaus.groovy.control.ClassNodeResolver.findDecompiled(ClassNodeResolver.java:251) ~[groovy-3.0.20.jar:3.0.20]
	at org.codehaus.groovy.control.ClassNodeResolver.tryAsLoaderClassOrScript(ClassNodeResolver.java:189) ~[groovy-3.0.20.jar:3.0.20]
	at org.codehaus.groovy.control.ClassNodeResolver.findClassNode(ClassNodeResolver.java:169) ~[groovy-3.0.20.jar:3.0.20]
	at org.codehaus.groovy.control.ClassNodeResolver.resolveName(ClassNodeResolver.java:125) ~[groovy-3.0.20.jar:3.0.20]
	at org.codehaus.groovy.control.ResolveVisitor.resolveToOuter(ResolveVisitor.java:875) ~[groovy-3.0.20.jar:3.0.20]
	at org.codehaus.groovy.control.ResolveVisitor.resolve(ResolveVisitor.java:506) ~[groovy-3.0.20.jar:3.0.20]
	at org.codehaus.groovy.control.ResolveVisitor.resolve(ResolveVisitor.java:467) ~[groovy-3.0.20.jar:3.0.20]
	at org.codehaus.groovy.control.ResolveVisitor.transformPropertyExpression(ResolveVisitor.java:1028) ~[groovy-3.0.20.jar:3.0.20]
	at org.codehaus.groovy.control.ResolveVisitor.transform(ResolveVisitor.java:896) ~[groovy-3.0.20.jar:3.0.20]
	at org.codehaus.groovy.control.ResolveVisitor.transformMethodCallExpression(ResolveVisitor.java:1270) ~[groovy-3.0.20.jar:3.0.20]
	at org.codehaus.groovy.control.ResolveVisitor.transform(ResolveVisitor.java:902) ~[groovy-3.0.20.jar:3.0.20]
	at org.codehaus.groovy.control.ResolveVisitor.transformMethodCallExpression(ResolveVisitor.java:1270) ~[groovy-3.0.20.jar:3.0.20]
	at org.codehaus.groovy.control.ResolveVisitor.transform(ResolveVisitor.java:902) ~[groovy-3.0.20.jar:3.0.20]
	at org.codehaus.groovy.control.ResolveVisitor.transformMethodCallExpression(ResolveVisitor.java:1270) ~[groovy-3.0.20.jar:3.0.20]
	at org.codehaus.groovy.control.ResolveVisitor.transform(ResolveVisitor.java:902) ~[groovy-3.0.20.jar:3.0.20]
	at org.codehaus.groovy.control.ResolveVisitor.transformDeclarationExpression(ResolveVisitor.java:1294) ~[groovy-3.0.20.jar:3.0.20]
	at org.codehaus.groovy.control.ResolveVisitor.transform(ResolveVisitor.java:898) ~[groovy-3.0.20.jar:3.0.20]
	at org.codehaus.groovy.ast.ClassCodeExpressionTransformer.visitExpressionStatement(ClassCodeExpressionTransformer.java:108) ~[groovy-3.0.20.jar:3.0.20]
	at org.codehaus.groovy.ast.stmt.ExpressionStatement.visit(ExpressionStatement.java:40) ~[groovy-3.0.20.jar:3.0.20]
	at org.codehaus.groovy.ast.CodeVisitorSupport.visitBlockStatement(CodeVisitorSupport.java:86) ~[groovy-3.0.20.jar:3.0.20]
	at org.codehaus.groovy.ast.ClassCodeVisitorSupport.visitBlockStatement(ClassCodeVisitorSupport.java:164) ~[groovy-3.0.20.jar:3.0.20]
	at org.codehaus.groovy.control.ResolveVisitor.visitBlockStatement(ResolveVisitor.java:1562) ~[groovy-3.0.20.jar:3.0.20]
	at org.codehaus.groovy.ast.stmt.BlockStatement.visit(BlockStatement.java:69) ~[groovy-3.0.20.jar:3.0.20]
	at org.codehaus.groovy.ast.ClassCodeVisitorSupport.visitClassCodeContainer(ClassCodeVisitorSupport.java:138) ~[groovy-3.0.20.jar:3.0.20]
	at org.codehaus.groovy.ast.ClassCodeVisitorSupport.visitConstructorOrMethod(ClassCodeVisitorSupport.java:111) ~[groovy-3.0.20.jar:3.0.20]
	at org.codehaus.groovy.ast.ClassCodeExpressionTransformer.visitConstructorOrMethod(ClassCodeExpressionTransformer.java:66) ~[groovy-3.0.20.jar:3.0.20]
	at org.codehaus.groovy.control.ResolveVisitor.visitConstructorOrMethod(ResolveVisitor.java:293) ~[groovy-3.0.20.jar:3.0.20]
	at org.codehaus.groovy.ast.ClassCodeVisitorSupport.visitMethod(ClassCodeVisitorSupport.java:106) ~[groovy-3.0.20.jar:3.0.20]
	at org.codehaus.groovy.ast.ClassNode.visitMethods(ClassNode.java:1095) ~[groovy-3.0.20.jar:3.0.20]
	at org.codehaus.groovy.ast.ClassNode.visitContents(ClassNode.java:1088) ~[groovy-3.0.20.jar:3.0.20]
	at org.codehaus.groovy.ast.ClassCodeVisitorSupport.visitClass(ClassCodeVisitorSupport.java:52) ~[groovy-3.0.20.jar:3.0.20]
	at org.codehaus.groovy.control.ResolveVisitor.visitClass(ResolveVisitor.java:1479) ~[groovy-3.0.20.jar:3.0.20]
	at org.codehaus.groovy.control.ResolveVisitor.startResolving(ResolveVisitor.java:262) ~[groovy-3.0.20.jar:3.0.20]
	at org.codehaus.groovy.control.CompilationUnit.lambda$new$16(CompilationUnit.java:739) ~[groovy-3.0.20.jar:3.0.20]
	at org.codehaus.groovy.control.CompilationUnit$ISourceUnitOperation.doPhaseOperation(CompilationUnit.java:902) ~[groovy-3.0.20.jar:3.0.20]
	... 25 more
2025-10-23 23:12:30,193 INFO o.a.j.t.JMeterThread: Thread started: Users 1-9
2025-10-23 23:12:30,197 INFO o.a.j.t.JMeterThread: Thread finished: Users 1-9
2025-10-23 23:12:30,197 ERROR o.a.j.JMeter: Uncaught exception in thread Thread[#68,Users 1-9,5,main]
org.codehaus.groovy.GroovyBugError: BUG! exception in phase 'semantic analysis' in source unit 'Script9.groovy' Unsupported class file major version 69
	at org.codehaus.groovy.control.CompilationUnit$ISourceUnitOperation.doPhaseOperation(CompilationUnit.java:906) ~[groovy-3.0.20.jar:3.0.20]
	at org.codehaus.groovy.control.CompilationUnit.compile(CompilationUnit.java:628) ~[groovy-3.0.20.jar:3.0.20]
	at groovy.lang.GroovyClassLoader.doParseClass(GroovyClassLoader.java:389) ~[groovy-3.0.20.jar:3.0.20]
	at groovy.lang.GroovyClassLoader.lambda$parseClass$3(GroovyClassLoader.java:332) ~[groovy-3.0.20.jar:3.0.20]
	at org.codehaus.groovy.runtime.memoize.StampedCommonCache.compute(StampedCommonCache.java:163) ~[groovy-3.0.20.jar:3.0.20]
	at org.codehaus.groovy.runtime.memoize.StampedCommonCache.getAndPut(StampedCommonCache.java:154) ~[groovy-3.0.20.jar:3.0.20]
	at groovy.lang.GroovyClassLoader.parseClass(GroovyClassLoader.java:330) ~[groovy-3.0.20.jar:3.0.20]
	at groovy.lang.GroovyClassLoader.parseClass(GroovyClassLoader.java:314) ~[groovy-3.0.20.jar:3.0.20]
	at groovy.lang.GroovyClassLoader.parseClass(GroovyClassLoader.java:257) ~[groovy-3.0.20.jar:3.0.20]
	at org.codehaus.groovy.jsr223.GroovyScriptEngineImpl.getScriptClass(GroovyScriptEngineImpl.java:336) ~[groovy-jsr223-3.0.20.jar:3.0.20]
	at org.codehaus.groovy.jsr223.GroovyScriptEngineImpl.compile(GroovyScriptEngineImpl.java:181) ~[groovy-jsr223-3.0.20.jar:3.0.20]
	at org.apache.jmeter.util.JSR223TestElement.lambda$processFileOrScript$1(JSR223TestElement.java:225) ~[ApacheJMeter_core.jar:5.6.3]
	at com.github.benmanes.caffeine.cache.BoundedLocalCache.lambda$doComputeIfAbsent$14(BoundedLocalCache.java:2406) ~[caffeine-2.9.3.jar:?]
	at java.base/java.util.concurrent.ConcurrentHashMap.compute(ConcurrentHashMap.java:1932) ~[?:?]
	at com.github.benmanes.caffeine.cache.BoundedLocalCache.doComputeIfAbsent(BoundedLocalCache.java:2404) ~[caffeine-2.9.3.jar:?]
	at com.github.benmanes.caffeine.cache.BoundedLocalCache.computeIfAbsent(BoundedLocalCache.java:2387) ~[caffeine-2.9.3.jar:?]
	at com.github.benmanes.caffeine.cache.LocalCache.computeIfAbsent(LocalCache.java:108) ~[caffeine-2.9.3.jar:?]
	at com.github.benmanes.caffeine.cache.LocalManualCache.get(LocalManualCache.java:62) ~[caffeine-2.9.3.jar:?]
	at org.apache.jmeter.util.JSR223TestElement.getCompiledScript(JSR223TestElement.java:252) ~[ApacheJMeter_core.jar:5.6.3]
	at org.apache.jmeter.util.JSR223TestElement.processFileOrScript(JSR223TestElement.java:223) ~[ApacheJMeter_core.jar:5.6.3]
	at org.apache.jmeter.modifiers.JSR223PreProcessor.process(JSR223PreProcessor.java:45) ~[ApacheJMeter_components.jar:5.6.3]
	at org.apache.jmeter.threads.JMeterThread.runPreProcessors(JMeterThread.java:983) ~[ApacheJMeter_core.jar:5.6.3]
	at org.apache.jmeter.threads.JMeterThread.executeSamplePackage(JMeterThread.java:561) ~[ApacheJMeter_core.jar:5.6.3]
	at org.apache.jmeter.threads.JMeterThread.processSampler(JMeterThread.java:501) ~[ApacheJMeter_core.jar:5.6.3]
	at org.apache.jmeter.threads.JMeterThread.run(JMeterThread.java:268) ~[ApacheJMeter_core.jar:5.6.3]
	at java.base/java.lang.Thread.run(Thread.java:1474) [?:?]
Caused by: java.lang.IllegalArgumentException: Unsupported class file major version 69
	at groovyjarjarasm.asm.ClassReader.<init>(ClassReader.java:199) ~[groovy-3.0.20.jar:3.0.20]
	at groovyjarjarasm.asm.ClassReader.<init>(ClassReader.java:180) ~[groovy-3.0.20.jar:3.0.20]
	at groovyjarjarasm.asm.ClassReader.<init>(ClassReader.java:166) ~[groovy-3.0.20.jar:3.0.20]
	at groovyjarjarasm.asm.ClassReader.<init>(ClassReader.java:287) ~[groovy-3.0.20.jar:3.0.20]
	at org.codehaus.groovy.ast.decompiled.AsmDecompiler.parseClass(AsmDecompiler.java:81) ~[groovy-3.0.20.jar:3.0.20]
	at org.codehaus.groovy.control.ClassNodeResolver.findDecompiled(ClassNodeResolver.java:251) ~[groovy-3.0.20.jar:3.0.20]
	at org.codehaus.groovy.control.ClassNodeResolver.tryAsLoaderClassOrScript(ClassNodeResolver.java:189) ~[groovy-3.0.20.jar:3.0.20]
	at org.codehaus.groovy.control.ClassNodeResolver.findClassNode(ClassNodeResolver.java:169) ~[groovy-3.0.20.jar:3.0.20]
	at org.codehaus.groovy.control.ClassNodeResolver.resolveName(ClassNodeResolver.java:125) ~[groovy-3.0.20.jar:3.0.20]
	at org.codehaus.groovy.control.ResolveVisitor.resolveToOuter(ResolveVisitor.java:875) ~[groovy-3.0.20.jar:3.0.20]
	at org.codehaus.groovy.control.ResolveVisitor.resolve(ResolveVisitor.java:506) ~[groovy-3.0.20.jar:3.0.20]
	at org.codehaus.groovy.control.ResolveVisitor.resolve(ResolveVisitor.java:467) ~[groovy-3.0.20.jar:3.0.20]
	at org.codehaus.groovy.control.ResolveVisitor.transformPropertyExpression(ResolveVisitor.java:1028) ~[groovy-3.0.20.jar:3.0.20]
	at org.codehaus.groovy.control.ResolveVisitor.transform(ResolveVisitor.java:896) ~[groovy-3.0.20.jar:3.0.20]
	at org.codehaus.groovy.control.ResolveVisitor.transformMethodCallExpression(ResolveVisitor.java:1270) ~[groovy-3.0.20.jar:3.0.20]
	at org.codehaus.groovy.control.ResolveVisitor.transform(ResolveVisitor.java:902) ~[groovy-3.0.20.jar:3.0.20]
	at org.codehaus.groovy.control.ResolveVisitor.transformMethodCallExpression(ResolveVisitor.java:1270) ~[groovy-3.0.20.jar:3.0.20]
	at org.codehaus.groovy.control.ResolveVisitor.transform(ResolveVisitor.java:902) ~[groovy-3.0.20.jar:3.0.20]
	at org.codehaus.groovy.control.ResolveVisitor.transformMethodCallExpression(ResolveVisitor.java:1270) ~[groovy-3.0.20.jar:3.0.20]
	at org.codehaus.groovy.control.ResolveVisitor.transform(ResolveVisitor.java:902) ~[groovy-3.0.20.jar:3.0.20]
	at org.codehaus.groovy.control.ResolveVisitor.transformDeclarationExpression(ResolveVisitor.java:1294) ~[groovy-3.0.20.jar:3.0.20]
	at org.codehaus.groovy.control.ResolveVisitor.transform(ResolveVisitor.java:898) ~[groovy-3.0.20.jar:3.0.20]
	at org.codehaus.groovy.ast.ClassCodeExpressionTransformer.visitExpressionStatement(ClassCodeExpressionTransformer.java:108) ~[groovy-3.0.20.jar:3.0.20]
	at org.codehaus.groovy.ast.stmt.ExpressionStatement.visit(ExpressionStatement.java:40) ~[groovy-3.0.20.jar:3.0.20]
	at org.codehaus.groovy.ast.CodeVisitorSupport.visitBlockStatement(CodeVisitorSupport.java:86) ~[groovy-3.0.20.jar:3.0.20]
	at org.codehaus.groovy.ast.ClassCodeVisitorSupport.visitBlockStatement(ClassCodeVisitorSupport.java:164) ~[groovy-3.0.20.jar:3.0.20]
	at org.codehaus.groovy.control.ResolveVisitor.visitBlockStatement(ResolveVisitor.java:1562) ~[groovy-3.0.20.jar:3.0.20]
	at org.codehaus.groovy.ast.stmt.BlockStatement.visit(BlockStatement.java:69) ~[groovy-3.0.20.jar:3.0.20]
	at org.codehaus.groovy.ast.ClassCodeVisitorSupport.visitClassCodeContainer(ClassCodeVisitorSupport.java:138) ~[groovy-3.0.20.jar:3.0.20]
	at org.codehaus.groovy.ast.ClassCodeVisitorSupport.visitConstructorOrMethod(ClassCodeVisitorSupport.java:111) ~[groovy-3.0.20.jar:3.0.20]
	at org.codehaus.groovy.ast.ClassCodeExpressionTransformer.visitConstructorOrMethod(ClassCodeExpressionTransformer.java:66) ~[groovy-3.0.20.jar:3.0.20]
	at org.codehaus.groovy.control.ResolveVisitor.visitConstructorOrMethod(ResolveVisitor.java:293) ~[groovy-3.0.20.jar:3.0.20]
	at org.codehaus.groovy.ast.ClassCodeVisitorSupport.visitMethod(ClassCodeVisitorSupport.java:106) ~[groovy-3.0.20.jar:3.0.20]
	at org.codehaus.groovy.ast.ClassNode.visitMethods(ClassNode.java:1095) ~[groovy-3.0.20.jar:3.0.20]
	at org.codehaus.groovy.ast.ClassNode.visitContents(ClassNode.java:1088) ~[groovy-3.0.20.jar:3.0.20]
	at org.codehaus.groovy.ast.ClassCodeVisitorSupport.visitClass(ClassCodeVisitorSupport.java:52) ~[groovy-3.0.20.jar:3.0.20]
	at org.codehaus.groovy.control.ResolveVisitor.visitClass(ResolveVisitor.java:1479) ~[groovy-3.0.20.jar:3.0.20]
	at org.codehaus.groovy.control.ResolveVisitor.startResolving(ResolveVisitor.java:262) ~[groovy-3.0.20.jar:3.0.20]
	at org.codehaus.groovy.control.CompilationUnit.lambda$new$16(CompilationUnit.java:739) ~[groovy-3.0.20.jar:3.0.20]
	at org.codehaus.groovy.control.CompilationUnit$ISourceUnitOperation.doPhaseOperation(CompilationUnit.java:902) ~[groovy-3.0.20.jar:3.0.20]
	... 25 more
2025-10-23 23:12:30,593 INFO o.a.j.t.JMeterThread: Thread started: Users 1-10
2025-10-23 23:12:30,598 INFO o.a.j.t.JMeterThread: Thread finished: Users 1-10
2025-10-23 23:12:30,598 ERROR o.a.j.JMeter: Uncaught exception in thread Thread[#69,Users 1-10,5,main]
org.codehaus.groovy.GroovyBugError: BUG! exception in phase 'semantic analysis' in source unit 'Script10.groovy' Unsupported class file major version 69
	at org.codehaus.groovy.control.CompilationUnit$ISourceUnitOperation.doPhaseOperation(CompilationUnit.java:906) ~[groovy-3.0.20.jar:3.0.20]
	at org.codehaus.groovy.control.CompilationUnit.compile(CompilationUnit.java:628) ~[groovy-3.0.20.jar:3.0.20]
	at groovy.lang.GroovyClassLoader.doParseClass(GroovyClassLoader.java:389) ~[groovy-3.0.20.jar:3.0.20]
	at groovy.lang.GroovyClassLoader.lambda$parseClass$3(GroovyClassLoader.java:332) ~[groovy-3.0.20.jar:3.0.20]
	at org.codehaus.groovy.runtime.memoize.StampedCommonCache.compute(StampedCommonCache.java:163) ~[groovy-3.0.20.jar:3.0.20]
	at org.codehaus.groovy.runtime.memoize.StampedCommonCache.getAndPut(StampedCommonCache.java:154) ~[groovy-3.0.20.jar:3.0.20]
	at groovy.lang.GroovyClassLoader.parseClass(GroovyClassLoader.java:330) ~[groovy-3.0.20.jar:3.0.20]
	at groovy.lang.GroovyClassLoader.parseClass(GroovyClassLoader.java:314) ~[groovy-3.0.20.jar:3.0.20]
	at groovy.lang.GroovyClassLoader.parseClass(GroovyClassLoader.java:257) ~[groovy-3.0.20.jar:3.0.20]
	at org.codehaus.groovy.jsr223.GroovyScriptEngineImpl.getScriptClass(GroovyScriptEngineImpl.java:336) ~[groovy-jsr223-3.0.20.jar:3.0.20]
	at org.codehaus.groovy.jsr223.GroovyScriptEngineImpl.compile(GroovyScriptEngineImpl.java:181) ~[groovy-jsr223-3.0.20.jar:3.0.20]
	at org.apache.jmeter.util.JSR223TestElement.lambda$processFileOrScript$1(JSR223TestElement.java:225) ~[ApacheJMeter_core.jar:5.6.3]
	at com.github.benmanes.caffeine.cache.BoundedLocalCache.lambda$doComputeIfAbsent$14(BoundedLocalCache.java:2406) ~[caffeine-2.9.3.jar:?]
	at java.base/java.util.concurrent.ConcurrentHashMap.compute(ConcurrentHashMap.java:1932) ~[?:?]
	at com.github.benmanes.caffeine.cache.BoundedLocalCache.doComputeIfAbsent(BoundedLocalCache.java:2404) ~[caffeine-2.9.3.jar:?]
	at com.github.benmanes.caffeine.cache.BoundedLocalCache.computeIfAbsent(BoundedLocalCache.java:2387) ~[caffeine-2.9.3.jar:?]
	at com.github.benmanes.caffeine.cache.LocalCache.computeIfAbsent(LocalCache.java:108) ~[caffeine-2.9.3.jar:?]
	at com.github.benmanes.caffeine.cache.LocalManualCache.get(LocalManualCache.java:62) ~[caffeine-2.9.3.jar:?]
	at org.apache.jmeter.util.JSR223TestElement.getCompiledScript(JSR223TestElement.java:252) ~[ApacheJMeter_core.jar:5.6.3]
	at org.apache.jmeter.util.JSR223TestElement.processFileOrScript(JSR223TestElement.java:223) ~[ApacheJMeter_core.jar:5.6.3]
	at org.apache.jmeter.modifiers.JSR223PreProcessor.process(JSR223PreProcessor.java:45) ~[ApacheJMeter_components.jar:5.6.3]
	at org.apache.jmeter.threads.JMeterThread.runPreProcessors(JMeterThread.java:983) ~[ApacheJMeter_core.jar:5.6.3]
	at org.apache.jmeter.threads.JMeterThread.executeSamplePackage(JMeterThread.java:561) ~[ApacheJMeter_core.jar:5.6.3]
	at org.apache.jmeter.threads.JMeterThread.processSampler(JMeterThread.java:501) ~[ApacheJMeter_core.jar:5.6.3]
	at org.apache.jmeter.threads.JMeterThread.run(JMeterThread.java:268) ~[ApacheJMeter_core.jar:5.6.3]
	at java.base/java.lang.Thread.run(Thread.java:1474) [?:?]
Caused by: java.lang.IllegalArgumentException: Unsupported class file major version 69
	at groovyjarjarasm.asm.ClassReader.<init>(ClassReader.java:199) ~[groovy-3.0.20.jar:3.0.20]
	at groovyjarjarasm.asm.ClassReader.<init>(ClassReader.java:180) ~[groovy-3.0.20.jar:3.0.20]
	at groovyjarjarasm.asm.ClassReader.<init>(ClassReader.java:166) ~[groovy-3.0.20.jar:3.0.20]
	at groovyjarjarasm.asm.ClassReader.<init>(ClassReader.java:287) ~[groovy-3.0.20.jar:3.0.20]
	at org.codehaus.groovy.ast.decompiled.AsmDecompiler.parseClass(AsmDecompiler.java:81) ~[groovy-3.0.20.jar:3.0.20]
	at org.codehaus.groovy.control.ClassNodeResolver.findDecompiled(ClassNodeResolver.java:251) ~[groovy-3.0.20.jar:3.0.20]
	at org.codehaus.groovy.control.ClassNodeResolver.tryAsLoaderClassOrScript(ClassNodeResolver.java:189) ~[groovy-3.0.20.jar:3.0.20]
	at org.codehaus.groovy.control.ClassNodeResolver.findClassNode(ClassNodeResolver.java:169) ~[groovy-3.0.20.jar:3.0.20]
	at org.codehaus.groovy.control.ClassNodeResolver.resolveName(ClassNodeResolver.java:125) ~[groovy-3.0.20.jar:3.0.20]
	at org.codehaus.groovy.control.ResolveVisitor.resolveToOuter(ResolveVisitor.java:875) ~[groovy-3.0.20.jar:3.0.20]
	at org.codehaus.groovy.control.ResolveVisitor.resolve(ResolveVisitor.java:506) ~[groovy-3.0.20.jar:3.0.20]
	at org.codehaus.groovy.control.ResolveVisitor.resolve(ResolveVisitor.java:467) ~[groovy-3.0.20.jar:3.0.20]
	at org.codehaus.groovy.control.ResolveVisitor.transformPropertyExpression(ResolveVisitor.java:1028) ~[groovy-3.0.20.jar:3.0.20]
	at org.codehaus.groovy.control.ResolveVisitor.transform(ResolveVisitor.java:896) ~[groovy-3.0.20.jar:3.0.20]
	at org.codehaus.groovy.control.ResolveVisitor.transformMethodCallExpression(ResolveVisitor.java:1270) ~[groovy-3.0.20.jar:3.0.20]
	at org.codehaus.groovy.control.ResolveVisitor.transform(ResolveVisitor.java:902) ~[groovy-3.0.20.jar:3.0.20]
	at org.codehaus.groovy.control.ResolveVisitor.transformMethodCallExpression(ResolveVisitor.java:1270) ~[groovy-3.0.20.jar:3.0.20]
	at org.codehaus.groovy.control.ResolveVisitor.transform(ResolveVisitor.java:902) ~[groovy-3.0.20.jar:3.0.20]
	at org.codehaus.groovy.control.ResolveVisitor.transformMethodCallExpression(ResolveVisitor.java:1270) ~[groovy-3.0.20.jar:3.0.20]
	at org.codehaus.groovy.control.ResolveVisitor.transform(ResolveVisitor.java:902) ~[groovy-3.0.20.jar:3.0.20]
	at org.codehaus.groovy.control.ResolveVisitor.transformDeclarationExpression(ResolveVisitor.java:1294) ~[groovy-3.0.20.jar:3.0.20]
	at org.codehaus.groovy.control.ResolveVisitor.transform(ResolveVisitor.java:898) ~[groovy-3.0.20.jar:3.0.20]
	at org.codehaus.groovy.ast.ClassCodeExpressionTransformer.visitExpressionStatement(ClassCodeExpressionTransformer.java:108) ~[groovy-3.0.20.jar:3.0.20]
	at org.codehaus.groovy.ast.stmt.ExpressionStatement.visit(ExpressionStatement.java:40) ~[groovy-3.0.20.jar:3.0.20]
	at org.codehaus.groovy.ast.CodeVisitorSupport.visitBlockStatement(CodeVisitorSupport.java:86) ~[groovy-3.0.20.jar:3.0.20]
	at org.codehaus.groovy.ast.ClassCodeVisitorSupport.visitBlockStatement(ClassCodeVisitorSupport.java:164) ~[groovy-3.0.20.jar:3.0.20]
	at org.codehaus.groovy.control.ResolveVisitor.visitBlockStatement(ResolveVisitor.java:1562) ~[groovy-3.0.20.jar:3.0.20]
	at org.codehaus.groovy.ast.stmt.BlockStatement.visit(BlockStatement.java:69) ~[groovy-3.0.20.jar:3.0.20]
	at org.codehaus.groovy.ast.ClassCodeVisitorSupport.visitClassCodeContainer(ClassCodeVisitorSupport.java:138) ~[groovy-3.0.20.jar:3.0.20]
	at org.codehaus.groovy.ast.ClassCodeVisitorSupport.visitConstructorOrMethod(ClassCodeVisitorSupport.java:111) ~[groovy-3.0.20.jar:3.0.20]
	at org.codehaus.groovy.ast.ClassCodeExpressionTransformer.visitConstructorOrMethod(ClassCodeExpressionTransformer.java:66) ~[groovy-3.0.20.jar:3.0.20]
	at org.codehaus.groovy.control.ResolveVisitor.visitConstructorOrMethod(ResolveVisitor.java:293) ~[groovy-3.0.20.jar:3.0.20]
	at org.codehaus.groovy.ast.ClassCodeVisitorSupport.visitMethod(ClassCodeVisitorSupport.java:106) ~[groovy-3.0.20.jar:3.0.20]
	at org.codehaus.groovy.ast.ClassNode.visitMethods(ClassNode.java:1095) ~[groovy-3.0.20.jar:3.0.20]
	at org.codehaus.groovy.ast.ClassNode.visitContents(ClassNode.java:1088) ~[groovy-3.0.20.jar:3.0.20]
	at org.codehaus.groovy.ast.ClassCodeVisitorSupport.visitClass(ClassCodeVisitorSupport.java:52) ~[groovy-3.0.20.jar:3.0.20]
	at org.codehaus.groovy.control.ResolveVisitor.visitClass(ResolveVisitor.java:1479) ~[groovy-3.0.20.jar:3.0.20]
	at org.codehaus.groovy.control.ResolveVisitor.startResolving(ResolveVisitor.java:262) ~[groovy-3.0.20.jar:3.0.20]
	at org.codehaus.groovy.control.CompilationUnit.lambda$new$16(CompilationUnit.java:739) ~[groovy-3.0.20.jar:3.0.20]
	at org.codehaus.groovy.control.CompilationUnit$ISourceUnitOperation.doPhaseOperation(CompilationUnit.java:902) ~[groovy-3.0.20.jar:3.0.20]
	... 25 more
2025-10-23 23:12:30,993 INFO o.a.j.t.JMeterThread: Thread started: Users 1-11
2025-10-23 23:12:30,997 INFO o.a.j.t.JMeterThread: Thread finished: Users 1-11
2025-10-23 23:12:30,997 ERROR o.a.j.JMeter: Uncaught exception in thread Thread[#70,Users 1-11,5,main]
org.codehaus.groovy.GroovyBugError: BUG! exception in phase 'semantic analysis' in source unit 'Script11.groovy' Unsupported class file major version 69
	at org.codehaus.groovy.control.CompilationUnit$ISourceUnitOperation.doPhaseOperation(CompilationUnit.java:906) ~[groovy-3.0.20.jar:3.0.20]
	at org.codehaus.groovy.control.CompilationUnit.compile(CompilationUnit.java:628) ~[groovy-3.0.20.jar:3.0.20]
	at groovy.lang.GroovyClassLoader.doParseClass(GroovyClassLoader.java:389) ~[groovy-3.0.20.jar:3.0.20]
	at groovy.lang.GroovyClassLoader.lambda$parseClass$3(GroovyClassLoader.java:332) ~[groovy-3.0.20.jar:3.0.20]
	at org.codehaus.groovy.runtime.memoize.StampedCommonCache.compute(StampedCommonCache.java:163) ~[groovy-3.0.20.jar:3.0.20]
	at org.codehaus.groovy.runtime.memoize.StampedCommonCache.getAndPut(StampedCommonCache.java:154) ~[groovy-3.0.20.jar:3.0.20]
	at groovy.lang.GroovyClassLoader.parseClass(GroovyClassLoader.java:330) ~[groovy-3.0.20.jar:3.0.20]
	at groovy.lang.GroovyClassLoader.parseClass(GroovyClassLoader.java:314) ~[groovy-3.0.20.jar:3.0.20]
	at groovy.lang.GroovyClassLoader.parseClass(GroovyClassLoader.java:257) ~[groovy-3.0.20.jar:3.0.20]
	at org.codehaus.groovy.jsr223.GroovyScriptEngineImpl.getScriptClass(GroovyScriptEngineImpl.java:336) ~[groovy-jsr223-3.0.20.jar:3.0.20]
	at org.codehaus.groovy.jsr223.GroovyScriptEngineImpl.compile(GroovyScriptEngineImpl.java:181) ~[groovy-jsr223-3.0.20.jar:3.0.20]
	at org.apache.jmeter.util.JSR223TestElement.lambda$processFileOrScript$1(JSR223TestElement.java:225) ~[ApacheJMeter_core.jar:5.6.3]
	at com.github.benmanes.caffeine.cache.BoundedLocalCache.lambda$doComputeIfAbsent$14(BoundedLocalCache.java:2406) ~[caffeine-2.9.3.jar:?]
	at java.base/java.util.concurrent.ConcurrentHashMap.compute(ConcurrentHashMap.java:1932) ~[?:?]
	at com.github.benmanes.caffeine.cache.BoundedLocalCache.doComputeIfAbsent(BoundedLocalCache.java:2404) ~[caffeine-2.9.3.jar:?]
	at com.github.benmanes.caffeine.cache.BoundedLocalCache.computeIfAbsent(BoundedLocalCache.java:2387) ~[caffeine-2.9.3.jar:?]
	at com.github.benmanes.caffeine.cache.LocalCache.computeIfAbsent(LocalCache.java:108) ~[caffeine-2.9.3.jar:?]
	at com.github.benmanes.caffeine.cache.LocalManualCache.get(LocalManualCache.java:62) ~[caffeine-2.9.3.jar:?]
	at org.apache.jmeter.util.JSR223TestElement.getCompiledScript(JSR223TestElement.java:252) ~[ApacheJMeter_core.jar:5.6.3]
	at org.apache.jmeter.util.JSR223TestElement.processFileOrScript(JSR223TestElement.java:223) ~[ApacheJMeter_core.jar:5.6.3]
	at org.apache.jmeter.modifiers.JSR223PreProcessor.process(JSR223PreProcessor.java:45) ~[ApacheJMeter_components.jar:5.6.3]
	at org.apache.jmeter.threads.JMeterThread.runPreProcessors(JMeterThread.java:983) ~[ApacheJMeter_core.jar:5.6.3]
	at org.apache.jmeter.threads.JMeterThread.executeSamplePackage(JMeterThread.java:561) ~[ApacheJMeter_core.jar:5.6.3]
	at org.apache.jmeter.threads.JMeterThread.processSampler(JMeterThread.java:501) ~[ApacheJMeter_core.jar:5.6.3]
	at org.apache.jmeter.threads.JMeterThread.run(JMeterThread.java:268) ~[ApacheJMeter_core.jar:5.6.3]
	at java.base/java.lang.Thread.run(Thread.java:1474) [?:?]
Caused by: java.lang.IllegalArgumentException: Unsupported class file major version 69
	at groovyjarjarasm.asm.ClassReader.<init>(ClassReader.java:199) ~[groovy-3.0.20.jar:3.0.20]
	at groovyjarjarasm.asm.ClassReader.<init>(ClassReader.java:180) ~[groovy-3.0.20.jar:3.0.20]
	at groovyjarjarasm.asm.ClassReader.<init>(ClassReader.java:166) ~[groovy-3.0.20.jar:3.0.20]
	at groovyjarjarasm.asm.ClassReader.<init>(ClassReader.java:287) ~[groovy-3.0.20.jar:3.0.20]
	at org.codehaus.groovy.ast.decompiled.AsmDecompiler.parseClass(AsmDecompiler.java:81) ~[groovy-3.0.20.jar:3.0.20]
	at org.codehaus.groovy.control.ClassNodeResolver.findDecompiled(ClassNodeResolver.java:251) ~[groovy-3.0.20.jar:3.0.20]
	at org.codehaus.groovy.control.ClassNodeResolver.tryAsLoaderClassOrScript(ClassNodeResolver.java:189) ~[groovy-3.0.20.jar:3.0.20]
	at org.codehaus.groovy.control.ClassNodeResolver.findClassNode(ClassNodeResolver.java:169) ~[groovy-3.0.20.jar:3.0.20]
	at org.codehaus.groovy.control.ClassNodeResolver.resolveName(ClassNodeResolver.java:125) ~[groovy-3.0.20.jar:3.0.20]
	at org.codehaus.groovy.control.ResolveVisitor.resolveToOuter(ResolveVisitor.java:875) ~[groovy-3.0.20.jar:3.0.20]
	at org.codehaus.groovy.control.ResolveVisitor.resolve(ResolveVisitor.java:506) ~[groovy-3.0.20.jar:3.0.20]
	at org.codehaus.groovy.control.ResolveVisitor.resolve(ResolveVisitor.java:467) ~[groovy-3.0.20.jar:3.0.20]
	at org.codehaus.groovy.control.ResolveVisitor.transformPropertyExpression(ResolveVisitor.java:1028) ~[groovy-3.0.20.jar:3.0.20]
	at org.codehaus.groovy.control.ResolveVisitor.transform(ResolveVisitor.java:896) ~[groovy-3.0.20.jar:3.0.20]
	at org.codehaus.groovy.control.ResolveVisitor.transformMethodCallExpression(ResolveVisitor.java:1270) ~[groovy-3.0.20.jar:3.0.20]
	at org.codehaus.groovy.control.ResolveVisitor.transform(ResolveVisitor.java:902) ~[groovy-3.0.20.jar:3.0.20]
	at org.codehaus.groovy.control.ResolveVisitor.transformMethodCallExpression(ResolveVisitor.java:1270) ~[groovy-3.0.20.jar:3.0.20]
	at org.codehaus.groovy.control.ResolveVisitor.transform(ResolveVisitor.java:902) ~[groovy-3.0.20.jar:3.0.20]
	at org.codehaus.groovy.control.ResolveVisitor.transformMethodCallExpression(ResolveVisitor.java:1270) ~[groovy-3.0.20.jar:3.0.20]
	at org.codehaus.groovy.control.ResolveVisitor.transform(ResolveVisitor.java:902) ~[groovy-3.0.20.jar:3.0.20]
	at org.codehaus.groovy.control.ResolveVisitor.transformDeclarationExpression(ResolveVisitor.java:1294) ~[groovy-3.0.20.jar:3.0.20]
	at org.codehaus.groovy.control.ResolveVisitor.transform(ResolveVisitor.java:898) ~[groovy-3.0.20.jar:3.0.20]
	at org.codehaus.groovy.ast.ClassCodeExpressionTransformer.visitExpressionStatement(ClassCodeExpressionTransformer.java:108) ~[groovy-3.0.20.jar:3.0.20]
	at org.codehaus.groovy.ast.stmt.ExpressionStatement.visit(ExpressionStatement.java:40) ~[groovy-3.0.20.jar:3.0.20]
	at org.codehaus.groovy.ast.CodeVisitorSupport.visitBlockStatement(CodeVisitorSupport.java:86) ~[groovy-3.0.20.jar:3.0.20]
	at org.codehaus.groovy.ast.ClassCodeVisitorSupport.visitBlockStatement(ClassCodeVisitorSupport.java:164) ~[groovy-3.0.20.jar:3.0.20]
	at org.codehaus.groovy.control.ResolveVisitor.visitBlockStatement(ResolveVisitor.java:1562) ~[groovy-3.0.20.jar:3.0.20]
	at org.codehaus.groovy.ast.stmt.BlockStatement.visit(BlockStatement.java:69) ~[groovy-3.0.20.jar:3.0.20]
	at org.codehaus.groovy.ast.ClassCodeVisitorSupport.visitClassCodeContainer(ClassCodeVisitorSupport.java:138) ~[groovy-3.0.20.jar:3.0.20]
	at org.codehaus.groovy.ast.ClassCodeVisitorSupport.visitConstructorOrMethod(ClassCodeVisitorSupport.java:111) ~[groovy-3.0.20.jar:3.0.20]
	at org.codehaus.groovy.ast.ClassCodeExpressionTransformer.visitConstructorOrMethod(ClassCodeExpressionTransformer.java:66) ~[groovy-3.0.20.jar:3.0.20]
	at org.codehaus.groovy.control.ResolveVisitor.visitConstructorOrMethod(ResolveVisitor.java:293) ~[groovy-3.0.20.jar:3.0.20]
	at org.codehaus.groovy.ast.ClassCodeVisitorSupport.visitMethod(ClassCodeVisitorSupport.java:106) ~[groovy-3.0.20.jar:3.0.20]
	at org.codehaus.groovy.ast.ClassNode.visitMethods(ClassNode.java:1095) ~[groovy-3.0.20.jar:3.0.20]
	at org.codehaus.groovy.ast.ClassNode.visitContents(ClassNode.java:1088) ~[groovy-3.0.20.jar:3.0.20]
	at org.codehaus.groovy.ast.ClassCodeVisitorSupport.visitClass(ClassCodeVisitorSupport.java:52) ~[groovy-3.0.20.jar:3.0.20]
	at org.codehaus.groovy.control.ResolveVisitor.visitClass(ResolveVisitor.java:1479) ~[groovy-3.0.20.jar:3.0.20]
	at org.codehaus.groovy.control.ResolveVisitor.startResolving(ResolveVisitor.java:262) ~[groovy-3.0.20.jar:3.0.20]
	at org.codehaus.groovy.control.CompilationUnit.lambda$new$16(CompilationUnit.java:739) ~[groovy-3.0.20.jar:3.0.20]
	at org.codehaus.groovy.control.CompilationUnit$ISourceUnitOperation.doPhaseOperation(CompilationUnit.java:902) ~[groovy-3.0.20.jar:3.0.20]
	... 25 more
2025-10-23 23:12:31,391 INFO o.a.j.t.JMeterThread: Thread started: Users 1-12
2025-10-23 23:12:31,394 INFO o.a.j.t.JMeterThread: Thread finished: Users 1-12
2025-10-23 23:12:31,394 ERROR o.a.j.JMeter: Uncaught exception in thread Thread[#71,Users 1-12,5,main]
org.codehaus.groovy.GroovyBugError: BUG! exception in phase 'semantic analysis' in source unit 'Script12.groovy' Unsupported class file major version 69
	at org.codehaus.groovy.control.CompilationUnit$ISourceUnitOperation.doPhaseOperation(CompilationUnit.java:906) ~[groovy-3.0.20.jar:3.0.20]
	at org.codehaus.groovy.control.CompilationUnit.compile(CompilationUnit.java:628) ~[groovy-3.0.20.jar:3.0.20]
	at groovy.lang.GroovyClassLoader.doParseClass(GroovyClassLoader.java:389) ~[groovy-3.0.20.jar:3.0.20]
	at groovy.lang.GroovyClassLoader.lambda$parseClass$3(GroovyClassLoader.java:332) ~[groovy-3.0.20.jar:3.0.20]
	at org.codehaus.groovy.runtime.memoize.StampedCommonCache.compute(StampedCommonCache.java:163) ~[groovy-3.0.20.jar:3.0.20]
	at org.codehaus.groovy.runtime.memoize.StampedCommonCache.getAndPut(StampedCommonCache.java:154) ~[groovy-3.0.20.jar:3.0.20]
	at groovy.lang.GroovyClassLoader.parseClass(GroovyClassLoader.java:330) ~[groovy-3.0.20.jar:3.0.20]
	at groovy.lang.GroovyClassLoader.parseClass(GroovyClassLoader.java:314) ~[groovy-3.0.20.jar:3.0.20]
	at groovy.lang.GroovyClassLoader.parseClass(GroovyClassLoader.java:257) ~[groovy-3.0.20.jar:3.0.20]
	at org.codehaus.groovy.jsr223.GroovyScriptEngineImpl.getScriptClass(GroovyScriptEngineImpl.java:336) ~[groovy-jsr223-3.0.20.jar:3.0.20]
	at org.codehaus.groovy.jsr223.GroovyScriptEngineImpl.compile(GroovyScriptEngineImpl.java:181) ~[groovy-jsr223-3.0.20.jar:3.0.20]
	at org.apache.jmeter.util.JSR223TestElement.lambda$processFileOrScript$1(JSR223TestElement.java:225) ~[ApacheJMeter_core.jar:5.6.3]
	at com.github.benmanes.caffeine.cache.BoundedLocalCache.lambda$doComputeIfAbsent$14(BoundedLocalCache.java:2406) ~[caffeine-2.9.3.jar:?]
	at java.base/java.util.concurrent.ConcurrentHashMap.compute(ConcurrentHashMap.java:1932) ~[?:?]
	at com.github.benmanes.caffeine.cache.BoundedLocalCache.doComputeIfAbsent(BoundedLocalCache.java:2404) ~[caffeine-2.9.3.jar:?]
	at com.github.benmanes.caffeine.cache.BoundedLocalCache.computeIfAbsent(BoundedLocalCache.java:2387) ~[caffeine-2.9.3.jar:?]
	at com.github.benmanes.caffeine.cache.LocalCache.computeIfAbsent(LocalCache.java:108) ~[caffeine-2.9.3.jar:?]
	at com.github.benmanes.caffeine.cache.LocalManualCache.get(LocalManualCache.java:62) ~[caffeine-2.9.3.jar:?]
	at org.apache.jmeter.util.JSR223TestElement.getCompiledScript(JSR223TestElement.java:252) ~[ApacheJMeter_core.jar:5.6.3]
	at org.apache.jmeter.util.JSR223TestElement.processFileOrScript(JSR223TestElement.java:223) ~[ApacheJMeter_core.jar:5.6.3]
	at org.apache.jmeter.modifiers.JSR223PreProcessor.process(JSR223PreProcessor.java:45) ~[ApacheJMeter_components.jar:5.6.3]
	at org.apache.jmeter.threads.JMeterThread.runPreProcessors(JMeterThread.java:983) ~[ApacheJMeter_core.jar:5.6.3]
	at org.apache.jmeter.threads.JMeterThread.executeSamplePackage(JMeterThread.java:561) ~[ApacheJMeter_core.jar:5.6.3]
	at org.apache.jmeter.threads.JMeterThread.processSampler(JMeterThread.java:501) ~[ApacheJMeter_core.jar:5.6.3]
	at org.apache.jmeter.threads.JMeterThread.run(JMeterThread.java:268) ~[ApacheJMeter_core.jar:5.6.3]
	at java.base/java.lang.Thread.run(Thread.java:1474) [?:?]
Caused by: java.lang.IllegalArgumentException: Unsupported class file major version 69
	at groovyjarjarasm.asm.ClassReader.<init>(ClassReader.java:199) ~[groovy-3.0.20.jar:3.0.20]
	at groovyjarjarasm.asm.ClassReader.<init>(ClassReader.java:180) ~[groovy-3.0.20.jar:3.0.20]
	at groovyjarjarasm.asm.ClassReader.<init>(ClassReader.java:166) ~[groovy-3.0.20.jar:3.0.20]
	at groovyjarjarasm.asm.ClassReader.<init>(ClassReader.java:287) ~[groovy-3.0.20.jar:3.0.20]
	at org.codehaus.groovy.ast.decompiled.AsmDecompiler.parseClass(AsmDecompiler.java:81) ~[groovy-3.0.20.jar:3.0.20]
	at org.codehaus.groovy.control.ClassNodeResolver.findDecompiled(ClassNodeResolver.java:251) ~[groovy-3.0.20.jar:3.0.20]
	at org.codehaus.groovy.control.ClassNodeResolver.tryAsLoaderClassOrScript(ClassNodeResolver.java:189) ~[groovy-3.0.20.jar:3.0.20]
	at org.codehaus.groovy.control.ClassNodeResolver.findClassNode(ClassNodeResolver.java:169) ~[groovy-3.0.20.jar:3.0.20]
	at org.codehaus.groovy.control.ClassNodeResolver.resolveName(ClassNodeResolver.java:125) ~[groovy-3.0.20.jar:3.0.20]
	at org.codehaus.groovy.control.ResolveVisitor.resolveToOuter(ResolveVisitor.java:875) ~[groovy-3.0.20.jar:3.0.20]
	at org.codehaus.groovy.control.ResolveVisitor.resolve(ResolveVisitor.java:506) ~[groovy-3.0.20.jar:3.0.20]
	at org.codehaus.groovy.control.ResolveVisitor.resolve(ResolveVisitor.java:467) ~[groovy-3.0.20.jar:3.0.20]
	at org.codehaus.groovy.control.ResolveVisitor.transformPropertyExpression(ResolveVisitor.java:1028) ~[groovy-3.0.20.jar:3.0.20]
	at org.codehaus.groovy.control.ResolveVisitor.transform(ResolveVisitor.java:896) ~[groovy-3.0.20.jar:3.0.20]
	at org.codehaus.groovy.control.ResolveVisitor.transformMethodCallExpression(ResolveVisitor.java:1270) ~[groovy-3.0.20.jar:3.0.20]
	at org.codehaus.groovy.control.ResolveVisitor.transform(ResolveVisitor.java:902) ~[groovy-3.0.20.jar:3.0.20]
	at org.codehaus.groovy.control.ResolveVisitor.transformMethodCallExpression(ResolveVisitor.java:1270) ~[groovy-3.0.20.jar:3.0.20]
	at org.codehaus.groovy.control.ResolveVisitor.transform(ResolveVisitor.java:902) ~[groovy-3.0.20.jar:3.0.20]
	at org.codehaus.groovy.control.ResolveVisitor.transformMethodCallExpression(ResolveVisitor.java:1270) ~[groovy-3.0.20.jar:3.0.20]
	at org.codehaus.groovy.control.ResolveVisitor.transform(ResolveVisitor.java:902) ~[groovy-3.0.20.jar:3.0.20]
	at org.codehaus.groovy.control.ResolveVisitor.transformDeclarationExpression(ResolveVisitor.java:1294) ~[groovy-3.0.20.jar:3.0.20]
	at org.codehaus.groovy.control.ResolveVisitor.transform(ResolveVisitor.java:898) ~[groovy-3.0.20.jar:3.0.20]
	at org.codehaus.groovy.ast.ClassCodeExpressionTransformer.visitExpressionStatement(ClassCodeExpressionTransformer.java:108) ~[groovy-3.0.20.jar:3.0.20]
	at org.codehaus.groovy.ast.stmt.ExpressionStatement.visit(ExpressionStatement.java:40) ~[groovy-3.0.20.jar:3.0.20]
	at org.codehaus.groovy.ast.CodeVisitorSupport.visitBlockStatement(CodeVisitorSupport.java:86) ~[groovy-3.0.20.jar:3.0.20]
	at org.codehaus.groovy.ast.ClassCodeVisitorSupport.visitBlockStatement(ClassCodeVisitorSupport.java:164) ~[groovy-3.0.20.jar:3.0.20]
	at org.codehaus.groovy.control.ResolveVisitor.visitBlockStatement(ResolveVisitor.java:1562) ~[groovy-3.0.20.jar:3.0.20]
	at org.codehaus.groovy.ast.stmt.BlockStatement.visit(BlockStatement.java:69) ~[groovy-3.0.20.jar:3.0.20]
	at org.codehaus.groovy.ast.ClassCodeVisitorSupport.visitClassCodeContainer(ClassCodeVisitorSupport.java:138) ~[groovy-3.0.20.jar:3.0.20]
	at org.codehaus.groovy.ast.ClassCodeVisitorSupport.visitConstructorOrMethod(ClassCodeVisitorSupport.java:111) ~[groovy-3.0.20.jar:3.0.20]
	at org.codehaus.groovy.ast.ClassCodeExpressionTransformer.visitConstructorOrMethod(ClassCodeExpressionTransformer.java:66) ~[groovy-3.0.20.jar:3.0.20]
	at org.codehaus.groovy.control.ResolveVisitor.visitConstructorOrMethod(ResolveVisitor.java:293) ~[groovy-3.0.20.jar:3.0.20]
	at org.codehaus.groovy.ast.ClassCodeVisitorSupport.visitMethod(ClassCodeVisitorSupport.java:106) ~[groovy-3.0.20.jar:3.0.20]
	at org.codehaus.groovy.ast.ClassNode.visitMethods(ClassNode.java:1095) ~[groovy-3.0.20.jar:3.0.20]
	at org.codehaus.groovy.ast.ClassNode.visitContents(ClassNode.java:1088) ~[groovy-3.0.20.jar:3.0.20]
	at org.codehaus.groovy.ast.ClassCodeVisitorSupport.visitClass(ClassCodeVisitorSupport.java:52) ~[groovy-3.0.20.jar:3.0.20]
	at org.codehaus.groovy.control.ResolveVisitor.visitClass(ResolveVisitor.java:1479) ~[groovy-3.0.20.jar:3.0.20]
	at org.codehaus.groovy.control.ResolveVisitor.startResolving(ResolveVisitor.java:262) ~[groovy-3.0.20.jar:3.0.20]
	at org.codehaus.groovy.control.CompilationUnit.lambda$new$16(CompilationUnit.java:739) ~[groovy-3.0.20.jar:3.0.20]
	at org.codehaus.groovy.control.CompilationUnit$ISourceUnitOperation.doPhaseOperation(CompilationUnit.java:902) ~[groovy-3.0.20.jar:3.0.20]
	... 25 more
2025-10-23 23:12:31,791 INFO o.a.j.t.JMeterThread: Thread started: Users 1-13
2025-10-23 23:12:31,793 INFO o.a.j.t.JMeterThread: Thread finished: Users 1-13
2025-10-23 23:12:31,794 ERROR o.a.j.JMeter: Uncaught exception in thread Thread[#72,Users 1-13,5,main]
org.codehaus.groovy.GroovyBugError: BUG! exception in phase 'semantic analysis' in source unit 'Script13.groovy' Unsupported class file major version 69
	at org.codehaus.groovy.control.CompilationUnit$ISourceUnitOperation.doPhaseOperation(CompilationUnit.java:906) ~[groovy-3.0.20.jar:3.0.20]
	at org.codehaus.groovy.control.CompilationUnit.compile(CompilationUnit.java:628) ~[groovy-3.0.20.jar:3.0.20]
	at groovy.lang.GroovyClassLoader.doParseClass(GroovyClassLoader.java:389) ~[groovy-3.0.20.jar:3.0.20]
	at groovy.lang.GroovyClassLoader.lambda$parseClass$3(GroovyClassLoader.java:332) ~[groovy-3.0.20.jar:3.0.20]
	at org.codehaus.groovy.runtime.memoize.StampedCommonCache.compute(StampedCommonCache.java:163) ~[groovy-3.0.20.jar:3.0.20]
	at org.codehaus.groovy.runtime.memoize.StampedCommonCache.getAndPut(StampedCommonCache.java:154) ~[groovy-3.0.20.jar:3.0.20]
	at groovy.lang.GroovyClassLoader.parseClass(GroovyClassLoader.java:330) ~[groovy-3.0.20.jar:3.0.20]
	at groovy.lang.GroovyClassLoader.parseClass(GroovyClassLoader.java:314) ~[groovy-3.0.20.jar:3.0.20]
	at groovy.lang.GroovyClassLoader.parseClass(GroovyClassLoader.java:257) ~[groovy-3.0.20.jar:3.0.20]
	at org.codehaus.groovy.jsr223.GroovyScriptEngineImpl.getScriptClass(GroovyScriptEngineImpl.java:336) ~[groovy-jsr223-3.0.20.jar:3.0.20]
	at org.codehaus.groovy.jsr223.GroovyScriptEngineImpl.compile(GroovyScriptEngineImpl.java:181) ~[groovy-jsr223-3.0.20.jar:3.0.20]
	at org.apache.jmeter.util.JSR223TestElement.lambda$processFileOrScript$1(JSR223TestElement.java:225) ~[ApacheJMeter_core.jar:5.6.3]
	at com.github.benmanes.caffeine.cache.BoundedLocalCache.lambda$doComputeIfAbsent$14(BoundedLocalCache.java:2406) ~[caffeine-2.9.3.jar:?]
	at java.base/java.util.concurrent.ConcurrentHashMap.compute(ConcurrentHashMap.java:1932) ~[?:?]
	at com.github.benmanes.caffeine.cache.BoundedLocalCache.doComputeIfAbsent(BoundedLocalCache.java:2404) ~[caffeine-2.9.3.jar:?]
	at com.github.benmanes.caffeine.cache.BoundedLocalCache.computeIfAbsent(BoundedLocalCache.java:2387) ~[caffeine-2.9.3.jar:?]
	at com.github.benmanes.caffeine.cache.LocalCache.computeIfAbsent(LocalCache.java:108) ~[caffeine-2.9.3.jar:?]
	at com.github.benmanes.caffeine.cache.LocalManualCache.get(LocalManualCache.java:62) ~[caffeine-2.9.3.jar:?]
	at org.apache.jmeter.util.JSR223TestElement.getCompiledScript(JSR223TestElement.java:252) ~[ApacheJMeter_core.jar:5.6.3]
	at org.apache.jmeter.util.JSR223TestElement.processFileOrScript(JSR223TestElement.java:223) ~[ApacheJMeter_core.jar:5.6.3]
	at org.apache.jmeter.modifiers.JSR223PreProcessor.process(JSR223PreProcessor.java:45) ~[ApacheJMeter_components.jar:5.6.3]
	at org.apache.jmeter.threads.JMeterThread.runPreProcessors(JMeterThread.java:983) ~[ApacheJMeter_core.jar:5.6.3]
	at org.apache.jmeter.threads.JMeterThread.executeSamplePackage(JMeterThread.java:561) ~[ApacheJMeter_core.jar:5.6.3]
	at org.apache.jmeter.threads.JMeterThread.processSampler(JMeterThread.java:501) ~[ApacheJMeter_core.jar:5.6.3]
	at org.apache.jmeter.threads.JMeterThread.run(JMeterThread.java:268) ~[ApacheJMeter_core.jar:5.6.3]
	at java.base/java.lang.Thread.run(Thread.java:1474) [?:?]
Caused by: java.lang.IllegalArgumentException: Unsupported class file major version 69
	at groovyjarjarasm.asm.ClassReader.<init>(ClassReader.java:199) ~[groovy-3.0.20.jar:3.0.20]
	at groovyjarjarasm.asm.ClassReader.<init>(ClassReader.java:180) ~[groovy-3.0.20.jar:3.0.20]
	at groovyjarjarasm.asm.ClassReader.<init>(ClassReader.java:166) ~[groovy-3.0.20.jar:3.0.20]
	at groovyjarjarasm.asm.ClassReader.<init>(ClassReader.java:287) ~[groovy-3.0.20.jar:3.0.20]
	at org.codehaus.groovy.ast.decompiled.AsmDecompiler.parseClass(AsmDecompiler.java:81) ~[groovy-3.0.20.jar:3.0.20]
	at org.codehaus.groovy.control.ClassNodeResolver.findDecompiled(ClassNodeResolver.java:251) ~[groovy-3.0.20.jar:3.0.20]
	at org.codehaus.groovy.control.ClassNodeResolver.tryAsLoaderClassOrScript(ClassNodeResolver.java:189) ~[groovy-3.0.20.jar:3.0.20]
	at org.codehaus.groovy.control.ClassNodeResolver.findClassNode(ClassNodeResolver.java:169) ~[groovy-3.0.20.jar:3.0.20]
	at org.codehaus.groovy.control.ClassNodeResolver.resolveName(ClassNodeResolver.java:125) ~[groovy-3.0.20.jar:3.0.20]
	at org.codehaus.groovy.control.ResolveVisitor.resolveToOuter(ResolveVisitor.java:875) ~[groovy-3.0.20.jar:3.0.20]
	at org.codehaus.groovy.control.ResolveVisitor.resolve(ResolveVisitor.java:506) ~[groovy-3.0.20.jar:3.0.20]
	at org.codehaus.groovy.control.ResolveVisitor.resolve(ResolveVisitor.java:467) ~[groovy-3.0.20.jar:3.0.20]
	at org.codehaus.groovy.control.ResolveVisitor.transformPropertyExpression(ResolveVisitor.java:1028) ~[groovy-3.0.20.jar:3.0.20]
	at org.codehaus.groovy.control.ResolveVisitor.transform(ResolveVisitor.java:896) ~[groovy-3.0.20.jar:3.0.20]
	at org.codehaus.groovy.control.ResolveVisitor.transformMethodCallExpression(ResolveVisitor.java:1270) ~[groovy-3.0.20.jar:3.0.20]
	at org.codehaus.groovy.control.ResolveVisitor.transform(ResolveVisitor.java:902) ~[groovy-3.0.20.jar:3.0.20]
	at org.codehaus.groovy.control.ResolveVisitor.transformMethodCallExpression(ResolveVisitor.java:1270) ~[groovy-3.0.20.jar:3.0.20]
	at org.codehaus.groovy.control.ResolveVisitor.transform(ResolveVisitor.java:902) ~[groovy-3.0.20.jar:3.0.20]
	at org.codehaus.groovy.control.ResolveVisitor.transformMethodCallExpression(ResolveVisitor.java:1270) ~[groovy-3.0.20.jar:3.0.20]
	at org.codehaus.groovy.control.ResolveVisitor.transform(ResolveVisitor.java:902) ~[groovy-3.0.20.jar:3.0.20]
	at org.codehaus.groovy.control.ResolveVisitor.transformDeclarationExpression(ResolveVisitor.java:1294) ~[groovy-3.0.20.jar:3.0.20]
	at org.codehaus.groovy.control.ResolveVisitor.transform(ResolveVisitor.java:898) ~[groovy-3.0.20.jar:3.0.20]
	at org.codehaus.groovy.ast.ClassCodeExpressionTransformer.visitExpressionStatement(ClassCodeExpressionTransformer.java:108) ~[groovy-3.0.20.jar:3.0.20]
	at org.codehaus.groovy.ast.stmt.ExpressionStatement.visit(ExpressionStatement.java:40) ~[groovy-3.0.20.jar:3.0.20]
	at org.codehaus.groovy.ast.CodeVisitorSupport.visitBlockStatement(CodeVisitorSupport.java:86) ~[groovy-3.0.20.jar:3.0.20]
	at org.codehaus.groovy.ast.ClassCodeVisitorSupport.visitBlockStatement(ClassCodeVisitorSupport.java:164) ~[groovy-3.0.20.jar:3.0.20]
	at org.codehaus.groovy.control.ResolveVisitor.visitBlockStatement(ResolveVisitor.java:1562) ~[groovy-3.0.20.jar:3.0.20]
	at org.codehaus.groovy.ast.stmt.BlockStatement.visit(BlockStatement.java:69) ~[groovy-3.0.20.jar:3.0.20]
	at org.codehaus.groovy.ast.ClassCodeVisitorSupport.visitClassCodeContainer(ClassCodeVisitorSupport.java:138) ~[groovy-3.0.20.jar:3.0.20]
	at org.codehaus.groovy.ast.ClassCodeVisitorSupport.visitConstructorOrMethod(ClassCodeVisitorSupport.java:111) ~[groovy-3.0.20.jar:3.0.20]
	at org.codehaus.groovy.ast.ClassCodeExpressionTransformer.visitConstructorOrMethod(ClassCodeExpressionTransformer.java:66) ~[groovy-3.0.20.jar:3.0.20]
	at org.codehaus.groovy.control.ResolveVisitor.visitConstructorOrMethod(ResolveVisitor.java:293) ~[groovy-3.0.20.jar:3.0.20]
	at org.codehaus.groovy.ast.ClassCodeVisitorSupport.visitMethod(ClassCodeVisitorSupport.java:106) ~[groovy-3.0.20.jar:3.0.20]
	at org.codehaus.groovy.ast.ClassNode.visitMethods(ClassNode.java:1095) ~[groovy-3.0.20.jar:3.0.20]
	at org.codehaus.groovy.ast.ClassNode.visitContents(ClassNode.java:1088) ~[groovy-3.0.20.jar:3.0.20]
	at org.codehaus.groovy.ast.ClassCodeVisitorSupport.visitClass(ClassCodeVisitorSupport.java:52) ~[groovy-3.0.20.jar:3.0.20]
	at org.codehaus.groovy.control.ResolveVisitor.visitClass(ResolveVisitor.java:1479) ~[groovy-3.0.20.jar:3.0.20]
	at org.codehaus.groovy.control.ResolveVisitor.startResolving(ResolveVisitor.java:262) ~[groovy-3.0.20.jar:3.0.20]
	at org.codehaus.groovy.control.CompilationUnit.lambda$new$16(CompilationUnit.java:739) ~[groovy-3.0.20.jar:3.0.20]
	at org.codehaus.groovy.control.CompilationUnit$ISourceUnitOperation.doPhaseOperation(CompilationUnit.java:902) ~[groovy-3.0.20.jar:3.0.20]
	... 25 more
2025-10-23 23:12:32,193 INFO o.a.j.t.JMeterThread: Thread started: Users 1-14
2025-10-23 23:12:32,197 INFO o.a.j.t.JMeterThread: Thread finished: Users 1-14
2025-10-23 23:12:32,197 ERROR o.a.j.JMeter: Uncaught exception in thread Thread[#73,Users 1-14,5,main]
org.codehaus.groovy.GroovyBugError: BUG! exception in phase 'semantic analysis' in source unit 'Script14.groovy' Unsupported class file major version 69
	at org.codehaus.groovy.control.CompilationUnit$ISourceUnitOperation.doPhaseOperation(CompilationUnit.java:906) ~[groovy-3.0.20.jar:3.0.20]
	at org.codehaus.groovy.control.CompilationUnit.compile(CompilationUnit.java:628) ~[groovy-3.0.20.jar:3.0.20]
	at groovy.lang.GroovyClassLoader.doParseClass(GroovyClassLoader.java:389) ~[groovy-3.0.20.jar:3.0.20]
	at groovy.lang.GroovyClassLoader.lambda$parseClass$3(GroovyClassLoader.java:332) ~[groovy-3.0.20.jar:3.0.20]
	at org.codehaus.groovy.runtime.memoize.StampedCommonCache.compute(StampedCommonCache.java:163) ~[groovy-3.0.20.jar:3.0.20]
	at org.codehaus.groovy.runtime.memoize.StampedCommonCache.getAndPut(StampedCommonCache.java:154) ~[groovy-3.0.20.jar:3.0.20]
	at groovy.lang.GroovyClassLoader.parseClass(GroovyClassLoader.java:330) ~[groovy-3.0.20.jar:3.0.20]
	at groovy.lang.GroovyClassLoader.parseClass(GroovyClassLoader.java:314) ~[groovy-3.0.20.jar:3.0.20]
	at groovy.lang.GroovyClassLoader.parseClass(GroovyClassLoader.java:257) ~[groovy-3.0.20.jar:3.0.20]
	at org.codehaus.groovy.jsr223.GroovyScriptEngineImpl.getScriptClass(GroovyScriptEngineImpl.java:336) ~[groovy-jsr223-3.0.20.jar:3.0.20]
	at org.codehaus.groovy.jsr223.GroovyScriptEngineImpl.compile(GroovyScriptEngineImpl.java:181) ~[groovy-jsr223-3.0.20.jar:3.0.20]
	at org.apache.jmeter.util.JSR223TestElement.lambda$processFileOrScript$1(JSR223TestElement.java:225) ~[ApacheJMeter_core.jar:5.6.3]
	at com.github.benmanes.caffeine.cache.BoundedLocalCache.lambda$doComputeIfAbsent$14(BoundedLocalCache.java:2406) ~[caffeine-2.9.3.jar:?]
	at java.base/java.util.concurrent.ConcurrentHashMap.compute(ConcurrentHashMap.java:1932) ~[?:?]
	at com.github.benmanes.caffeine.cache.BoundedLocalCache.doComputeIfAbsent(BoundedLocalCache.java:2404) ~[caffeine-2.9.3.jar:?]
	at com.github.benmanes.caffeine.cache.BoundedLocalCache.computeIfAbsent(BoundedLocalCache.java:2387) ~[caffeine-2.9.3.jar:?]
	at com.github.benmanes.caffeine.cache.LocalCache.computeIfAbsent(LocalCache.java:108) ~[caffeine-2.9.3.jar:?]
	at com.github.benmanes.caffeine.cache.LocalManualCache.get(LocalManualCache.java:62) ~[caffeine-2.9.3.jar:?]
	at org.apache.jmeter.util.JSR223TestElement.getCompiledScript(JSR223TestElement.java:252) ~[ApacheJMeter_core.jar:5.6.3]
	at org.apache.jmeter.util.JSR223TestElement.processFileOrScript(JSR223TestElement.java:223) ~[ApacheJMeter_core.jar:5.6.3]
	at org.apache.jmeter.modifiers.JSR223PreProcessor.process(JSR223PreProcessor.java:45) ~[ApacheJMeter_components.jar:5.6.3]
	at org.apache.jmeter.threads.JMeterThread.runPreProcessors(JMeterThread.java:983) ~[ApacheJMeter_core.jar:5.6.3]
	at org.apache.jmeter.threads.JMeterThread.executeSamplePackage(JMeterThread.java:561) ~[ApacheJMeter_core.jar:5.6.3]
	at org.apache.jmeter.threads.JMeterThread.processSampler(JMeterThread.java:501) ~[ApacheJMeter_core.jar:5.6.3]
	at org.apache.jmeter.threads.JMeterThread.run(JMeterThread.java:268) ~[ApacheJMeter_core.jar:5.6.3]
	at java.base/java.lang.Thread.run(Thread.java:1474) [?:?]
Caused by: java.lang.IllegalArgumentException: Unsupported class file major version 69
	at groovyjarjarasm.asm.ClassReader.<init>(ClassReader.java:199) ~[groovy-3.0.20.jar:3.0.20]
	at groovyjarjarasm.asm.ClassReader.<init>(ClassReader.java:180) ~[groovy-3.0.20.jar:3.0.20]
	at groovyjarjarasm.asm.ClassReader.<init>(ClassReader.java:166) ~[groovy-3.0.20.jar:3.0.20]
	at groovyjarjarasm.asm.ClassReader.<init>(ClassReader.java:287) ~[groovy-3.0.20.jar:3.0.20]
	at org.codehaus.groovy.ast.decompiled.AsmDecompiler.parseClass(AsmDecompiler.java:81) ~[groovy-3.0.20.jar:3.0.20]
	at org.codehaus.groovy.control.ClassNodeResolver.findDecompiled(ClassNodeResolver.java:251) ~[groovy-3.0.20.jar:3.0.20]
	at org.codehaus.groovy.control.ClassNodeResolver.tryAsLoaderClassOrScript(ClassNodeResolver.java:189) ~[groovy-3.0.20.jar:3.0.20]
	at org.codehaus.groovy.control.ClassNodeResolver.findClassNode(ClassNodeResolver.java:169) ~[groovy-3.0.20.jar:3.0.20]
	at org.codehaus.groovy.control.ClassNodeResolver.resolveName(ClassNodeResolver.java:125) ~[groovy-3.0.20.jar:3.0.20]
	at org.codehaus.groovy.control.ResolveVisitor.resolveToOuter(ResolveVisitor.java:875) ~[groovy-3.0.20.jar:3.0.20]
	at org.codehaus.groovy.control.ResolveVisitor.resolve(ResolveVisitor.java:506) ~[groovy-3.0.20.jar:3.0.20]
	at org.codehaus.groovy.control.ResolveVisitor.resolve(ResolveVisitor.java:467) ~[groovy-3.0.20.jar:3.0.20]
	at org.codehaus.groovy.control.ResolveVisitor.transformPropertyExpression(ResolveVisitor.java:1028) ~[groovy-3.0.20.jar:3.0.20]
	at org.codehaus.groovy.control.ResolveVisitor.transform(ResolveVisitor.java:896) ~[groovy-3.0.20.jar:3.0.20]
	at org.codehaus.groovy.control.ResolveVisitor.transformMethodCallExpression(ResolveVisitor.java:1270) ~[groovy-3.0.20.jar:3.0.20]
	at org.codehaus.groovy.control.ResolveVisitor.transform(ResolveVisitor.java:902) ~[groovy-3.0.20.jar:3.0.20]
	at org.codehaus.groovy.control.ResolveVisitor.transformMethodCallExpression(ResolveVisitor.java:1270) ~[groovy-3.0.20.jar:3.0.20]
	at org.codehaus.groovy.control.ResolveVisitor.transform(ResolveVisitor.java:902) ~[groovy-3.0.20.jar:3.0.20]
	at org.codehaus.groovy.control.ResolveVisitor.transformMethodCallExpression(ResolveVisitor.java:1270) ~[groovy-3.0.20.jar:3.0.20]
	at org.codehaus.groovy.control.ResolveVisitor.transform(ResolveVisitor.java:902) ~[groovy-3.0.20.jar:3.0.20]
	at org.codehaus.groovy.control.ResolveVisitor.transformDeclarationExpression(ResolveVisitor.java:1294) ~[groovy-3.0.20.jar:3.0.20]
	at org.codehaus.groovy.control.ResolveVisitor.transform(ResolveVisitor.java:898) ~[groovy-3.0.20.jar:3.0.20]
	at org.codehaus.groovy.ast.ClassCodeExpressionTransformer.visitExpressionStatement(ClassCodeExpressionTransformer.java:108) ~[groovy-3.0.20.jar:3.0.20]
	at org.codehaus.groovy.ast.stmt.ExpressionStatement.visit(ExpressionStatement.java:40) ~[groovy-3.0.20.jar:3.0.20]
	at org.codehaus.groovy.ast.CodeVisitorSupport.visitBlockStatement(CodeVisitorSupport.java:86) ~[groovy-3.0.20.jar:3.0.20]
	at org.codehaus.groovy.ast.ClassCodeVisitorSupport.visitBlockStatement(ClassCodeVisitorSupport.java:164) ~[groovy-3.0.20.jar:3.0.20]
	at org.codehaus.groovy.control.ResolveVisitor.visitBlockStatement(ResolveVisitor.java:1562) ~[groovy-3.0.20.jar:3.0.20]
	at org.codehaus.groovy.ast.stmt.BlockStatement.visit(BlockStatement.java:69) ~[groovy-3.0.20.jar:3.0.20]
	at org.codehaus.groovy.ast.ClassCodeVisitorSupport.visitClassCodeContainer(ClassCodeVisitorSupport.java:138) ~[groovy-3.0.20.jar:3.0.20]
	at org.codehaus.groovy.ast.ClassCodeVisitorSupport.visitConstructorOrMethod(ClassCodeVisitorSupport.java:111) ~[groovy-3.0.20.jar:3.0.20]
	at org.codehaus.groovy.ast.ClassCodeExpressionTransformer.visitConstructorOrMethod(ClassCodeExpressionTransformer.java:66) ~[groovy-3.0.20.jar:3.0.20]
	at org.codehaus.groovy.control.ResolveVisitor.visitConstructorOrMethod(ResolveVisitor.java:293) ~[groovy-3.0.20.jar:3.0.20]
	at org.codehaus.groovy.ast.ClassCodeVisitorSupport.visitMethod(ClassCodeVisitorSupport.java:106) ~[groovy-3.0.20.jar:3.0.20]
	at org.codehaus.groovy.ast.ClassNode.visitMethods(ClassNode.java:1095) ~[groovy-3.0.20.jar:3.0.20]
	at org.codehaus.groovy.ast.ClassNode.visitContents(ClassNode.java:1088) ~[groovy-3.0.20.jar:3.0.20]
	at org.codehaus.groovy.ast.ClassCodeVisitorSupport.visitClass(ClassCodeVisitorSupport.java:52) ~[groovy-3.0.20.jar:3.0.20]
	at org.codehaus.groovy.control.ResolveVisitor.visitClass(ResolveVisitor.java:1479) ~[groovy-3.0.20.jar:3.0.20]
	at org.codehaus.groovy.control.ResolveVisitor.startResolving(ResolveVisitor.java:262) ~[groovy-3.0.20.jar:3.0.20]
	at org.codehaus.groovy.control.CompilationUnit.lambda$new$16(CompilationUnit.java:739) ~[groovy-3.0.20.jar:3.0.20]
	at org.codehaus.groovy.control.CompilationUnit$ISourceUnitOperation.doPhaseOperation(CompilationUnit.java:902) ~[groovy-3.0.20.jar:3.0.20]
	... 25 more
2025-10-23 23:12:32,593 INFO o.a.j.t.JMeterThread: Thread started: Users 1-15
2025-10-23 23:12:32,597 INFO o.a.j.t.JMeterThread: Thread finished: Users 1-15
2025-10-23 23:12:32,597 ERROR o.a.j.JMeter: Uncaught exception in thread Thread[#74,Users 1-15,5,main]
org.codehaus.groovy.GroovyBugError: BUG! exception in phase 'semantic analysis' in source unit 'Script15.groovy' Unsupported class file major version 69
	at org.codehaus.groovy.control.CompilationUnit$ISourceUnitOperation.doPhaseOperation(CompilationUnit.java:906) ~[groovy-3.0.20.jar:3.0.20]
	at org.codehaus.groovy.control.CompilationUnit.compile(CompilationUnit.java:628) ~[groovy-3.0.20.jar:3.0.20]
	at groovy.lang.GroovyClassLoader.doParseClass(GroovyClassLoader.java:389) ~[groovy-3.0.20.jar:3.0.20]
	at groovy.lang.GroovyClassLoader.lambda$parseClass$3(GroovyClassLoader.java:332) ~[groovy-3.0.20.jar:3.0.20]
	at org.codehaus.groovy.runtime.memoize.StampedCommonCache.compute(StampedCommonCache.java:163) ~[groovy-3.0.20.jar:3.0.20]
	at org.codehaus.groovy.runtime.memoize.StampedCommonCache.getAndPut(StampedCommonCache.java:154) ~[groovy-3.0.20.jar:3.0.20]
	at groovy.lang.GroovyClassLoader.parseClass(GroovyClassLoader.java:330) ~[groovy-3.0.20.jar:3.0.20]
	at groovy.lang.GroovyClassLoader.parseClass(GroovyClassLoader.java:314) ~[groovy-3.0.20.jar:3.0.20]
	at groovy.lang.GroovyClassLoader.parseClass(GroovyClassLoader.java:257) ~[groovy-3.0.20.jar:3.0.20]
	at org.codehaus.groovy.jsr223.GroovyScriptEngineImpl.getScriptClass(GroovyScriptEngineImpl.java:336) ~[groovy-jsr223-3.0.20.jar:3.0.20]
	at org.codehaus.groovy.jsr223.GroovyScriptEngineImpl.compile(GroovyScriptEngineImpl.java:181) ~[groovy-jsr223-3.0.20.jar:3.0.20]
	at org.apache.jmeter.util.JSR223TestElement.lambda$processFileOrScript$1(JSR223TestElement.java:225) ~[ApacheJMeter_core.jar:5.6.3]
	at com.github.benmanes.caffeine.cache.BoundedLocalCache.lambda$doComputeIfAbsent$14(BoundedLocalCache.java:2406) ~[caffeine-2.9.3.jar:?]
	at java.base/java.util.concurrent.ConcurrentHashMap.compute(ConcurrentHashMap.java:1932) ~[?:?]
	at com.github.benmanes.caffeine.cache.BoundedLocalCache.doComputeIfAbsent(BoundedLocalCache.java:2404) ~[caffeine-2.9.3.jar:?]
	at com.github.benmanes.caffeine.cache.BoundedLocalCache.computeIfAbsent(BoundedLocalCache.java:2387) ~[caffeine-2.9.3.jar:?]
	at com.github.benmanes.caffeine.cache.LocalCache.computeIfAbsent(LocalCache.java:108) ~[caffeine-2.9.3.jar:?]
	at com.github.benmanes.caffeine.cache.LocalManualCache.get(LocalManualCache.java:62) ~[caffeine-2.9.3.jar:?]
	at org.apache.jmeter.util.JSR223TestElement.getCompiledScript(JSR223TestElement.java:252) ~[ApacheJMeter_core.jar:5.6.3]
	at org.apache.jmeter.util.JSR223TestElement.processFileOrScript(JSR223TestElement.java:223) ~[ApacheJMeter_core.jar:5.6.3]
	at org.apache.jmeter.modifiers.JSR223PreProcessor.process(JSR223PreProcessor.java:45) ~[ApacheJMeter_components.jar:5.6.3]
	at org.apache.jmeter.threads.JMeterThread.runPreProcessors(JMeterThread.java:983) ~[ApacheJMeter_core.jar:5.6.3]
	at org.apache.jmeter.threads.JMeterThread.executeSamplePackage(JMeterThread.java:561) ~[ApacheJMeter_core.jar:5.6.3]
	at org.apache.jmeter.threads.JMeterThread.processSampler(JMeterThread.java:501) ~[ApacheJMeter_core.jar:5.6.3]
	at org.apache.jmeter.threads.JMeterThread.run(JMeterThread.java:268) ~[ApacheJMeter_core.jar:5.6.3]
	at java.base/java.lang.Thread.run(Thread.java:1474) [?:?]
Caused by: java.lang.IllegalArgumentException: Unsupported class file major version 69
	at groovyjarjarasm.asm.ClassReader.<init>(ClassReader.java:199) ~[groovy-3.0.20.jar:3.0.20]
	at groovyjarjarasm.asm.ClassReader.<init>(ClassReader.java:180) ~[groovy-3.0.20.jar:3.0.20]
	at groovyjarjarasm.asm.ClassReader.<init>(ClassReader.java:166) ~[groovy-3.0.20.jar:3.0.20]
	at groovyjarjarasm.asm.ClassReader.<init>(ClassReader.java:287) ~[groovy-3.0.20.jar:3.0.20]
	at org.codehaus.groovy.ast.decompiled.AsmDecompiler.parseClass(AsmDecompiler.java:81) ~[groovy-3.0.20.jar:3.0.20]
	at org.codehaus.groovy.control.ClassNodeResolver.findDecompiled(ClassNodeResolver.java:251) ~[groovy-3.0.20.jar:3.0.20]
	at org.codehaus.groovy.control.ClassNodeResolver.tryAsLoaderClassOrScript(ClassNodeResolver.java:189) ~[groovy-3.0.20.jar:3.0.20]
	at org.codehaus.groovy.control.ClassNodeResolver.findClassNode(ClassNodeResolver.java:169) ~[groovy-3.0.20.jar:3.0.20]
	at org.codehaus.groovy.control.ClassNodeResolver.resolveName(ClassNodeResolver.java:125) ~[groovy-3.0.20.jar:3.0.20]
	at org.codehaus.groovy.control.ResolveVisitor.resolveToOuter(ResolveVisitor.java:875) ~[groovy-3.0.20.jar:3.0.20]
	at org.codehaus.groovy.control.ResolveVisitor.resolve(ResolveVisitor.java:506) ~[groovy-3.0.20.jar:3.0.20]
	at org.codehaus.groovy.control.ResolveVisitor.resolve(ResolveVisitor.java:467) ~[groovy-3.0.20.jar:3.0.20]
	at org.codehaus.groovy.control.ResolveVisitor.transformPropertyExpression(ResolveVisitor.java:1028) ~[groovy-3.0.20.jar:3.0.20]
	at org.codehaus.groovy.control.ResolveVisitor.transform(ResolveVisitor.java:896) ~[groovy-3.0.20.jar:3.0.20]
	at org.codehaus.groovy.control.ResolveVisitor.transformMethodCallExpression(ResolveVisitor.java:1270) ~[groovy-3.0.20.jar:3.0.20]
	at org.codehaus.groovy.control.ResolveVisitor.transform(ResolveVisitor.java:902) ~[groovy-3.0.20.jar:3.0.20]
	at org.codehaus.groovy.control.ResolveVisitor.transformMethodCallExpression(ResolveVisitor.java:1270) ~[groovy-3.0.20.jar:3.0.20]
	at org.codehaus.groovy.control.ResolveVisitor.transform(ResolveVisitor.java:902) ~[groovy-3.0.20.jar:3.0.20]
	at org.codehaus.groovy.control.ResolveVisitor.transformMethodCallExpression(ResolveVisitor.java:1270) ~[groovy-3.0.20.jar:3.0.20]
	at org.codehaus.groovy.control.ResolveVisitor.transform(ResolveVisitor.java:902) ~[groovy-3.0.20.jar:3.0.20]
	at org.codehaus.groovy.control.ResolveVisitor.transformDeclarationExpression(ResolveVisitor.java:1294) ~[groovy-3.0.20.jar:3.0.20]
	at org.codehaus.groovy.control.ResolveVisitor.transform(ResolveVisitor.java:898) ~[groovy-3.0.20.jar:3.0.20]
	at org.codehaus.groovy.ast.ClassCodeExpressionTransformer.visitExpressionStatement(ClassCodeExpressionTransformer.java:108) ~[groovy-3.0.20.jar:3.0.20]
	at org.codehaus.groovy.ast.stmt.ExpressionStatement.visit(ExpressionStatement.java:40) ~[groovy-3.0.20.jar:3.0.20]
	at org.codehaus.groovy.ast.CodeVisitorSupport.visitBlockStatement(CodeVisitorSupport.java:86) ~[groovy-3.0.20.jar:3.0.20]
	at org.codehaus.groovy.ast.ClassCodeVisitorSupport.visitBlockStatement(ClassCodeVisitorSupport.java:164) ~[groovy-3.0.20.jar:3.0.20]
	at org.codehaus.groovy.control.ResolveVisitor.visitBlockStatement(ResolveVisitor.java:1562) ~[groovy-3.0.20.jar:3.0.20]
	at org.codehaus.groovy.ast.stmt.BlockStatement.visit(BlockStatement.java:69) ~[groovy-3.0.20.jar:3.0.20]
	at org.codehaus.groovy.ast.ClassCodeVisitorSupport.visitClassCodeContainer(ClassCodeVisitorSupport.java:138) ~[groovy-3.0.20.jar:3.0.20]
	at org.codehaus.groovy.ast.ClassCodeVisitorSupport.visitConstructorOrMethod(ClassCodeVisitorSupport.java:111) ~[groovy-3.0.20.jar:3.0.20]
	at org.codehaus.groovy.ast.ClassCodeExpressionTransformer.visitConstructorOrMethod(ClassCodeExpressionTransformer.java:66) ~[groovy-3.0.20.jar:3.0.20]
	at org.codehaus.groovy.control.ResolveVisitor.visitConstructorOrMethod(ResolveVisitor.java:293) ~[groovy-3.0.20.jar:3.0.20]
	at org.codehaus.groovy.ast.ClassCodeVisitorSupport.visitMethod(ClassCodeVisitorSupport.java:106) ~[groovy-3.0.20.jar:3.0.20]
	at org.codehaus.groovy.ast.ClassNode.visitMethods(ClassNode.java:1095) ~[groovy-3.0.20.jar:3.0.20]
	at org.codehaus.groovy.ast.ClassNode.visitContents(ClassNode.java:1088) ~[groovy-3.0.20.jar:3.0.20]
	at org.codehaus.groovy.ast.ClassCodeVisitorSupport.visitClass(ClassCodeVisitorSupport.java:52) ~[groovy-3.0.20.jar:3.0.20]
	at org.codehaus.groovy.control.ResolveVisitor.visitClass(ResolveVisitor.java:1479) ~[groovy-3.0.20.jar:3.0.20]
	at org.codehaus.groovy.control.ResolveVisitor.startResolving(ResolveVisitor.java:262) ~[groovy-3.0.20.jar:3.0.20]
	at org.codehaus.groovy.control.CompilationUnit.lambda$new$16(CompilationUnit.java:739) ~[groovy-3.0.20.jar:3.0.20]
	at org.codehaus.groovy.control.CompilationUnit$ISourceUnitOperation.doPhaseOperation(CompilationUnit.java:902) ~[groovy-3.0.20.jar:3.0.20]
	... 25 more
2025-10-23 23:12:32,992 INFO o.a.j.t.JMeterThread: Thread started: Users 1-16
2025-10-23 23:12:32,997 INFO o.a.j.t.JMeterThread: Thread finished: Users 1-16
2025-10-23 23:12:32,997 ERROR o.a.j.JMeter: Uncaught exception in thread Thread[#75,Users 1-16,5,main]
org.codehaus.groovy.GroovyBugError: BUG! exception in phase 'semantic analysis' in source unit 'Script16.groovy' Unsupported class file major version 69
	at org.codehaus.groovy.control.CompilationUnit$ISourceUnitOperation.doPhaseOperation(CompilationUnit.java:906) ~[groovy-3.0.20.jar:3.0.20]
	at org.codehaus.groovy.control.CompilationUnit.compile(CompilationUnit.java:628) ~[groovy-3.0.20.jar:3.0.20]
	at groovy.lang.GroovyClassLoader.doParseClass(GroovyClassLoader.java:389) ~[groovy-3.0.20.jar:3.0.20]
	at groovy.lang.GroovyClassLoader.lambda$parseClass$3(GroovyClassLoader.java:332) ~[groovy-3.0.20.jar:3.0.20]
	at org.codehaus.groovy.runtime.memoize.StampedCommonCache.compute(StampedCommonCache.java:163) ~[groovy-3.0.20.jar:3.0.20]
	at org.codehaus.groovy.runtime.memoize.StampedCommonCache.getAndPut(StampedCommonCache.java:154) ~[groovy-3.0.20.jar:3.0.20]
	at groovy.lang.GroovyClassLoader.parseClass(GroovyClassLoader.java:330) ~[groovy-3.0.20.jar:3.0.20]
	at groovy.lang.GroovyClassLoader.parseClass(GroovyClassLoader.java:314) ~[groovy-3.0.20.jar:3.0.20]
	at groovy.lang.GroovyClassLoader.parseClass(GroovyClassLoader.java:257) ~[groovy-3.0.20.jar:3.0.20]
	at org.codehaus.groovy.jsr223.GroovyScriptEngineImpl.getScriptClass(GroovyScriptEngineImpl.java:336) ~[groovy-jsr223-3.0.20.jar:3.0.20]
	at org.codehaus.groovy.jsr223.GroovyScriptEngineImpl.compile(GroovyScriptEngineImpl.java:181) ~[groovy-jsr223-3.0.20.jar:3.0.20]
	at org.apache.jmeter.util.JSR223TestElement.lambda$processFileOrScript$1(JSR223TestElement.java:225) ~[ApacheJMeter_core.jar:5.6.3]
	at com.github.benmanes.caffeine.cache.BoundedLocalCache.lambda$doComputeIfAbsent$14(BoundedLocalCache.java:2406) ~[caffeine-2.9.3.jar:?]
	at java.base/java.util.concurrent.ConcurrentHashMap.compute(ConcurrentHashMap.java:1932) ~[?:?]
	at com.github.benmanes.caffeine.cache.BoundedLocalCache.doComputeIfAbsent(BoundedLocalCache.java:2404) ~[caffeine-2.9.3.jar:?]
	at com.github.benmanes.caffeine.cache.BoundedLocalCache.computeIfAbsent(BoundedLocalCache.java:2387) ~[caffeine-2.9.3.jar:?]
	at com.github.benmanes.caffeine.cache.LocalCache.computeIfAbsent(LocalCache.java:108) ~[caffeine-2.9.3.jar:?]
	at com.github.benmanes.caffeine.cache.LocalManualCache.get(LocalManualCache.java:62) ~[caffeine-2.9.3.jar:?]
	at org.apache.jmeter.util.JSR223TestElement.getCompiledScript(JSR223TestElement.java:252) ~[ApacheJMeter_core.jar:5.6.3]
	at org.apache.jmeter.util.JSR223TestElement.processFileOrScript(JSR223TestElement.java:223) ~[ApacheJMeter_core.jar:5.6.3]
	at org.apache.jmeter.modifiers.JSR223PreProcessor.process(JSR223PreProcessor.java:45) ~[ApacheJMeter_components.jar:5.6.3]
	at org.apache.jmeter.threads.JMeterThread.runPreProcessors(JMeterThread.java:983) ~[ApacheJMeter_core.jar:5.6.3]
	at org.apache.jmeter.threads.JMeterThread.executeSamplePackage(JMeterThread.java:561) ~[ApacheJMeter_core.jar:5.6.3]
	at org.apache.jmeter.threads.JMeterThread.processSampler(JMeterThread.java:501) ~[ApacheJMeter_core.jar:5.6.3]
	at org.apache.jmeter.threads.JMeterThread.run(JMeterThread.java:268) ~[ApacheJMeter_core.jar:5.6.3]
	at java.base/java.lang.Thread.run(Thread.java:1474) [?:?]
Caused by: java.lang.IllegalArgumentException: Unsupported class file major version 69
	at groovyjarjarasm.asm.ClassReader.<init>(ClassReader.java:199) ~[groovy-3.0.20.jar:3.0.20]
	at groovyjarjarasm.asm.ClassReader.<init>(ClassReader.java:180) ~[groovy-3.0.20.jar:3.0.20]
	at groovyjarjarasm.asm.ClassReader.<init>(ClassReader.java:166) ~[groovy-3.0.20.jar:3.0.20]
	at groovyjarjarasm.asm.ClassReader.<init>(ClassReader.java:287) ~[groovy-3.0.20.jar:3.0.20]
	at org.codehaus.groovy.ast.decompiled.AsmDecompiler.parseClass(AsmDecompiler.java:81) ~[groovy-3.0.20.jar:3.0.20]
	at org.codehaus.groovy.control.ClassNodeResolver.findDecompiled(ClassNodeResolver.java:251) ~[groovy-3.0.20.jar:3.0.20]
	at org.codehaus.groovy.control.ClassNodeResolver.tryAsLoaderClassOrScript(ClassNodeResolver.java:189) ~[groovy-3.0.20.jar:3.0.20]
	at org.codehaus.groovy.control.ClassNodeResolver.findClassNode(ClassNodeResolver.java:169) ~[groovy-3.0.20.jar:3.0.20]
	at org.codehaus.groovy.control.ClassNodeResolver.resolveName(ClassNodeResolver.java:125) ~[groovy-3.0.20.jar:3.0.20]
	at org.codehaus.groovy.control.ResolveVisitor.resolveToOuter(ResolveVisitor.java:875) ~[groovy-3.0.20.jar:3.0.20]
	at org.codehaus.groovy.control.ResolveVisitor.resolve(ResolveVisitor.java:506) ~[groovy-3.0.20.jar:3.0.20]
	at org.codehaus.groovy.control.ResolveVisitor.resolve(ResolveVisitor.java:467) ~[groovy-3.0.20.jar:3.0.20]
	at org.codehaus.groovy.control.ResolveVisitor.transformPropertyExpression(ResolveVisitor.java:1028) ~[groovy-3.0.20.jar:3.0.20]
	at org.codehaus.groovy.control.ResolveVisitor.transform(ResolveVisitor.java:896) ~[groovy-3.0.20.jar:3.0.20]
	at org.codehaus.groovy.control.ResolveVisitor.transformMethodCallExpression(ResolveVisitor.java:1270) ~[groovy-3.0.20.jar:3.0.20]
	at org.codehaus.groovy.control.ResolveVisitor.transform(ResolveVisitor.java:902) ~[groovy-3.0.20.jar:3.0.20]
	at org.codehaus.groovy.control.ResolveVisitor.transformMethodCallExpression(ResolveVisitor.java:1270) ~[groovy-3.0.20.jar:3.0.20]
	at org.codehaus.groovy.control.ResolveVisitor.transform(ResolveVisitor.java:902) ~[groovy-3.0.20.jar:3.0.20]
	at org.codehaus.groovy.control.ResolveVisitor.transformMethodCallExpression(ResolveVisitor.java:1270) ~[groovy-3.0.20.jar:3.0.20]
	at org.codehaus.groovy.control.ResolveVisitor.transform(ResolveVisitor.java:902) ~[groovy-3.0.20.jar:3.0.20]
	at org.codehaus.groovy.control.ResolveVisitor.transformDeclarationExpression(ResolveVisitor.java:1294) ~[groovy-3.0.20.jar:3.0.20]
	at org.codehaus.groovy.control.ResolveVisitor.transform(ResolveVisitor.java:898) ~[groovy-3.0.20.jar:3.0.20]
	at org.codehaus.groovy.ast.ClassCodeExpressionTransformer.visitExpressionStatement(ClassCodeExpressionTransformer.java:108) ~[groovy-3.0.20.jar:3.0.20]
	at org.codehaus.groovy.ast.stmt.ExpressionStatement.visit(ExpressionStatement.java:40) ~[groovy-3.0.20.jar:3.0.20]
	at org.codehaus.groovy.ast.CodeVisitorSupport.visitBlockStatement(CodeVisitorSupport.java:86) ~[groovy-3.0.20.jar:3.0.20]
	at org.codehaus.groovy.ast.ClassCodeVisitorSupport.visitBlockStatement(ClassCodeVisitorSupport.java:164) ~[groovy-3.0.20.jar:3.0.20]
	at org.codehaus.groovy.control.ResolveVisitor.visitBlockStatement(ResolveVisitor.java:1562) ~[groovy-3.0.20.jar:3.0.20]
	at org.codehaus.groovy.ast.stmt.BlockStatement.visit(BlockStatement.java:69) ~[groovy-3.0.20.jar:3.0.20]
	at org.codehaus.groovy.ast.ClassCodeVisitorSupport.visitClassCodeContainer(ClassCodeVisitorSupport.java:138) ~[groovy-3.0.20.jar:3.0.20]
	at org.codehaus.groovy.ast.ClassCodeVisitorSupport.visitConstructorOrMethod(ClassCodeVisitorSupport.java:111) ~[groovy-3.0.20.jar:3.0.20]
	at org.codehaus.groovy.ast.ClassCodeExpressionTransformer.visitConstructorOrMethod(ClassCodeExpressionTransformer.java:66) ~[groovy-3.0.20.jar:3.0.20]
	at org.codehaus.groovy.control.ResolveVisitor.visitConstructorOrMethod(ResolveVisitor.java:293) ~[groovy-3.0.20.jar:3.0.20]
	at org.codehaus.groovy.ast.ClassCodeVisitorSupport.visitMethod(ClassCodeVisitorSupport.java:106) ~[groovy-3.0.20.jar:3.0.20]
	at org.codehaus.groovy.ast.ClassNode.visitMethods(ClassNode.java:1095) ~[groovy-3.0.20.jar:3.0.20]
	at org.codehaus.groovy.ast.ClassNode.visitContents(ClassNode.java:1088) ~[groovy-3.0.20.jar:3.0.20]
	at org.codehaus.groovy.ast.ClassCodeVisitorSupport.visitClass(ClassCodeVisitorSupport.java:52) ~[groovy-3.0.20.jar:3.0.20]
	at org.codehaus.groovy.control.ResolveVisitor.visitClass(ResolveVisitor.java:1479) ~[groovy-3.0.20.jar:3.0.20]
	at org.codehaus.groovy.control.ResolveVisitor.startResolving(ResolveVisitor.java:262) ~[groovy-3.0.20.jar:3.0.20]
	at org.codehaus.groovy.control.CompilationUnit.lambda$new$16(CompilationUnit.java:739) ~[groovy-3.0.20.jar:3.0.20]
	at org.codehaus.groovy.control.CompilationUnit$ISourceUnitOperation.doPhaseOperation(CompilationUnit.java:902) ~[groovy-3.0.20.jar:3.0.20]
	... 25 more
2025-10-23 23:12:33,391 INFO o.a.j.t.JMeterThread: Thread started: Users 1-17
2025-10-23 23:12:33,395 INFO o.a.j.t.JMeterThread: Thread finished: Users 1-17
2025-10-23 23:12:33,395 ERROR o.a.j.JMeter: Uncaught exception in thread Thread[#76,Users 1-17,5,main]
org.codehaus.groovy.GroovyBugError: BUG! exception in phase 'semantic analysis' in source unit 'Script17.groovy' Unsupported class file major version 69
	at org.codehaus.groovy.control.CompilationUnit$ISourceUnitOperation.doPhaseOperation(CompilationUnit.java:906) ~[groovy-3.0.20.jar:3.0.20]
	at org.codehaus.groovy.control.CompilationUnit.compile(CompilationUnit.java:628) ~[groovy-3.0.20.jar:3.0.20]
	at groovy.lang.GroovyClassLoader.doParseClass(GroovyClassLoader.java:389) ~[groovy-3.0.20.jar:3.0.20]
	at groovy.lang.GroovyClassLoader.lambda$parseClass$3(GroovyClassLoader.java:332) ~[groovy-3.0.20.jar:3.0.20]
	at org.codehaus.groovy.runtime.memoize.StampedCommonCache.compute(StampedCommonCache.java:163) ~[groovy-3.0.20.jar:3.0.20]
	at org.codehaus.groovy.runtime.memoize.StampedCommonCache.getAndPut(StampedCommonCache.java:154) ~[groovy-3.0.20.jar:3.0.20]
	at groovy.lang.GroovyClassLoader.parseClass(GroovyClassLoader.java:330) ~[groovy-3.0.20.jar:3.0.20]
	at groovy.lang.GroovyClassLoader.parseClass(GroovyClassLoader.java:314) ~[groovy-3.0.20.jar:3.0.20]
	at groovy.lang.GroovyClassLoader.parseClass(GroovyClassLoader.java:257) ~[groovy-3.0.20.jar:3.0.20]
	at org.codehaus.groovy.jsr223.GroovyScriptEngineImpl.getScriptClass(GroovyScriptEngineImpl.java:336) ~[groovy-jsr223-3.0.20.jar:3.0.20]
	at org.codehaus.groovy.jsr223.GroovyScriptEngineImpl.compile(GroovyScriptEngineImpl.java:181) ~[groovy-jsr223-3.0.20.jar:3.0.20]
	at org.apache.jmeter.util.JSR223TestElement.lambda$processFileOrScript$1(JSR223TestElement.java:225) ~[ApacheJMeter_core.jar:5.6.3]
	at com.github.benmanes.caffeine.cache.BoundedLocalCache.lambda$doComputeIfAbsent$14(BoundedLocalCache.java:2406) ~[caffeine-2.9.3.jar:?]
	at java.base/java.util.concurrent.ConcurrentHashMap.compute(ConcurrentHashMap.java:1932) ~[?:?]
	at com.github.benmanes.caffeine.cache.BoundedLocalCache.doComputeIfAbsent(BoundedLocalCache.java:2404) ~[caffeine-2.9.3.jar:?]
	at com.github.benmanes.caffeine.cache.BoundedLocalCache.computeIfAbsent(BoundedLocalCache.java:2387) ~[caffeine-2.9.3.jar:?]
	at com.github.benmanes.caffeine.cache.LocalCache.computeIfAbsent(LocalCache.java:108) ~[caffeine-2.9.3.jar:?]
	at com.github.benmanes.caffeine.cache.LocalManualCache.get(LocalManualCache.java:62) ~[caffeine-2.9.3.jar:?]
	at org.apache.jmeter.util.JSR223TestElement.getCompiledScript(JSR223TestElement.java:252) ~[ApacheJMeter_core.jar:5.6.3]
	at org.apache.jmeter.util.JSR223TestElement.processFileOrScript(JSR223TestElement.java:223) ~[ApacheJMeter_core.jar:5.6.3]
	at org.apache.jmeter.modifiers.JSR223PreProcessor.process(JSR223PreProcessor.java:45) ~[ApacheJMeter_components.jar:5.6.3]
	at org.apache.jmeter.threads.JMeterThread.runPreProcessors(JMeterThread.java:983) ~[ApacheJMeter_core.jar:5.6.3]
	at org.apache.jmeter.threads.JMeterThread.executeSamplePackage(JMeterThread.java:561) ~[ApacheJMeter_core.jar:5.6.3]
	at org.apache.jmeter.threads.JMeterThread.processSampler(JMeterThread.java:501) ~[ApacheJMeter_core.jar:5.6.3]
	at org.apache.jmeter.threads.JMeterThread.run(JMeterThread.java:268) ~[ApacheJMeter_core.jar:5.6.3]
	at java.base/java.lang.Thread.run(Thread.java:1474) [?:?]
Caused by: java.lang.IllegalArgumentException: Unsupported class file major version 69
	at groovyjarjarasm.asm.ClassReader.<init>(ClassReader.java:199) ~[groovy-3.0.20.jar:3.0.20]
	at groovyjarjarasm.asm.ClassReader.<init>(ClassReader.java:180) ~[groovy-3.0.20.jar:3.0.20]
	at groovyjarjarasm.asm.ClassReader.<init>(ClassReader.java:166) ~[groovy-3.0.20.jar:3.0.20]
	at groovyjarjarasm.asm.ClassReader.<init>(ClassReader.java:287) ~[groovy-3.0.20.jar:3.0.20]
	at org.codehaus.groovy.ast.decompiled.AsmDecompiler.parseClass(AsmDecompiler.java:81) ~[groovy-3.0.20.jar:3.0.20]
	at org.codehaus.groovy.control.ClassNodeResolver.findDecompiled(ClassNodeResolver.java:251) ~[groovy-3.0.20.jar:3.0.20]
	at org.codehaus.groovy.control.ClassNodeResolver.tryAsLoaderClassOrScript(ClassNodeResolver.java:189) ~[groovy-3.0.20.jar:3.0.20]
	at org.codehaus.groovy.control.ClassNodeResolver.findClassNode(ClassNodeResolver.java:169) ~[groovy-3.0.20.jar:3.0.20]
	at org.codehaus.groovy.control.ClassNodeResolver.resolveName(ClassNodeResolver.java:125) ~[groovy-3.0.20.jar:3.0.20]
	at org.codehaus.groovy.control.ResolveVisitor.resolveToOuter(ResolveVisitor.java:875) ~[groovy-3.0.20.jar:3.0.20]
	at org.codehaus.groovy.control.ResolveVisitor.resolve(ResolveVisitor.java:506) ~[groovy-3.0.20.jar:3.0.20]
	at org.codehaus.groovy.control.ResolveVisitor.resolve(ResolveVisitor.java:467) ~[groovy-3.0.20.jar:3.0.20]
	at org.codehaus.groovy.control.ResolveVisitor.transformPropertyExpression(ResolveVisitor.java:1028) ~[groovy-3.0.20.jar:3.0.20]
	at org.codehaus.groovy.control.ResolveVisitor.transform(ResolveVisitor.java:896) ~[groovy-3.0.20.jar:3.0.20]
	at org.codehaus.groovy.control.ResolveVisitor.transformMethodCallExpression(ResolveVisitor.java:1270) ~[groovy-3.0.20.jar:3.0.20]
	at org.codehaus.groovy.control.ResolveVisitor.transform(ResolveVisitor.java:902) ~[groovy-3.0.20.jar:3.0.20]
	at org.codehaus.groovy.control.ResolveVisitor.transformMethodCallExpression(ResolveVisitor.java:1270) ~[groovy-3.0.20.jar:3.0.20]
	at org.codehaus.groovy.control.ResolveVisitor.transform(ResolveVisitor.java:902) ~[groovy-3.0.20.jar:3.0.20]
	at org.codehaus.groovy.control.ResolveVisitor.transformMethodCallExpression(ResolveVisitor.java:1270) ~[groovy-3.0.20.jar:3.0.20]
	at org.codehaus.groovy.control.ResolveVisitor.transform(ResolveVisitor.java:902) ~[groovy-3.0.20.jar:3.0.20]
	at org.codehaus.groovy.control.ResolveVisitor.transformDeclarationExpression(ResolveVisitor.java:1294) ~[groovy-3.0.20.jar:3.0.20]
	at org.codehaus.groovy.control.ResolveVisitor.transform(ResolveVisitor.java:898) ~[groovy-3.0.20.jar:3.0.20]
	at org.codehaus.groovy.ast.ClassCodeExpressionTransformer.visitExpressionStatement(ClassCodeExpressionTransformer.java:108) ~[groovy-3.0.20.jar:3.0.20]
	at org.codehaus.groovy.ast.stmt.ExpressionStatement.visit(ExpressionStatement.java:40) ~[groovy-3.0.20.jar:3.0.20]
	at org.codehaus.groovy.ast.CodeVisitorSupport.visitBlockStatement(CodeVisitorSupport.java:86) ~[groovy-3.0.20.jar:3.0.20]
	at org.codehaus.groovy.ast.ClassCodeVisitorSupport.visitBlockStatement(ClassCodeVisitorSupport.java:164) ~[groovy-3.0.20.jar:3.0.20]
	at org.codehaus.groovy.control.ResolveVisitor.visitBlockStatement(ResolveVisitor.java:1562) ~[groovy-3.0.20.jar:3.0.20]
	at org.codehaus.groovy.ast.stmt.BlockStatement.visit(BlockStatement.java:69) ~[groovy-3.0.20.jar:3.0.20]
	at org.codehaus.groovy.ast.ClassCodeVisitorSupport.visitClassCodeContainer(ClassCodeVisitorSupport.java:138) ~[groovy-3.0.20.jar:3.0.20]
	at org.codehaus.groovy.ast.ClassCodeVisitorSupport.visitConstructorOrMethod(ClassCodeVisitorSupport.java:111) ~[groovy-3.0.20.jar:3.0.20]
	at org.codehaus.groovy.ast.ClassCodeExpressionTransformer.visitConstructorOrMethod(ClassCodeExpressionTransformer.java:66) ~[groovy-3.0.20.jar:3.0.20]
	at org.codehaus.groovy.control.ResolveVisitor.visitConstructorOrMethod(ResolveVisitor.java:293) ~[groovy-3.0.20.jar:3.0.20]
	at org.codehaus.groovy.ast.ClassCodeVisitorSupport.visitMethod(ClassCodeVisitorSupport.java:106) ~[groovy-3.0.20.jar:3.0.20]
	at org.codehaus.groovy.ast.ClassNode.visitMethods(ClassNode.java:1095) ~[groovy-3.0.20.jar:3.0.20]
	at org.codehaus.groovy.ast.ClassNode.visitContents(ClassNode.java:1088) ~[groovy-3.0.20.jar:3.0.20]
	at org.codehaus.groovy.ast.ClassCodeVisitorSupport.visitClass(ClassCodeVisitorSupport.java:52) ~[groovy-3.0.20.jar:3.0.20]
	at org.codehaus.groovy.control.ResolveVisitor.visitClass(ResolveVisitor.java:1479) ~[groovy-3.0.20.jar:3.0.20]
	at org.codehaus.groovy.control.ResolveVisitor.startResolving(ResolveVisitor.java:262) ~[groovy-3.0.20.jar:3.0.20]
	at org.codehaus.groovy.control.CompilationUnit.lambda$new$16(CompilationUnit.java:739) ~[groovy-3.0.20.jar:3.0.20]
	at org.codehaus.groovy.control.CompilationUnit$ISourceUnitOperation.doPhaseOperation(CompilationUnit.java:902) ~[groovy-3.0.20.jar:3.0.20]
	... 25 more
2025-10-23 23:12:33,791 INFO o.a.j.t.JMeterThread: Thread started: Users 1-18
2025-10-23 23:12:33,794 INFO o.a.j.t.JMeterThread: Thread finished: Users 1-18
2025-10-23 23:12:33,794 ERROR o.a.j.JMeter: Uncaught exception in thread Thread[#77,Users 1-18,5,main]
org.codehaus.groovy.GroovyBugError: BUG! exception in phase 'semantic analysis' in source unit 'Script18.groovy' Unsupported class file major version 69
	at org.codehaus.groovy.control.CompilationUnit$ISourceUnitOperation.doPhaseOperation(CompilationUnit.java:906) ~[groovy-3.0.20.jar:3.0.20]
	at org.codehaus.groovy.control.CompilationUnit.compile(CompilationUnit.java:628) ~[groovy-3.0.20.jar:3.0.20]
	at groovy.lang.GroovyClassLoader.doParseClass(GroovyClassLoader.java:389) ~[groovy-3.0.20.jar:3.0.20]
	at groovy.lang.GroovyClassLoader.lambda$parseClass$3(GroovyClassLoader.java:332) ~[groovy-3.0.20.jar:3.0.20]
	at org.codehaus.groovy.runtime.memoize.StampedCommonCache.compute(StampedCommonCache.java:163) ~[groovy-3.0.20.jar:3.0.20]
	at org.codehaus.groovy.runtime.memoize.StampedCommonCache.getAndPut(StampedCommonCache.java:154) ~[groovy-3.0.20.jar:3.0.20]
	at groovy.lang.GroovyClassLoader.parseClass(GroovyClassLoader.java:330) ~[groovy-3.0.20.jar:3.0.20]
	at groovy.lang.GroovyClassLoader.parseClass(GroovyClassLoader.java:314) ~[groovy-3.0.20.jar:3.0.20]
	at groovy.lang.GroovyClassLoader.parseClass(GroovyClassLoader.java:257) ~[groovy-3.0.20.jar:3.0.20]
	at org.codehaus.groovy.jsr223.GroovyScriptEngineImpl.getScriptClass(GroovyScriptEngineImpl.java:336) ~[groovy-jsr223-3.0.20.jar:3.0.20]
	at org.codehaus.groovy.jsr223.GroovyScriptEngineImpl.compile(GroovyScriptEngineImpl.java:181) ~[groovy-jsr223-3.0.20.jar:3.0.20]
	at org.apache.jmeter.util.JSR223TestElement.lambda$processFileOrScript$1(JSR223TestElement.java:225) ~[ApacheJMeter_core.jar:5.6.3]
	at com.github.benmanes.caffeine.cache.BoundedLocalCache.lambda$doComputeIfAbsent$14(BoundedLocalCache.java:2406) ~[caffeine-2.9.3.jar:?]
	at java.base/java.util.concurrent.ConcurrentHashMap.compute(ConcurrentHashMap.java:1932) ~[?:?]
	at com.github.benmanes.caffeine.cache.BoundedLocalCache.doComputeIfAbsent(BoundedLocalCache.java:2404) ~[caffeine-2.9.3.jar:?]
	at com.github.benmanes.caffeine.cache.BoundedLocalCache.computeIfAbsent(BoundedLocalCache.java:2387) ~[caffeine-2.9.3.jar:?]
	at com.github.benmanes.caffeine.cache.LocalCache.computeIfAbsent(LocalCache.java:108) ~[caffeine-2.9.3.jar:?]
	at com.github.benmanes.caffeine.cache.LocalManualCache.get(LocalManualCache.java:62) ~[caffeine-2.9.3.jar:?]
	at org.apache.jmeter.util.JSR223TestElement.getCompiledScript(JSR223TestElement.java:252) ~[ApacheJMeter_core.jar:5.6.3]
	at org.apache.jmeter.util.JSR223TestElement.processFileOrScript(JSR223TestElement.java:223) ~[ApacheJMeter_core.jar:5.6.3]
	at org.apache.jmeter.modifiers.JSR223PreProcessor.process(JSR223PreProcessor.java:45) ~[ApacheJMeter_components.jar:5.6.3]
	at org.apache.jmeter.threads.JMeterThread.runPreProcessors(JMeterThread.java:983) ~[ApacheJMeter_core.jar:5.6.3]
	at org.apache.jmeter.threads.JMeterThread.executeSamplePackage(JMeterThread.java:561) ~[ApacheJMeter_core.jar:5.6.3]
	at org.apache.jmeter.threads.JMeterThread.processSampler(JMeterThread.java:501) ~[ApacheJMeter_core.jar:5.6.3]
	at org.apache.jmeter.threads.JMeterThread.run(JMeterThread.java:268) ~[ApacheJMeter_core.jar:5.6.3]
	at java.base/java.lang.Thread.run(Thread.java:1474) [?:?]
Caused by: java.lang.IllegalArgumentException: Unsupported class file major version 69
	at groovyjarjarasm.asm.ClassReader.<init>(ClassReader.java:199) ~[groovy-3.0.20.jar:3.0.20]
	at groovyjarjarasm.asm.ClassReader.<init>(ClassReader.java:180) ~[groovy-3.0.20.jar:3.0.20]
	at groovyjarjarasm.asm.ClassReader.<init>(ClassReader.java:166) ~[groovy-3.0.20.jar:3.0.20]
	at groovyjarjarasm.asm.ClassReader.<init>(ClassReader.java:287) ~[groovy-3.0.20.jar:3.0.20]
	at org.codehaus.groovy.ast.decompiled.AsmDecompiler.parseClass(AsmDecompiler.java:81) ~[groovy-3.0.20.jar:3.0.20]
	at org.codehaus.groovy.control.ClassNodeResolver.findDecompiled(ClassNodeResolver.java:251) ~[groovy-3.0.20.jar:3.0.20]
	at org.codehaus.groovy.control.ClassNodeResolver.tryAsLoaderClassOrScript(ClassNodeResolver.java:189) ~[groovy-3.0.20.jar:3.0.20]
	at org.codehaus.groovy.control.ClassNodeResolver.findClassNode(ClassNodeResolver.java:169) ~[groovy-3.0.20.jar:3.0.20]
	at org.codehaus.groovy.control.ClassNodeResolver.resolveName(ClassNodeResolver.java:125) ~[groovy-3.0.20.jar:3.0.20]
	at org.codehaus.groovy.control.ResolveVisitor.resolveToOuter(ResolveVisitor.java:875) ~[groovy-3.0.20.jar:3.0.20]
	at org.codehaus.groovy.control.ResolveVisitor.resolve(ResolveVisitor.java:506) ~[groovy-3.0.20.jar:3.0.20]
	at org.codehaus.groovy.control.ResolveVisitor.resolve(ResolveVisitor.java:467) ~[groovy-3.0.20.jar:3.0.20]
	at org.codehaus.groovy.control.ResolveVisitor.transformPropertyExpression(ResolveVisitor.java:1028) ~[groovy-3.0.20.jar:3.0.20]
	at org.codehaus.groovy.control.ResolveVisitor.transform(ResolveVisitor.java:896) ~[groovy-3.0.20.jar:3.0.20]
	at org.codehaus.groovy.control.ResolveVisitor.transformMethodCallExpression(ResolveVisitor.java:1270) ~[groovy-3.0.20.jar:3.0.20]
	at org.codehaus.groovy.control.ResolveVisitor.transform(ResolveVisitor.java:902) ~[groovy-3.0.20.jar:3.0.20]
	at org.codehaus.groovy.control.ResolveVisitor.transformMethodCallExpression(ResolveVisitor.java:1270) ~[groovy-3.0.20.jar:3.0.20]
	at org.codehaus.groovy.control.ResolveVisitor.transform(ResolveVisitor.java:902) ~[groovy-3.0.20.jar:3.0.20]
	at org.codehaus.groovy.control.ResolveVisitor.transformMethodCallExpression(ResolveVisitor.java:1270) ~[groovy-3.0.20.jar:3.0.20]
	at org.codehaus.groovy.control.ResolveVisitor.transform(ResolveVisitor.java:902) ~[groovy-3.0.20.jar:3.0.20]
	at org.codehaus.groovy.control.ResolveVisitor.transformDeclarationExpression(ResolveVisitor.java:1294) ~[groovy-3.0.20.jar:3.0.20]
	at org.codehaus.groovy.control.ResolveVisitor.transform(ResolveVisitor.java:898) ~[groovy-3.0.20.jar:3.0.20]
	at org.codehaus.groovy.ast.ClassCodeExpressionTransformer.visitExpressionStatement(ClassCodeExpressionTransformer.java:108) ~[groovy-3.0.20.jar:3.0.20]
	at org.codehaus.groovy.ast.stmt.ExpressionStatement.visit(ExpressionStatement.java:40) ~[groovy-3.0.20.jar:3.0.20]
	at org.codehaus.groovy.ast.CodeVisitorSupport.visitBlockStatement(CodeVisitorSupport.java:86) ~[groovy-3.0.20.jar:3.0.20]
	at org.codehaus.groovy.ast.ClassCodeVisitorSupport.visitBlockStatement(ClassCodeVisitorSupport.java:164) ~[groovy-3.0.20.jar:3.0.20]
	at org.codehaus.groovy.control.ResolveVisitor.visitBlockStatement(ResolveVisitor.java:1562) ~[groovy-3.0.20.jar:3.0.20]
	at org.codehaus.groovy.ast.stmt.BlockStatement.visit(BlockStatement.java:69) ~[groovy-3.0.20.jar:3.0.20]
	at org.codehaus.groovy.ast.ClassCodeVisitorSupport.visitClassCodeContainer(ClassCodeVisitorSupport.java:138) ~[groovy-3.0.20.jar:3.0.20]
	at org.codehaus.groovy.ast.ClassCodeVisitorSupport.visitConstructorOrMethod(ClassCodeVisitorSupport.java:111) ~[groovy-3.0.20.jar:3.0.20]
	at org.codehaus.groovy.ast.ClassCodeExpressionTransformer.visitConstructorOrMethod(ClassCodeExpressionTransformer.java:66) ~[groovy-3.0.20.jar:3.0.20]
	at org.codehaus.groovy.control.ResolveVisitor.visitConstructorOrMethod(ResolveVisitor.java:293) ~[groovy-3.0.20.jar:3.0.20]
	at org.codehaus.groovy.ast.ClassCodeVisitorSupport.visitMethod(ClassCodeVisitorSupport.java:106) ~[groovy-3.0.20.jar:3.0.20]
	at org.codehaus.groovy.ast.ClassNode.visitMethods(ClassNode.java:1095) ~[groovy-3.0.20.jar:3.0.20]
	at org.codehaus.groovy.ast.ClassNode.visitContents(ClassNode.java:1088) ~[groovy-3.0.20.jar:3.0.20]
	at org.codehaus.groovy.ast.ClassCodeVisitorSupport.visitClass(ClassCodeVisitorSupport.java:52) ~[groovy-3.0.20.jar:3.0.20]
	at org.codehaus.groovy.control.ResolveVisitor.visitClass(ResolveVisitor.java:1479) ~[groovy-3.0.20.jar:3.0.20]
	at org.codehaus.groovy.control.ResolveVisitor.startResolving(ResolveVisitor.java:262) ~[groovy-3.0.20.jar:3.0.20]
	at org.codehaus.groovy.control.CompilationUnit.lambda$new$16(CompilationUnit.java:739) ~[groovy-3.0.20.jar:3.0.20]
	at org.codehaus.groovy.control.CompilationUnit$ISourceUnitOperation.doPhaseOperation(CompilationUnit.java:902) ~[groovy-3.0.20.jar:3.0.20]
	... 25 more
2025-10-23 23:12:34,192 INFO o.a.j.t.JMeterThread: Thread started: Users 1-19
2025-10-23 23:12:34,195 INFO o.a.j.t.JMeterThread: Thread finished: Users 1-19
2025-10-23 23:12:34,195 ERROR o.a.j.JMeter: Uncaught exception in thread Thread[#78,Users 1-19,5,main]
org.codehaus.groovy.GroovyBugError: BUG! exception in phase 'semantic analysis' in source unit 'Script19.groovy' Unsupported class file major version 69
	at org.codehaus.groovy.control.CompilationUnit$ISourceUnitOperation.doPhaseOperation(CompilationUnit.java:906) ~[groovy-3.0.20.jar:3.0.20]
	at org.codehaus.groovy.control.CompilationUnit.compile(CompilationUnit.java:628) ~[groovy-3.0.20.jar:3.0.20]
	at groovy.lang.GroovyClassLoader.doParseClass(GroovyClassLoader.java:389) ~[groovy-3.0.20.jar:3.0.20]
	at groovy.lang.GroovyClassLoader.lambda$parseClass$3(GroovyClassLoader.java:332) ~[groovy-3.0.20.jar:3.0.20]
	at org.codehaus.groovy.runtime.memoize.StampedCommonCache.compute(StampedCommonCache.java:163) ~[groovy-3.0.20.jar:3.0.20]
	at org.codehaus.groovy.runtime.memoize.StampedCommonCache.getAndPut(StampedCommonCache.java:154) ~[groovy-3.0.20.jar:3.0.20]
	at groovy.lang.GroovyClassLoader.parseClass(GroovyClassLoader.java:330) ~[groovy-3.0.20.jar:3.0.20]
	at groovy.lang.GroovyClassLoader.parseClass(GroovyClassLoader.java:314) ~[groovy-3.0.20.jar:3.0.20]
	at groovy.lang.GroovyClassLoader.parseClass(GroovyClassLoader.java:257) ~[groovy-3.0.20.jar:3.0.20]
	at org.codehaus.groovy.jsr223.GroovyScriptEngineImpl.getScriptClass(GroovyScriptEngineImpl.java:336) ~[groovy-jsr223-3.0.20.jar:3.0.20]
	at org.codehaus.groovy.jsr223.GroovyScriptEngineImpl.compile(GroovyScriptEngineImpl.java:181) ~[groovy-jsr223-3.0.20.jar:3.0.20]
	at org.apache.jmeter.util.JSR223TestElement.lambda$processFileOrScript$1(JSR223TestElement.java:225) ~[ApacheJMeter_core.jar:5.6.3]
	at com.github.benmanes.caffeine.cache.BoundedLocalCache.lambda$doComputeIfAbsent$14(BoundedLocalCache.java:2406) ~[caffeine-2.9.3.jar:?]
	at java.base/java.util.concurrent.ConcurrentHashMap.compute(ConcurrentHashMap.java:1932) ~[?:?]
	at com.github.benmanes.caffeine.cache.BoundedLocalCache.doComputeIfAbsent(BoundedLocalCache.java:2404) ~[caffeine-2.9.3.jar:?]
	at com.github.benmanes.caffeine.cache.BoundedLocalCache.computeIfAbsent(BoundedLocalCache.java:2387) ~[caffeine-2.9.3.jar:?]
	at com.github.benmanes.caffeine.cache.LocalCache.computeIfAbsent(LocalCache.java:108) ~[caffeine-2.9.3.jar:?]
	at com.github.benmanes.caffeine.cache.LocalManualCache.get(LocalManualCache.java:62) ~[caffeine-2.9.3.jar:?]
	at org.apache.jmeter.util.JSR223TestElement.getCompiledScript(JSR223TestElement.java:252) ~[ApacheJMeter_core.jar:5.6.3]
	at org.apache.jmeter.util.JSR223TestElement.processFileOrScript(JSR223TestElement.java:223) ~[ApacheJMeter_core.jar:5.6.3]
	at org.apache.jmeter.modifiers.JSR223PreProcessor.process(JSR223PreProcessor.java:45) ~[ApacheJMeter_components.jar:5.6.3]
	at org.apache.jmeter.threads.JMeterThread.runPreProcessors(JMeterThread.java:983) ~[ApacheJMeter_core.jar:5.6.3]
	at org.apache.jmeter.threads.JMeterThread.executeSamplePackage(JMeterThread.java:561) ~[ApacheJMeter_core.jar:5.6.3]
	at org.apache.jmeter.threads.JMeterThread.processSampler(JMeterThread.java:501) ~[ApacheJMeter_core.jar:5.6.3]
	at org.apache.jmeter.threads.JMeterThread.run(JMeterThread.java:268) ~[ApacheJMeter_core.jar:5.6.3]
	at java.base/java.lang.Thread.run(Thread.java:1474) [?:?]
Caused by: java.lang.IllegalArgumentException: Unsupported class file major version 69
	at groovyjarjarasm.asm.ClassReader.<init>(ClassReader.java:199) ~[groovy-3.0.20.jar:3.0.20]
	at groovyjarjarasm.asm.ClassReader.<init>(ClassReader.java:180) ~[groovy-3.0.20.jar:3.0.20]
	at groovyjarjarasm.asm.ClassReader.<init>(ClassReader.java:166) ~[groovy-3.0.20.jar:3.0.20]
	at groovyjarjarasm.asm.ClassReader.<init>(ClassReader.java:287) ~[groovy-3.0.20.jar:3.0.20]
	at org.codehaus.groovy.ast.decompiled.AsmDecompiler.parseClass(AsmDecompiler.java:81) ~[groovy-3.0.20.jar:3.0.20]
	at org.codehaus.groovy.control.ClassNodeResolver.findDecompiled(ClassNodeResolver.java:251) ~[groovy-3.0.20.jar:3.0.20]
	at org.codehaus.groovy.control.ClassNodeResolver.tryAsLoaderClassOrScript(ClassNodeResolver.java:189) ~[groovy-3.0.20.jar:3.0.20]
	at org.codehaus.groovy.control.ClassNodeResolver.findClassNode(ClassNodeResolver.java:169) ~[groovy-3.0.20.jar:3.0.20]
	at org.codehaus.groovy.control.ClassNodeResolver.resolveName(ClassNodeResolver.java:125) ~[groovy-3.0.20.jar:3.0.20]
	at org.codehaus.groovy.control.ResolveVisitor.resolveToOuter(ResolveVisitor.java:875) ~[groovy-3.0.20.jar:3.0.20]
	at org.codehaus.groovy.control.ResolveVisitor.resolve(ResolveVisitor.java:506) ~[groovy-3.0.20.jar:3.0.20]
	at org.codehaus.groovy.control.ResolveVisitor.resolve(ResolveVisitor.java:467) ~[groovy-3.0.20.jar:3.0.20]
	at org.codehaus.groovy.control.ResolveVisitor.transformPropertyExpression(ResolveVisitor.java:1028) ~[groovy-3.0.20.jar:3.0.20]
	at org.codehaus.groovy.control.ResolveVisitor.transform(ResolveVisitor.java:896) ~[groovy-3.0.20.jar:3.0.20]
	at org.codehaus.groovy.control.ResolveVisitor.transformMethodCallExpression(ResolveVisitor.java:1270) ~[groovy-3.0.20.jar:3.0.20]
	at org.codehaus.groovy.control.ResolveVisitor.transform(ResolveVisitor.java:902) ~[groovy-3.0.20.jar:3.0.20]
	at org.codehaus.groovy.control.ResolveVisitor.transformMethodCallExpression(ResolveVisitor.java:1270) ~[groovy-3.0.20.jar:3.0.20]
	at org.codehaus.groovy.control.ResolveVisitor.transform(ResolveVisitor.java:902) ~[groovy-3.0.20.jar:3.0.20]
	at org.codehaus.groovy.control.ResolveVisitor.transformMethodCallExpression(ResolveVisitor.java:1270) ~[groovy-3.0.20.jar:3.0.20]
	at org.codehaus.groovy.control.ResolveVisitor.transform(ResolveVisitor.java:902) ~[groovy-3.0.20.jar:3.0.20]
	at org.codehaus.groovy.control.ResolveVisitor.transformDeclarationExpression(ResolveVisitor.java:1294) ~[groovy-3.0.20.jar:3.0.20]
	at org.codehaus.groovy.control.ResolveVisitor.transform(ResolveVisitor.java:898) ~[groovy-3.0.20.jar:3.0.20]
	at org.codehaus.groovy.ast.ClassCodeExpressionTransformer.visitExpressionStatement(ClassCodeExpressionTransformer.java:108) ~[groovy-3.0.20.jar:3.0.20]
	at org.codehaus.groovy.ast.stmt.ExpressionStatement.visit(ExpressionStatement.java:40) ~[groovy-3.0.20.jar:3.0.20]
	at org.codehaus.groovy.ast.CodeVisitorSupport.visitBlockStatement(CodeVisitorSupport.java:86) ~[groovy-3.0.20.jar:3.0.20]
	at org.codehaus.groovy.ast.ClassCodeVisitorSupport.visitBlockStatement(ClassCodeVisitorSupport.java:164) ~[groovy-3.0.20.jar:3.0.20]
	at org.codehaus.groovy.control.ResolveVisitor.visitBlockStatement(ResolveVisitor.java:1562) ~[groovy-3.0.20.jar:3.0.20]
	at org.codehaus.groovy.ast.stmt.BlockStatement.visit(BlockStatement.java:69) ~[groovy-3.0.20.jar:3.0.20]
	at org.codehaus.groovy.ast.ClassCodeVisitorSupport.visitClassCodeContainer(ClassCodeVisitorSupport.java:138) ~[groovy-3.0.20.jar:3.0.20]
	at org.codehaus.groovy.ast.ClassCodeVisitorSupport.visitConstructorOrMethod(ClassCodeVisitorSupport.java:111) ~[groovy-3.0.20.jar:3.0.20]
	at org.codehaus.groovy.ast.ClassCodeExpressionTransformer.visitConstructorOrMethod(ClassCodeExpressionTransformer.java:66) ~[groovy-3.0.20.jar:3.0.20]
	at org.codehaus.groovy.control.ResolveVisitor.visitConstructorOrMethod(ResolveVisitor.java:293) ~[groovy-3.0.20.jar:3.0.20]
	at org.codehaus.groovy.ast.ClassCodeVisitorSupport.visitMethod(ClassCodeVisitorSupport.java:106) ~[groovy-3.0.20.jar:3.0.20]
	at org.codehaus.groovy.ast.ClassNode.visitMethods(ClassNode.java:1095) ~[groovy-3.0.20.jar:3.0.20]
	at org.codehaus.groovy.ast.ClassNode.visitContents(ClassNode.java:1088) ~[groovy-3.0.20.jar:3.0.20]
	at org.codehaus.groovy.ast.ClassCodeVisitorSupport.visitClass(ClassCodeVisitorSupport.java:52) ~[groovy-3.0.20.jar:3.0.20]
	at org.codehaus.groovy.control.ResolveVisitor.visitClass(ResolveVisitor.java:1479) ~[groovy-3.0.20.jar:3.0.20]
	at org.codehaus.groovy.control.ResolveVisitor.startResolving(ResolveVisitor.java:262) ~[groovy-3.0.20.jar:3.0.20]
	at org.codehaus.groovy.control.CompilationUnit.lambda$new$16(CompilationUnit.java:739) ~[groovy-3.0.20.jar:3.0.20]
	at org.codehaus.groovy.control.CompilationUnit$ISourceUnitOperation.doPhaseOperation(CompilationUnit.java:902) ~[groovy-3.0.20.jar:3.0.20]
	... 25 more
2025-10-23 23:12:34,592 INFO o.a.j.t.JMeterThread: Thread started: Users 1-20
2025-10-23 23:12:34,595 INFO o.a.j.t.JMeterThread: Thread finished: Users 1-20
2025-10-23 23:12:34,595 ERROR o.a.j.JMeter: Uncaught exception in thread Thread[#79,Users 1-20,5,main]
org.codehaus.groovy.GroovyBugError: BUG! exception in phase 'semantic analysis' in source unit 'Script20.groovy' Unsupported class file major version 69
	at org.codehaus.groovy.control.CompilationUnit$ISourceUnitOperation.doPhaseOperation(CompilationUnit.java:906) ~[groovy-3.0.20.jar:3.0.20]
	at org.codehaus.groovy.control.CompilationUnit.compile(CompilationUnit.java:628) ~[groovy-3.0.20.jar:3.0.20]
	at groovy.lang.GroovyClassLoader.doParseClass(GroovyClassLoader.java:389) ~[groovy-3.0.20.jar:3.0.20]
	at groovy.lang.GroovyClassLoader.lambda$parseClass$3(GroovyClassLoader.java:332) ~[groovy-3.0.20.jar:3.0.20]
	at org.codehaus.groovy.runtime.memoize.StampedCommonCache.compute(StampedCommonCache.java:163) ~[groovy-3.0.20.jar:3.0.20]
	at org.codehaus.groovy.runtime.memoize.StampedCommonCache.getAndPut(StampedCommonCache.java:154) ~[groovy-3.0.20.jar:3.0.20]
	at groovy.lang.GroovyClassLoader.parseClass(GroovyClassLoader.java:330) ~[groovy-3.0.20.jar:3.0.20]
	at groovy.lang.GroovyClassLoader.parseClass(GroovyClassLoader.java:314) ~[groovy-3.0.20.jar:3.0.20]
	at groovy.lang.GroovyClassLoader.parseClass(GroovyClassLoader.java:257) ~[groovy-3.0.20.jar:3.0.20]
	at org.codehaus.groovy.jsr223.GroovyScriptEngineImpl.getScriptClass(GroovyScriptEngineImpl.java:336) ~[groovy-jsr223-3.0.20.jar:3.0.20]
	at org.codehaus.groovy.jsr223.GroovyScriptEngineImpl.compile(GroovyScriptEngineImpl.java:181) ~[groovy-jsr223-3.0.20.jar:3.0.20]
	at org.apache.jmeter.util.JSR223TestElement.lambda$processFileOrScript$1(JSR223TestElement.java:225) ~[ApacheJMeter_core.jar:5.6.3]
	at com.github.benmanes.caffeine.cache.BoundedLocalCache.lambda$doComputeIfAbsent$14(BoundedLocalCache.java:2406) ~[caffeine-2.9.3.jar:?]
	at java.base/java.util.concurrent.ConcurrentHashMap.compute(ConcurrentHashMap.java:1932) ~[?:?]
	at com.github.benmanes.caffeine.cache.BoundedLocalCache.doComputeIfAbsent(BoundedLocalCache.java:2404) ~[caffeine-2.9.3.jar:?]
	at com.github.benmanes.caffeine.cache.BoundedLocalCache.computeIfAbsent(BoundedLocalCache.java:2387) ~[caffeine-2.9.3.jar:?]
	at com.github.benmanes.caffeine.cache.LocalCache.computeIfAbsent(LocalCache.java:108) ~[caffeine-2.9.3.jar:?]
	at com.github.benmanes.caffeine.cache.LocalManualCache.get(LocalManualCache.java:62) ~[caffeine-2.9.3.jar:?]
	at org.apache.jmeter.util.JSR223TestElement.getCompiledScript(JSR223TestElement.java:252) ~[ApacheJMeter_core.jar:5.6.3]
	at org.apache.jmeter.util.JSR223TestElement.processFileOrScript(JSR223TestElement.java:223) ~[ApacheJMeter_core.jar:5.6.3]
	at org.apache.jmeter.modifiers.JSR223PreProcessor.process(JSR223PreProcessor.java:45) ~[ApacheJMeter_components.jar:5.6.3]
	at org.apache.jmeter.threads.JMeterThread.runPreProcessors(JMeterThread.java:983) ~[ApacheJMeter_core.jar:5.6.3]
	at org.apache.jmeter.threads.JMeterThread.executeSamplePackage(JMeterThread.java:561) ~[ApacheJMeter_core.jar:5.6.3]
	at org.apache.jmeter.threads.JMeterThread.processSampler(JMeterThread.java:501) ~[ApacheJMeter_core.jar:5.6.3]
	at org.apache.jmeter.threads.JMeterThread.run(JMeterThread.java:268) ~[ApacheJMeter_core.jar:5.6.3]
	at java.base/java.lang.Thread.run(Thread.java:1474) [?:?]
Caused by: java.lang.IllegalArgumentException: Unsupported class file major version 69
	at groovyjarjarasm.asm.ClassReader.<init>(ClassReader.java:199) ~[groovy-3.0.20.jar:3.0.20]
	at groovyjarjarasm.asm.ClassReader.<init>(ClassReader.java:180) ~[groovy-3.0.20.jar:3.0.20]
	at groovyjarjarasm.asm.ClassReader.<init>(ClassReader.java:166) ~[groovy-3.0.20.jar:3.0.20]
	at groovyjarjarasm.asm.ClassReader.<init>(ClassReader.java:287) ~[groovy-3.0.20.jar:3.0.20]
	at org.codehaus.groovy.ast.decompiled.AsmDecompiler.parseClass(AsmDecompiler.java:81) ~[groovy-3.0.20.jar:3.0.20]
	at org.codehaus.groovy.control.ClassNodeResolver.findDecompiled(ClassNodeResolver.java:251) ~[groovy-3.0.20.jar:3.0.20]
	at org.codehaus.groovy.control.ClassNodeResolver.tryAsLoaderClassOrScript(ClassNodeResolver.java:189) ~[groovy-3.0.20.jar:3.0.20]
	at org.codehaus.groovy.control.ClassNodeResolver.findClassNode(ClassNodeResolver.java:169) ~[groovy-3.0.20.jar:3.0.20]
	at org.codehaus.groovy.control.ClassNodeResolver.resolveName(ClassNodeResolver.java:125) ~[groovy-3.0.20.jar:3.0.20]
	at org.codehaus.groovy.control.ResolveVisitor.resolveToOuter(ResolveVisitor.java:875) ~[groovy-3.0.20.jar:3.0.20]
	at org.codehaus.groovy.control.ResolveVisitor.resolve(ResolveVisitor.java:506) ~[groovy-3.0.20.jar:3.0.20]
	at org.codehaus.groovy.control.ResolveVisitor.resolve(ResolveVisitor.java:467) ~[groovy-3.0.20.jar:3.0.20]
	at org.codehaus.groovy.control.ResolveVisitor.transformPropertyExpression(ResolveVisitor.java:1028) ~[groovy-3.0.20.jar:3.0.20]
	at org.codehaus.groovy.control.ResolveVisitor.transform(ResolveVisitor.java:896) ~[groovy-3.0.20.jar:3.0.20]
	at org.codehaus.groovy.control.ResolveVisitor.transformMethodCallExpression(ResolveVisitor.java:1270) ~[groovy-3.0.20.jar:3.0.20]
	at org.codehaus.groovy.control.ResolveVisitor.transform(ResolveVisitor.java:902) ~[groovy-3.0.20.jar:3.0.20]
	at org.codehaus.groovy.control.ResolveVisitor.transformMethodCallExpression(ResolveVisitor.java:1270) ~[groovy-3.0.20.jar:3.0.20]
	at org.codehaus.groovy.control.ResolveVisitor.transform(ResolveVisitor.java:902) ~[groovy-3.0.20.jar:3.0.20]
	at org.codehaus.groovy.control.ResolveVisitor.transformMethodCallExpression(ResolveVisitor.java:1270) ~[groovy-3.0.20.jar:3.0.20]
	at org.codehaus.groovy.control.ResolveVisitor.transform(ResolveVisitor.java:902) ~[groovy-3.0.20.jar:3.0.20]
	at org.codehaus.groovy.control.ResolveVisitor.transformDeclarationExpression(ResolveVisitor.java:1294) ~[groovy-3.0.20.jar:3.0.20]
	at org.codehaus.groovy.control.ResolveVisitor.transform(ResolveVisitor.java:898) ~[groovy-3.0.20.jar:3.0.20]
	at org.codehaus.groovy.ast.ClassCodeExpressionTransformer.visitExpressionStatement(ClassCodeExpressionTransformer.java:108) ~[groovy-3.0.20.jar:3.0.20]
	at org.codehaus.groovy.ast.stmt.ExpressionStatement.visit(ExpressionStatement.java:40) ~[groovy-3.0.20.jar:3.0.20]
	at org.codehaus.groovy.ast.CodeVisitorSupport.visitBlockStatement(CodeVisitorSupport.java:86) ~[groovy-3.0.20.jar:3.0.20]
	at org.codehaus.groovy.ast.ClassCodeVisitorSupport.visitBlockStatement(ClassCodeVisitorSupport.java:164) ~[groovy-3.0.20.jar:3.0.20]
	at org.codehaus.groovy.control.ResolveVisitor.visitBlockStatement(ResolveVisitor.java:1562) ~[groovy-3.0.20.jar:3.0.20]
	at org.codehaus.groovy.ast.stmt.BlockStatement.visit(BlockStatement.java:69) ~[groovy-3.0.20.jar:3.0.20]
	at org.codehaus.groovy.ast.ClassCodeVisitorSupport.visitClassCodeContainer(ClassCodeVisitorSupport.java:138) ~[groovy-3.0.20.jar:3.0.20]
	at org.codehaus.groovy.ast.ClassCodeVisitorSupport.visitConstructorOrMethod(ClassCodeVisitorSupport.java:111) ~[groovy-3.0.20.jar:3.0.20]
	at org.codehaus.groovy.ast.ClassCodeExpressionTransformer.visitConstructorOrMethod(ClassCodeExpressionTransformer.java:66) ~[groovy-3.0.20.jar:3.0.20]
	at org.codehaus.groovy.control.ResolveVisitor.visitConstructorOrMethod(ResolveVisitor.java:293) ~[groovy-3.0.20.jar:3.0.20]
	at org.codehaus.groovy.ast.ClassCodeVisitorSupport.visitMethod(ClassCodeVisitorSupport.java:106) ~[groovy-3.0.20.jar:3.0.20]
	at org.codehaus.groovy.ast.ClassNode.visitMethods(ClassNode.java:1095) ~[groovy-3.0.20.jar:3.0.20]
	at org.codehaus.groovy.ast.ClassNode.visitContents(ClassNode.java:1088) ~[groovy-3.0.20.jar:3.0.20]
	at org.codehaus.groovy.ast.ClassCodeVisitorSupport.visitClass(ClassCodeVisitorSupport.java:52) ~[groovy-3.0.20.jar:3.0.20]
	at org.codehaus.groovy.control.ResolveVisitor.visitClass(ResolveVisitor.java:1479) ~[groovy-3.0.20.jar:3.0.20]
	at org.codehaus.groovy.control.ResolveVisitor.startResolving(ResolveVisitor.java:262) ~[groovy-3.0.20.jar:3.0.20]
	at org.codehaus.groovy.control.CompilationUnit.lambda$new$16(CompilationUnit.java:739) ~[groovy-3.0.20.jar:3.0.20]
	at org.codehaus.groovy.control.CompilationUnit$ISourceUnitOperation.doPhaseOperation(CompilationUnit.java:902) ~[groovy-3.0.20.jar:3.0.20]
	... 25 more
2025-10-23 23:12:34,991 INFO o.a.j.t.JMeterThread: Thread started: Users 1-21
2025-10-23 23:12:34,993 INFO o.a.j.t.JMeterThread: Thread finished: Users 1-21
2025-10-23 23:12:34,993 ERROR o.a.j.JMeter: Uncaught exception in thread Thread[#80,Users 1-21,5,main]
org.codehaus.groovy.GroovyBugError: BUG! exception in phase 'semantic analysis' in source unit 'Script21.groovy' Unsupported class file major version 69
	at org.codehaus.groovy.control.CompilationUnit$ISourceUnitOperation.doPhaseOperation(CompilationUnit.java:906) ~[groovy-3.0.20.jar:3.0.20]
	at org.codehaus.groovy.control.CompilationUnit.compile(CompilationUnit.java:628) ~[groovy-3.0.20.jar:3.0.20]
	at groovy.lang.GroovyClassLoader.doParseClass(GroovyClassLoader.java:389) ~[groovy-3.0.20.jar:3.0.20]
	at groovy.lang.GroovyClassLoader.lambda$parseClass$3(GroovyClassLoader.java:332) ~[groovy-3.0.20.jar:3.0.20]
	at org.codehaus.groovy.runtime.memoize.StampedCommonCache.compute(StampedCommonCache.java:163) ~[groovy-3.0.20.jar:3.0.20]
	at org.codehaus.groovy.runtime.memoize.StampedCommonCache.getAndPut(StampedCommonCache.java:154) ~[groovy-3.0.20.jar:3.0.20]
	at groovy.lang.GroovyClassLoader.parseClass(GroovyClassLoader.java:330) ~[groovy-3.0.20.jar:3.0.20]
	at groovy.lang.GroovyClassLoader.parseClass(GroovyClassLoader.java:314) ~[groovy-3.0.20.jar:3.0.20]
	at groovy.lang.GroovyClassLoader.parseClass(GroovyClassLoader.java:257) ~[groovy-3.0.20.jar:3.0.20]
	at org.codehaus.groovy.jsr223.GroovyScriptEngineImpl.getScriptClass(GroovyScriptEngineImpl.java:336) ~[groovy-jsr223-3.0.20.jar:3.0.20]
	at org.codehaus.groovy.jsr223.GroovyScriptEngineImpl.compile(GroovyScriptEngineImpl.java:181) ~[groovy-jsr223-3.0.20.jar:3.0.20]
	at org.apache.jmeter.util.JSR223TestElement.lambda$processFileOrScript$1(JSR223TestElement.java:225) ~[ApacheJMeter_core.jar:5.6.3]
	at com.github.benmanes.caffeine.cache.BoundedLocalCache.lambda$doComputeIfAbsent$14(BoundedLocalCache.java:2406) ~[caffeine-2.9.3.jar:?]
	at java.base/java.util.concurrent.ConcurrentHashMap.compute(ConcurrentHashMap.java:1932) ~[?:?]
	at com.github.benmanes.caffeine.cache.BoundedLocalCache.doComputeIfAbsent(BoundedLocalCache.java:2404) ~[caffeine-2.9.3.jar:?]
	at com.github.benmanes.caffeine.cache.BoundedLocalCache.computeIfAbsent(BoundedLocalCache.java:2387) ~[caffeine-2.9.3.jar:?]
	at com.github.benmanes.caffeine.cache.LocalCache.computeIfAbsent(LocalCache.java:108) ~[caffeine-2.9.3.jar:?]
	at com.github.benmanes.caffeine.cache.LocalManualCache.get(LocalManualCache.java:62) ~[caffeine-2.9.3.jar:?]
	at org.apache.jmeter.util.JSR223TestElement.getCompiledScript(JSR223TestElement.java:252) ~[ApacheJMeter_core.jar:5.6.3]
	at org.apache.jmeter.util.JSR223TestElement.processFileOrScript(JSR223TestElement.java:223) ~[ApacheJMeter_core.jar:5.6.3]
	at org.apache.jmeter.modifiers.JSR223PreProcessor.process(JSR223PreProcessor.java:45) ~[ApacheJMeter_components.jar:5.6.3]
	at org.apache.jmeter.threads.JMeterThread.runPreProcessors(JMeterThread.java:983) ~[ApacheJMeter_core.jar:5.6.3]
	at org.apache.jmeter.threads.JMeterThread.executeSamplePackage(JMeterThread.java:561) ~[ApacheJMeter_core.jar:5.6.3]
	at org.apache.jmeter.threads.JMeterThread.processSampler(JMeterThread.java:501) ~[ApacheJMeter_core.jar:5.6.3]
	at org.apache.jmeter.threads.JMeterThread.run(JMeterThread.java:268) ~[ApacheJMeter_core.jar:5.6.3]
	at java.base/java.lang.Thread.run(Thread.java:1474) [?:?]
Caused by: java.lang.IllegalArgumentException: Unsupported class file major version 69
	at groovyjarjarasm.asm.ClassReader.<init>(ClassReader.java:199) ~[groovy-3.0.20.jar:3.0.20]
	at groovyjarjarasm.asm.ClassReader.<init>(ClassReader.java:180) ~[groovy-3.0.20.jar:3.0.20]
	at groovyjarjarasm.asm.ClassReader.<init>(ClassReader.java:166) ~[groovy-3.0.20.jar:3.0.20]
	at groovyjarjarasm.asm.ClassReader.<init>(ClassReader.java:287) ~[groovy-3.0.20.jar:3.0.20]
	at org.codehaus.groovy.ast.decompiled.AsmDecompiler.parseClass(AsmDecompiler.java:81) ~[groovy-3.0.20.jar:3.0.20]
	at org.codehaus.groovy.control.ClassNodeResolver.findDecompiled(ClassNodeResolver.java:251) ~[groovy-3.0.20.jar:3.0.20]
	at org.codehaus.groovy.control.ClassNodeResolver.tryAsLoaderClassOrScript(ClassNodeResolver.java:189) ~[groovy-3.0.20.jar:3.0.20]
	at org.codehaus.groovy.control.ClassNodeResolver.findClassNode(ClassNodeResolver.java:169) ~[groovy-3.0.20.jar:3.0.20]
	at org.codehaus.groovy.control.ClassNodeResolver.resolveName(ClassNodeResolver.java:125) ~[groovy-3.0.20.jar:3.0.20]
	at org.codehaus.groovy.control.ResolveVisitor.resolveToOuter(ResolveVisitor.java:875) ~[groovy-3.0.20.jar:3.0.20]
	at org.codehaus.groovy.control.ResolveVisitor.resolve(ResolveVisitor.java:506) ~[groovy-3.0.20.jar:3.0.20]
	at org.codehaus.groovy.control.ResolveVisitor.resolve(ResolveVisitor.java:467) ~[groovy-3.0.20.jar:3.0.20]
	at org.codehaus.groovy.control.ResolveVisitor.transformPropertyExpression(ResolveVisitor.java:1028) ~[groovy-3.0.20.jar:3.0.20]
	at org.codehaus.groovy.control.ResolveVisitor.transform(ResolveVisitor.java:896) ~[groovy-3.0.20.jar:3.0.20]
	at org.codehaus.groovy.control.ResolveVisitor.transformMethodCallExpression(ResolveVisitor.java:1270) ~[groovy-3.0.20.jar:3.0.20]
	at org.codehaus.groovy.control.ResolveVisitor.transform(ResolveVisitor.java:902) ~[groovy-3.0.20.jar:3.0.20]
	at org.codehaus.groovy.control.ResolveVisitor.transformMethodCallExpression(ResolveVisitor.java:1270) ~[groovy-3.0.20.jar:3.0.20]
	at org.codehaus.groovy.control.ResolveVisitor.transform(ResolveVisitor.java:902) ~[groovy-3.0.20.jar:3.0.20]
	at org.codehaus.groovy.control.ResolveVisitor.transformMethodCallExpression(ResolveVisitor.java:1270) ~[groovy-3.0.20.jar:3.0.20]
	at org.codehaus.groovy.control.ResolveVisitor.transform(ResolveVisitor.java:902) ~[groovy-3.0.20.jar:3.0.20]
	at org.codehaus.groovy.control.ResolveVisitor.transformDeclarationExpression(ResolveVisitor.java:1294) ~[groovy-3.0.20.jar:3.0.20]
	at org.codehaus.groovy.control.ResolveVisitor.transform(ResolveVisitor.java:898) ~[groovy-3.0.20.jar:3.0.20]
	at org.codehaus.groovy.ast.ClassCodeExpressionTransformer.visitExpressionStatement(ClassCodeExpressionTransformer.java:108) ~[groovy-3.0.20.jar:3.0.20]
	at org.codehaus.groovy.ast.stmt.ExpressionStatement.visit(ExpressionStatement.java:40) ~[groovy-3.0.20.jar:3.0.20]
	at org.codehaus.groovy.ast.CodeVisitorSupport.visitBlockStatement(CodeVisitorSupport.java:86) ~[groovy-3.0.20.jar:3.0.20]
	at org.codehaus.groovy.ast.ClassCodeVisitorSupport.visitBlockStatement(ClassCodeVisitorSupport.java:164) ~[groovy-3.0.20.jar:3.0.20]
	at org.codehaus.groovy.control.ResolveVisitor.visitBlockStatement(ResolveVisitor.java:1562) ~[groovy-3.0.20.jar:3.0.20]
	at org.codehaus.groovy.ast.stmt.BlockStatement.visit(BlockStatement.java:69) ~[groovy-3.0.20.jar:3.0.20]
	at org.codehaus.groovy.ast.ClassCodeVisitorSupport.visitClassCodeContainer(ClassCodeVisitorSupport.java:138) ~[groovy-3.0.20.jar:3.0.20]
	at org.codehaus.groovy.ast.ClassCodeVisitorSupport.visitConstructorOrMethod(ClassCodeVisitorSupport.java:111) ~[groovy-3.0.20.jar:3.0.20]
	at org.codehaus.groovy.ast.ClassCodeExpressionTransformer.visitConstructorOrMethod(ClassCodeExpressionTransformer.java:66) ~[groovy-3.0.20.jar:3.0.20]
	at org.codehaus.groovy.control.ResolveVisitor.visitConstructorOrMethod(ResolveVisitor.java:293) ~[groovy-3.0.20.jar:3.0.20]
	at org.codehaus.groovy.ast.ClassCodeVisitorSupport.visitMethod(ClassCodeVisitorSupport.java:106) ~[groovy-3.0.20.jar:3.0.20]
	at org.codehaus.groovy.ast.ClassNode.visitMethods(ClassNode.java:1095) ~[groovy-3.0.20.jar:3.0.20]
	at org.codehaus.groovy.ast.ClassNode.visitContents(ClassNode.java:1088) ~[groovy-3.0.20.jar:3.0.20]
	at org.codehaus.groovy.ast.ClassCodeVisitorSupport.visitClass(ClassCodeVisitorSupport.java:52) ~[groovy-3.0.20.jar:3.0.20]
	at org.codehaus.groovy.control.ResolveVisitor.visitClass(ResolveVisitor.java:1479) ~[groovy-3.0.20.jar:3.0.20]
	at org.codehaus.groovy.control.ResolveVisitor.startResolving(ResolveVisitor.java:262) ~[groovy-3.0.20.jar:3.0.20]
	at org.codehaus.groovy.control.CompilationUnit.lambda$new$16(CompilationUnit.java:739) ~[groovy-3.0.20.jar:3.0.20]
	at org.codehaus.groovy.control.CompilationUnit$ISourceUnitOperation.doPhaseOperation(CompilationUnit.java:902) ~[groovy-3.0.20.jar:3.0.20]
	... 25 more
2025-10-23 23:12:35,392 INFO o.a.j.t.JMeterThread: Thread started: Users 1-22
2025-10-23 23:12:35,394 INFO o.a.j.t.JMeterThread: Thread finished: Users 1-22
2025-10-23 23:12:35,394 ERROR o.a.j.JMeter: Uncaught exception in thread Thread[#81,Users 1-22,5,main]
org.codehaus.groovy.GroovyBugError: BUG! exception in phase 'semantic analysis' in source unit 'Script22.groovy' Unsupported class file major version 69
	at org.codehaus.groovy.control.CompilationUnit$ISourceUnitOperation.doPhaseOperation(CompilationUnit.java:906) ~[groovy-3.0.20.jar:3.0.20]
	at org.codehaus.groovy.control.CompilationUnit.compile(CompilationUnit.java:628) ~[groovy-3.0.20.jar:3.0.20]
	at groovy.lang.GroovyClassLoader.doParseClass(GroovyClassLoader.java:389) ~[groovy-3.0.20.jar:3.0.20]
	at groovy.lang.GroovyClassLoader.lambda$parseClass$3(GroovyClassLoader.java:332) ~[groovy-3.0.20.jar:3.0.20]
	at org.codehaus.groovy.runtime.memoize.StampedCommonCache.compute(StampedCommonCache.java:163) ~[groovy-3.0.20.jar:3.0.20]
	at org.codehaus.groovy.runtime.memoize.StampedCommonCache.getAndPut(StampedCommonCache.java:154) ~[groovy-3.0.20.jar:3.0.20]
	at groovy.lang.GroovyClassLoader.parseClass(GroovyClassLoader.java:330) ~[groovy-3.0.20.jar:3.0.20]
	at groovy.lang.GroovyClassLoader.parseClass(GroovyClassLoader.java:314) ~[groovy-3.0.20.jar:3.0.20]
	at groovy.lang.GroovyClassLoader.parseClass(GroovyClassLoader.java:257) ~[groovy-3.0.20.jar:3.0.20]
	at org.codehaus.groovy.jsr223.GroovyScriptEngineImpl.getScriptClass(GroovyScriptEngineImpl.java:336) ~[groovy-jsr223-3.0.20.jar:3.0.20]
	at org.codehaus.groovy.jsr223.GroovyScriptEngineImpl.compile(GroovyScriptEngineImpl.java:181) ~[groovy-jsr223-3.0.20.jar:3.0.20]
	at org.apache.jmeter.util.JSR223TestElement.lambda$processFileOrScript$1(JSR223TestElement.java:225) ~[ApacheJMeter_core.jar:5.6.3]
	at com.github.benmanes.caffeine.cache.BoundedLocalCache.lambda$doComputeIfAbsent$14(BoundedLocalCache.java:2406) ~[caffeine-2.9.3.jar:?]
	at java.base/java.util.concurrent.ConcurrentHashMap.compute(ConcurrentHashMap.java:1932) ~[?:?]
	at com.github.benmanes.caffeine.cache.BoundedLocalCache.doComputeIfAbsent(BoundedLocalCache.java:2404) ~[caffeine-2.9.3.jar:?]
	at com.github.benmanes.caffeine.cache.BoundedLocalCache.computeIfAbsent(BoundedLocalCache.java:2387) ~[caffeine-2.9.3.jar:?]
	at com.github.benmanes.caffeine.cache.LocalCache.computeIfAbsent(LocalCache.java:108) ~[caffeine-2.9.3.jar:?]
	at com.github.benmanes.caffeine.cache.LocalManualCache.get(LocalManualCache.java:62) ~[caffeine-2.9.3.jar:?]
	at org.apache.jmeter.util.JSR223TestElement.getCompiledScript(JSR223TestElement.java:252) ~[ApacheJMeter_core.jar:5.6.3]
	at org.apache.jmeter.util.JSR223TestElement.processFileOrScript(JSR223TestElement.java:223) ~[ApacheJMeter_core.jar:5.6.3]
	at org.apache.jmeter.modifiers.JSR223PreProcessor.process(JSR223PreProcessor.java:45) ~[ApacheJMeter_components.jar:5.6.3]
	at org.apache.jmeter.threads.JMeterThread.runPreProcessors(JMeterThread.java:983) ~[ApacheJMeter_core.jar:5.6.3]
	at org.apache.jmeter.threads.JMeterThread.executeSamplePackage(JMeterThread.java:561) ~[ApacheJMeter_core.jar:5.6.3]
	at org.apache.jmeter.threads.JMeterThread.processSampler(JMeterThread.java:501) ~[ApacheJMeter_core.jar:5.6.3]
	at org.apache.jmeter.threads.JMeterThread.run(JMeterThread.java:268) ~[ApacheJMeter_core.jar:5.6.3]
	at java.base/java.lang.Thread.run(Thread.java:1474) [?:?]
Caused by: java.lang.IllegalArgumentException: Unsupported class file major version 69
	at groovyjarjarasm.asm.ClassReader.<init>(ClassReader.java:199) ~[groovy-3.0.20.jar:3.0.20]
	at groovyjarjarasm.asm.ClassReader.<init>(ClassReader.java:180) ~[groovy-3.0.20.jar:3.0.20]
	at groovyjarjarasm.asm.ClassReader.<init>(ClassReader.java:166) ~[groovy-3.0.20.jar:3.0.20]
	at groovyjarjarasm.asm.ClassReader.<init>(ClassReader.java:287) ~[groovy-3.0.20.jar:3.0.20]
	at org.codehaus.groovy.ast.decompiled.AsmDecompiler.parseClass(AsmDecompiler.java:81) ~[groovy-3.0.20.jar:3.0.20]
	at org.codehaus.groovy.control.ClassNodeResolver.findDecompiled(ClassNodeResolver.java:251) ~[groovy-3.0.20.jar:3.0.20]
	at org.codehaus.groovy.control.ClassNodeResolver.tryAsLoaderClassOrScript(ClassNodeResolver.java:189) ~[groovy-3.0.20.jar:3.0.20]
	at org.codehaus.groovy.control.ClassNodeResolver.findClassNode(ClassNodeResolver.java:169) ~[groovy-3.0.20.jar:3.0.20]
	at org.codehaus.groovy.control.ClassNodeResolver.resolveName(ClassNodeResolver.java:125) ~[groovy-3.0.20.jar:3.0.20]
	at org.codehaus.groovy.control.ResolveVisitor.resolveToOuter(ResolveVisitor.java:875) ~[groovy-3.0.20.jar:3.0.20]
	at org.codehaus.groovy.control.ResolveVisitor.resolve(ResolveVisitor.java:506) ~[groovy-3.0.20.jar:3.0.20]
	at org.codehaus.groovy.control.ResolveVisitor.resolve(ResolveVisitor.java:467) ~[groovy-3.0.20.jar:3.0.20]
	at org.codehaus.groovy.control.ResolveVisitor.transformPropertyExpression(ResolveVisitor.java:1028) ~[groovy-3.0.20.jar:3.0.20]
	at org.codehaus.groovy.control.ResolveVisitor.transform(ResolveVisitor.java:896) ~[groovy-3.0.20.jar:3.0.20]
	at org.codehaus.groovy.control.ResolveVisitor.transformMethodCallExpression(ResolveVisitor.java:1270) ~[groovy-3.0.20.jar:3.0.20]
	at org.codehaus.groovy.control.ResolveVisitor.transform(ResolveVisitor.java:902) ~[groovy-3.0.20.jar:3.0.20]
	at org.codehaus.groovy.control.ResolveVisitor.transformMethodCallExpression(ResolveVisitor.java:1270) ~[groovy-3.0.20.jar:3.0.20]
	at org.codehaus.groovy.control.ResolveVisitor.transform(ResolveVisitor.java:902) ~[groovy-3.0.20.jar:3.0.20]
	at org.codehaus.groovy.control.ResolveVisitor.transformMethodCallExpression(ResolveVisitor.java:1270) ~[groovy-3.0.20.jar:3.0.20]
	at org.codehaus.groovy.control.ResolveVisitor.transform(ResolveVisitor.java:902) ~[groovy-3.0.20.jar:3.0.20]
	at org.codehaus.groovy.control.ResolveVisitor.transformDeclarationExpression(ResolveVisitor.java:1294) ~[groovy-3.0.20.jar:3.0.20]
	at org.codehaus.groovy.control.ResolveVisitor.transform(ResolveVisitor.java:898) ~[groovy-3.0.20.jar:3.0.20]
	at org.codehaus.groovy.ast.ClassCodeExpressionTransformer.visitExpressionStatement(ClassCodeExpressionTransformer.java:108) ~[groovy-3.0.20.jar:3.0.20]
	at org.codehaus.groovy.ast.stmt.ExpressionStatement.visit(ExpressionStatement.java:40) ~[groovy-3.0.20.jar:3.0.20]
	at org.codehaus.groovy.ast.CodeVisitorSupport.visitBlockStatement(CodeVisitorSupport.java:86) ~[groovy-3.0.20.jar:3.0.20]
	at org.codehaus.groovy.ast.ClassCodeVisitorSupport.visitBlockStatement(ClassCodeVisitorSupport.java:164) ~[groovy-3.0.20.jar:3.0.20]
	at org.codehaus.groovy.control.ResolveVisitor.visitBlockStatement(ResolveVisitor.java:1562) ~[groovy-3.0.20.jar:3.0.20]
	at org.codehaus.groovy.ast.stmt.BlockStatement.visit(BlockStatement.java:69) ~[groovy-3.0.20.jar:3.0.20]
	at org.codehaus.groovy.ast.ClassCodeVisitorSupport.visitClassCodeContainer(ClassCodeVisitorSupport.java:138) ~[groovy-3.0.20.jar:3.0.20]
	at org.codehaus.groovy.ast.ClassCodeVisitorSupport.visitConstructorOrMethod(ClassCodeVisitorSupport.java:111) ~[groovy-3.0.20.jar:3.0.20]
	at org.codehaus.groovy.ast.ClassCodeExpressionTransformer.visitConstructorOrMethod(ClassCodeExpressionTransformer.java:66) ~[groovy-3.0.20.jar:3.0.20]
	at org.codehaus.groovy.control.ResolveVisitor.visitConstructorOrMethod(ResolveVisitor.java:293) ~[groovy-3.0.20.jar:3.0.20]
	at org.codehaus.groovy.ast.ClassCodeVisitorSupport.visitMethod(ClassCodeVisitorSupport.java:106) ~[groovy-3.0.20.jar:3.0.20]
	at org.codehaus.groovy.ast.ClassNode.visitMethods(ClassNode.java:1095) ~[groovy-3.0.20.jar:3.0.20]
	at org.codehaus.groovy.ast.ClassNode.visitContents(ClassNode.java:1088) ~[groovy-3.0.20.jar:3.0.20]
	at org.codehaus.groovy.ast.ClassCodeVisitorSupport.visitClass(ClassCodeVisitorSupport.java:52) ~[groovy-3.0.20.jar:3.0.20]
	at org.codehaus.groovy.control.ResolveVisitor.visitClass(ResolveVisitor.java:1479) ~[groovy-3.0.20.jar:3.0.20]
	at org.codehaus.groovy.control.ResolveVisitor.startResolving(ResolveVisitor.java:262) ~[groovy-3.0.20.jar:3.0.20]
	at org.codehaus.groovy.control.CompilationUnit.lambda$new$16(CompilationUnit.java:739) ~[groovy-3.0.20.jar:3.0.20]
	at org.codehaus.groovy.control.CompilationUnit$ISourceUnitOperation.doPhaseOperation(CompilationUnit.java:902) ~[groovy-3.0.20.jar:3.0.20]
	... 25 more
2025-10-23 23:12:35,791 INFO o.a.j.t.JMeterThread: Thread started: Users 1-23
2025-10-23 23:12:35,794 INFO o.a.j.t.JMeterThread: Thread finished: Users 1-23
2025-10-23 23:12:35,794 ERROR o.a.j.JMeter: Uncaught exception in thread Thread[#82,Users 1-23,5,main]
org.codehaus.groovy.GroovyBugError: BUG! exception in phase 'semantic analysis' in source unit 'Script23.groovy' Unsupported class file major version 69
	at org.codehaus.groovy.control.CompilationUnit$ISourceUnitOperation.doPhaseOperation(CompilationUnit.java:906) ~[groovy-3.0.20.jar:3.0.20]
	at org.codehaus.groovy.control.CompilationUnit.compile(CompilationUnit.java:628) ~[groovy-3.0.20.jar:3.0.20]
	at groovy.lang.GroovyClassLoader.doParseClass(GroovyClassLoader.java:389) ~[groovy-3.0.20.jar:3.0.20]
	at groovy.lang.GroovyClassLoader.lambda$parseClass$3(GroovyClassLoader.java:332) ~[groovy-3.0.20.jar:3.0.20]
	at org.codehaus.groovy.runtime.memoize.StampedCommonCache.compute(StampedCommonCache.java:163) ~[groovy-3.0.20.jar:3.0.20]
	at org.codehaus.groovy.runtime.memoize.StampedCommonCache.getAndPut(StampedCommonCache.java:154) ~[groovy-3.0.20.jar:3.0.20]
	at groovy.lang.GroovyClassLoader.parseClass(GroovyClassLoader.java:330) ~[groovy-3.0.20.jar:3.0.20]
	at groovy.lang.GroovyClassLoader.parseClass(GroovyClassLoader.java:314) ~[groovy-3.0.20.jar:3.0.20]
	at groovy.lang.GroovyClassLoader.parseClass(GroovyClassLoader.java:257) ~[groovy-3.0.20.jar:3.0.20]
	at org.codehaus.groovy.jsr223.GroovyScriptEngineImpl.getScriptClass(GroovyScriptEngineImpl.java:336) ~[groovy-jsr223-3.0.20.jar:3.0.20]
	at org.codehaus.groovy.jsr223.GroovyScriptEngineImpl.compile(GroovyScriptEngineImpl.java:181) ~[groovy-jsr223-3.0.20.jar:3.0.20]
	at org.apache.jmeter.util.JSR223TestElement.lambda$processFileOrScript$1(JSR223TestElement.java:225) ~[ApacheJMeter_core.jar:5.6.3]
	at com.github.benmanes.caffeine.cache.BoundedLocalCache.lambda$doComputeIfAbsent$14(BoundedLocalCache.java:2406) ~[caffeine-2.9.3.jar:?]
	at java.base/java.util.concurrent.ConcurrentHashMap.compute(ConcurrentHashMap.java:1932) ~[?:?]
	at com.github.benmanes.caffeine.cache.BoundedLocalCache.doComputeIfAbsent(BoundedLocalCache.java:2404) ~[caffeine-2.9.3.jar:?]
	at com.github.benmanes.caffeine.cache.BoundedLocalCache.computeIfAbsent(BoundedLocalCache.java:2387) ~[caffeine-2.9.3.jar:?]
	at com.github.benmanes.caffeine.cache.LocalCache.computeIfAbsent(LocalCache.java:108) ~[caffeine-2.9.3.jar:?]
	at com.github.benmanes.caffeine.cache.LocalManualCache.get(LocalManualCache.java:62) ~[caffeine-2.9.3.jar:?]
	at org.apache.jmeter.util.JSR223TestElement.getCompiledScript(JSR223TestElement.java:252) ~[ApacheJMeter_core.jar:5.6.3]
	at org.apache.jmeter.util.JSR223TestElement.processFileOrScript(JSR223TestElement.java:223) ~[ApacheJMeter_core.jar:5.6.3]
	at org.apache.jmeter.modifiers.JSR223PreProcessor.process(JSR223PreProcessor.java:45) ~[ApacheJMeter_components.jar:5.6.3]
	at org.apache.jmeter.threads.JMeterThread.runPreProcessors(JMeterThread.java:983) ~[ApacheJMeter_core.jar:5.6.3]
	at org.apache.jmeter.threads.JMeterThread.executeSamplePackage(JMeterThread.java:561) ~[ApacheJMeter_core.jar:5.6.3]
	at org.apache.jmeter.threads.JMeterThread.processSampler(JMeterThread.java:501) ~[ApacheJMeter_core.jar:5.6.3]
	at org.apache.jmeter.threads.JMeterThread.run(JMeterThread.java:268) ~[ApacheJMeter_core.jar:5.6.3]
	at java.base/java.lang.Thread.run(Thread.java:1474) [?:?]
Caused by: java.lang.IllegalArgumentException: Unsupported class file major version 69
	at groovyjarjarasm.asm.ClassReader.<init>(ClassReader.java:199) ~[groovy-3.0.20.jar:3.0.20]
	at groovyjarjarasm.asm.ClassReader.<init>(ClassReader.java:180) ~[groovy-3.0.20.jar:3.0.20]
	at groovyjarjarasm.asm.ClassReader.<init>(ClassReader.java:166) ~[groovy-3.0.20.jar:3.0.20]
	at groovyjarjarasm.asm.ClassReader.<init>(ClassReader.java:287) ~[groovy-3.0.20.jar:3.0.20]
	at org.codehaus.groovy.ast.decompiled.AsmDecompiler.parseClass(AsmDecompiler.java:81) ~[groovy-3.0.20.jar:3.0.20]
	at org.codehaus.groovy.control.ClassNodeResolver.findDecompiled(ClassNodeResolver.java:251) ~[groovy-3.0.20.jar:3.0.20]
	at org.codehaus.groovy.control.ClassNodeResolver.tryAsLoaderClassOrScript(ClassNodeResolver.java:189) ~[groovy-3.0.20.jar:3.0.20]
	at org.codehaus.groovy.control.ClassNodeResolver.findClassNode(ClassNodeResolver.java:169) ~[groovy-3.0.20.jar:3.0.20]
	at org.codehaus.groovy.control.ClassNodeResolver.resolveName(ClassNodeResolver.java:125) ~[groovy-3.0.20.jar:3.0.20]
	at org.codehaus.groovy.control.ResolveVisitor.resolveToOuter(ResolveVisitor.java:875) ~[groovy-3.0.20.jar:3.0.20]
	at org.codehaus.groovy.control.ResolveVisitor.resolve(ResolveVisitor.java:506) ~[groovy-3.0.20.jar:3.0.20]
	at org.codehaus.groovy.control.ResolveVisitor.resolve(ResolveVisitor.java:467) ~[groovy-3.0.20.jar:3.0.20]
	at org.codehaus.groovy.control.ResolveVisitor.transformPropertyExpression(ResolveVisitor.java:1028) ~[groovy-3.0.20.jar:3.0.20]
	at org.codehaus.groovy.control.ResolveVisitor.transform(ResolveVisitor.java:896) ~[groovy-3.0.20.jar:3.0.20]
	at org.codehaus.groovy.control.ResolveVisitor.transformMethodCallExpression(ResolveVisitor.java:1270) ~[groovy-3.0.20.jar:3.0.20]
	at org.codehaus.groovy.control.ResolveVisitor.transform(ResolveVisitor.java:902) ~[groovy-3.0.20.jar:3.0.20]
	at org.codehaus.groovy.control.ResolveVisitor.transformMethodCallExpression(ResolveVisitor.java:1270) ~[groovy-3.0.20.jar:3.0.20]
	at org.codehaus.groovy.control.ResolveVisitor.transform(ResolveVisitor.java:902) ~[groovy-3.0.20.jar:3.0.20]
	at org.codehaus.groovy.control.ResolveVisitor.transformMethodCallExpression(ResolveVisitor.java:1270) ~[groovy-3.0.20.jar:3.0.20]
	at org.codehaus.groovy.control.ResolveVisitor.transform(ResolveVisitor.java:902) ~[groovy-3.0.20.jar:3.0.20]
	at org.codehaus.groovy.control.ResolveVisitor.transformDeclarationExpression(ResolveVisitor.java:1294) ~[groovy-3.0.20.jar:3.0.20]
	at org.codehaus.groovy.control.ResolveVisitor.transform(ResolveVisitor.java:898) ~[groovy-3.0.20.jar:3.0.20]
	at org.codehaus.groovy.ast.ClassCodeExpressionTransformer.visitExpressionStatement(ClassCodeExpressionTransformer.java:108) ~[groovy-3.0.20.jar:3.0.20]
	at org.codehaus.groovy.ast.stmt.ExpressionStatement.visit(ExpressionStatement.java:40) ~[groovy-3.0.20.jar:3.0.20]
	at org.codehaus.groovy.ast.CodeVisitorSupport.visitBlockStatement(CodeVisitorSupport.java:86) ~[groovy-3.0.20.jar:3.0.20]
	at org.codehaus.groovy.ast.ClassCodeVisitorSupport.visitBlockStatement(ClassCodeVisitorSupport.java:164) ~[groovy-3.0.20.jar:3.0.20]
	at org.codehaus.groovy.control.ResolveVisitor.visitBlockStatement(ResolveVisitor.java:1562) ~[groovy-3.0.20.jar:3.0.20]
	at org.codehaus.groovy.ast.stmt.BlockStatement.visit(BlockStatement.java:69) ~[groovy-3.0.20.jar:3.0.20]
	at org.codehaus.groovy.ast.ClassCodeVisitorSupport.visitClassCodeContainer(ClassCodeVisitorSupport.java:138) ~[groovy-3.0.20.jar:3.0.20]
	at org.codehaus.groovy.ast.ClassCodeVisitorSupport.visitConstructorOrMethod(ClassCodeVisitorSupport.java:111) ~[groovy-3.0.20.jar:3.0.20]
	at org.codehaus.groovy.ast.ClassCodeExpressionTransformer.visitConstructorOrMethod(ClassCodeExpressionTransformer.java:66) ~[groovy-3.0.20.jar:3.0.20]
	at org.codehaus.groovy.control.ResolveVisitor.visitConstructorOrMethod(ResolveVisitor.java:293) ~[groovy-3.0.20.jar:3.0.20]
	at org.codehaus.groovy.ast.ClassCodeVisitorSupport.visitMethod(ClassCodeVisitorSupport.java:106) ~[groovy-3.0.20.jar:3.0.20]
	at org.codehaus.groovy.ast.ClassNode.visitMethods(ClassNode.java:1095) ~[groovy-3.0.20.jar:3.0.20]
	at org.codehaus.groovy.ast.ClassNode.visitContents(ClassNode.java:1088) ~[groovy-3.0.20.jar:3.0.20]
	at org.codehaus.groovy.ast.ClassCodeVisitorSupport.visitClass(ClassCodeVisitorSupport.java:52) ~[groovy-3.0.20.jar:3.0.20]
	at org.codehaus.groovy.control.ResolveVisitor.visitClass(ResolveVisitor.java:1479) ~[groovy-3.0.20.jar:3.0.20]
	at org.codehaus.groovy.control.ResolveVisitor.startResolving(ResolveVisitor.java:262) ~[groovy-3.0.20.jar:3.0.20]
	at org.codehaus.groovy.control.CompilationUnit.lambda$new$16(CompilationUnit.java:739) ~[groovy-3.0.20.jar:3.0.20]
	at org.codehaus.groovy.control.CompilationUnit$ISourceUnitOperation.doPhaseOperation(CompilationUnit.java:902) ~[groovy-3.0.20.jar:3.0.20]
	... 25 more
2025-10-23 23:12:36,191 INFO o.a.j.t.JMeterThread: Thread started: Users 1-24
2025-10-23 23:12:36,194 INFO o.a.j.t.JMeterThread: Thread finished: Users 1-24
2025-10-23 23:12:36,194 ERROR o.a.j.JMeter: Uncaught exception in thread Thread[#83,Users 1-24,5,main]
org.codehaus.groovy.GroovyBugError: BUG! exception in phase 'semantic analysis' in source unit 'Script24.groovy' Unsupported class file major version 69
	at org.codehaus.groovy.control.CompilationUnit$ISourceUnitOperation.doPhaseOperation(CompilationUnit.java:906) ~[groovy-3.0.20.jar:3.0.20]
	at org.codehaus.groovy.control.CompilationUnit.compile(CompilationUnit.java:628) ~[groovy-3.0.20.jar:3.0.20]
	at groovy.lang.GroovyClassLoader.doParseClass(GroovyClassLoader.java:389) ~[groovy-3.0.20.jar:3.0.20]
	at groovy.lang.GroovyClassLoader.lambda$parseClass$3(GroovyClassLoader.java:332) ~[groovy-3.0.20.jar:3.0.20]
	at org.codehaus.groovy.runtime.memoize.StampedCommonCache.compute(StampedCommonCache.java:163) ~[groovy-3.0.20.jar:3.0.20]
	at org.codehaus.groovy.runtime.memoize.StampedCommonCache.getAndPut(StampedCommonCache.java:154) ~[groovy-3.0.20.jar:3.0.20]
	at groovy.lang.GroovyClassLoader.parseClass(GroovyClassLoader.java:330) ~[groovy-3.0.20.jar:3.0.20]
	at groovy.lang.GroovyClassLoader.parseClass(GroovyClassLoader.java:314) ~[groovy-3.0.20.jar:3.0.20]
	at groovy.lang.GroovyClassLoader.parseClass(GroovyClassLoader.java:257) ~[groovy-3.0.20.jar:3.0.20]
	at org.codehaus.groovy.jsr223.GroovyScriptEngineImpl.getScriptClass(GroovyScriptEngineImpl.java:336) ~[groovy-jsr223-3.0.20.jar:3.0.20]
	at org.codehaus.groovy.jsr223.GroovyScriptEngineImpl.compile(GroovyScriptEngineImpl.java:181) ~[groovy-jsr223-3.0.20.jar:3.0.20]
	at org.apache.jmeter.util.JSR223TestElement.lambda$processFileOrScript$1(JSR223TestElement.java:225) ~[ApacheJMeter_core.jar:5.6.3]
	at com.github.benmanes.caffeine.cache.BoundedLocalCache.lambda$doComputeIfAbsent$14(BoundedLocalCache.java:2406) ~[caffeine-2.9.3.jar:?]
	at java.base/java.util.concurrent.ConcurrentHashMap.compute(ConcurrentHashMap.java:1932) ~[?:?]
	at com.github.benmanes.caffeine.cache.BoundedLocalCache.doComputeIfAbsent(BoundedLocalCache.java:2404) ~[caffeine-2.9.3.jar:?]
	at com.github.benmanes.caffeine.cache.BoundedLocalCache.computeIfAbsent(BoundedLocalCache.java:2387) ~[caffeine-2.9.3.jar:?]
	at com.github.benmanes.caffeine.cache.LocalCache.computeIfAbsent(LocalCache.java:108) ~[caffeine-2.9.3.jar:?]
	at com.github.benmanes.caffeine.cache.LocalManualCache.get(LocalManualCache.java:62) ~[caffeine-2.9.3.jar:?]
	at org.apache.jmeter.util.JSR223TestElement.getCompiledScript(JSR223TestElement.java:252) ~[ApacheJMeter_core.jar:5.6.3]
	at org.apache.jmeter.util.JSR223TestElement.processFileOrScript(JSR223TestElement.java:223) ~[ApacheJMeter_core.jar:5.6.3]
	at org.apache.jmeter.modifiers.JSR223PreProcessor.process(JSR223PreProcessor.java:45) ~[ApacheJMeter_components.jar:5.6.3]
	at org.apache.jmeter.threads.JMeterThread.runPreProcessors(JMeterThread.java:983) ~[ApacheJMeter_core.jar:5.6.3]
	at org.apache.jmeter.threads.JMeterThread.executeSamplePackage(JMeterThread.java:561) ~[ApacheJMeter_core.jar:5.6.3]
	at org.apache.jmeter.threads.JMeterThread.processSampler(JMeterThread.java:501) ~[ApacheJMeter_core.jar:5.6.3]
	at org.apache.jmeter.threads.JMeterThread.run(JMeterThread.java:268) ~[ApacheJMeter_core.jar:5.6.3]
	at java.base/java.lang.Thread.run(Thread.java:1474) [?:?]
Caused by: java.lang.IllegalArgumentException: Unsupported class file major version 69
	at groovyjarjarasm.asm.ClassReader.<init>(ClassReader.java:199) ~[groovy-3.0.20.jar:3.0.20]
	at groovyjarjarasm.asm.ClassReader.<init>(ClassReader.java:180) ~[groovy-3.0.20.jar:3.0.20]
	at groovyjarjarasm.asm.ClassReader.<init>(ClassReader.java:166) ~[groovy-3.0.20.jar:3.0.20]
	at groovyjarjarasm.asm.ClassReader.<init>(ClassReader.java:287) ~[groovy-3.0.20.jar:3.0.20]
	at org.codehaus.groovy.ast.decompiled.AsmDecompiler.parseClass(AsmDecompiler.java:81) ~[groovy-3.0.20.jar:3.0.20]
	at org.codehaus.groovy.control.ClassNodeResolver.findDecompiled(ClassNodeResolver.java:251) ~[groovy-3.0.20.jar:3.0.20]
	at org.codehaus.groovy.control.ClassNodeResolver.tryAsLoaderClassOrScript(ClassNodeResolver.java:189) ~[groovy-3.0.20.jar:3.0.20]
	at org.codehaus.groovy.control.ClassNodeResolver.findClassNode(ClassNodeResolver.java:169) ~[groovy-3.0.20.jar:3.0.20]
	at org.codehaus.groovy.control.ClassNodeResolver.resolveName(ClassNodeResolver.java:125) ~[groovy-3.0.20.jar:3.0.20]
	at org.codehaus.groovy.control.ResolveVisitor.resolveToOuter(ResolveVisitor.java:875) ~[groovy-3.0.20.jar:3.0.20]
	at org.codehaus.groovy.control.ResolveVisitor.resolve(ResolveVisitor.java:506) ~[groovy-3.0.20.jar:3.0.20]
	at org.codehaus.groovy.control.ResolveVisitor.resolve(ResolveVisitor.java:467) ~[groovy-3.0.20.jar:3.0.20]
	at org.codehaus.groovy.control.ResolveVisitor.transformPropertyExpression(ResolveVisitor.java:1028) ~[groovy-3.0.20.jar:3.0.20]
	at org.codehaus.groovy.control.ResolveVisitor.transform(ResolveVisitor.java:896) ~[groovy-3.0.20.jar:3.0.20]
	at org.codehaus.groovy.control.ResolveVisitor.transformMethodCallExpression(ResolveVisitor.java:1270) ~[groovy-3.0.20.jar:3.0.20]
	at org.codehaus.groovy.control.ResolveVisitor.transform(ResolveVisitor.java:902) ~[groovy-3.0.20.jar:3.0.20]
	at org.codehaus.groovy.control.ResolveVisitor.transformMethodCallExpression(ResolveVisitor.java:1270) ~[groovy-3.0.20.jar:3.0.20]
	at org.codehaus.groovy.control.ResolveVisitor.transform(ResolveVisitor.java:902) ~[groovy-3.0.20.jar:3.0.20]
	at org.codehaus.groovy.control.ResolveVisitor.transformMethodCallExpression(ResolveVisitor.java:1270) ~[groovy-3.0.20.jar:3.0.20]
	at org.codehaus.groovy.control.ResolveVisitor.transform(ResolveVisitor.java:902) ~[groovy-3.0.20.jar:3.0.20]
	at org.codehaus.groovy.control.ResolveVisitor.transformDeclarationExpression(ResolveVisitor.java:1294) ~[groovy-3.0.20.jar:3.0.20]
	at org.codehaus.groovy.control.ResolveVisitor.transform(ResolveVisitor.java:898) ~[groovy-3.0.20.jar:3.0.20]
	at org.codehaus.groovy.ast.ClassCodeExpressionTransformer.visitExpressionStatement(ClassCodeExpressionTransformer.java:108) ~[groovy-3.0.20.jar:3.0.20]
	at org.codehaus.groovy.ast.stmt.ExpressionStatement.visit(ExpressionStatement.java:40) ~[groovy-3.0.20.jar:3.0.20]
	at org.codehaus.groovy.ast.CodeVisitorSupport.visitBlockStatement(CodeVisitorSupport.java:86) ~[groovy-3.0.20.jar:3.0.20]
	at org.codehaus.groovy.ast.ClassCodeVisitorSupport.visitBlockStatement(ClassCodeVisitorSupport.java:164) ~[groovy-3.0.20.jar:3.0.20]
	at org.codehaus.groovy.control.ResolveVisitor.visitBlockStatement(ResolveVisitor.java:1562) ~[groovy-3.0.20.jar:3.0.20]
	at org.codehaus.groovy.ast.stmt.BlockStatement.visit(BlockStatement.java:69) ~[groovy-3.0.20.jar:3.0.20]
	at org.codehaus.groovy.ast.ClassCodeVisitorSupport.visitClassCodeContainer(ClassCodeVisitorSupport.java:138) ~[groovy-3.0.20.jar:3.0.20]
	at org.codehaus.groovy.ast.ClassCodeVisitorSupport.visitConstructorOrMethod(ClassCodeVisitorSupport.java:111) ~[groovy-3.0.20.jar:3.0.20]
	at org.codehaus.groovy.ast.ClassCodeExpressionTransformer.visitConstructorOrMethod(ClassCodeExpressionTransformer.java:66) ~[groovy-3.0.20.jar:3.0.20]
	at org.codehaus.groovy.control.ResolveVisitor.visitConstructorOrMethod(ResolveVisitor.java:293) ~[groovy-3.0.20.jar:3.0.20]
	at org.codehaus.groovy.ast.ClassCodeVisitorSupport.visitMethod(ClassCodeVisitorSupport.java:106) ~[groovy-3.0.20.jar:3.0.20]
	at org.codehaus.groovy.ast.ClassNode.visitMethods(ClassNode.java:1095) ~[groovy-3.0.20.jar:3.0.20]
	at org.codehaus.groovy.ast.ClassNode.visitContents(ClassNode.java:1088) ~[groovy-3.0.20.jar:3.0.20]
	at org.codehaus.groovy.ast.ClassCodeVisitorSupport.visitClass(ClassCodeVisitorSupport.java:52) ~[groovy-3.0.20.jar:3.0.20]
	at org.codehaus.groovy.control.ResolveVisitor.visitClass(ResolveVisitor.java:1479) ~[groovy-3.0.20.jar:3.0.20]
	at org.codehaus.groovy.control.ResolveVisitor.startResolving(ResolveVisitor.java:262) ~[groovy-3.0.20.jar:3.0.20]
	at org.codehaus.groovy.control.CompilationUnit.lambda$new$16(CompilationUnit.java:739) ~[groovy-3.0.20.jar:3.0.20]
	at org.codehaus.groovy.control.CompilationUnit$ISourceUnitOperation.doPhaseOperation(CompilationUnit.java:902) ~[groovy-3.0.20.jar:3.0.20]
	... 25 more
2025-10-23 23:12:36,591 INFO o.a.j.t.JMeterThread: Thread started: Users 1-25
2025-10-23 23:12:36,594 INFO o.a.j.t.JMeterThread: Thread finished: Users 1-25
2025-10-23 23:12:36,594 ERROR o.a.j.JMeter: Uncaught exception in thread Thread[#84,Users 1-25,5,main]
org.codehaus.groovy.GroovyBugError: BUG! exception in phase 'semantic analysis' in source unit 'Script25.groovy' Unsupported class file major version 69
	at org.codehaus.groovy.control.CompilationUnit$ISourceUnitOperation.doPhaseOperation(CompilationUnit.java:906) ~[groovy-3.0.20.jar:3.0.20]
	at org.codehaus.groovy.control.CompilationUnit.compile(CompilationUnit.java:628) ~[groovy-3.0.20.jar:3.0.20]
	at groovy.lang.GroovyClassLoader.doParseClass(GroovyClassLoader.java:389) ~[groovy-3.0.20.jar:3.0.20]
	at groovy.lang.GroovyClassLoader.lambda$parseClass$3(GroovyClassLoader.java:332) ~[groovy-3.0.20.jar:3.0.20]
	at org.codehaus.groovy.runtime.memoize.StampedCommonCache.compute(StampedCommonCache.java:163) ~[groovy-3.0.20.jar:3.0.20]
	at org.codehaus.groovy.runtime.memoize.StampedCommonCache.getAndPut(StampedCommonCache.java:154) ~[groovy-3.0.20.jar:3.0.20]
	at groovy.lang.GroovyClassLoader.parseClass(GroovyClassLoader.java:330) ~[groovy-3.0.20.jar:3.0.20]
	at groovy.lang.GroovyClassLoader.parseClass(GroovyClassLoader.java:314) ~[groovy-3.0.20.jar:3.0.20]
	at groovy.lang.GroovyClassLoader.parseClass(GroovyClassLoader.java:257) ~[groovy-3.0.20.jar:3.0.20]
	at org.codehaus.groovy.jsr223.GroovyScriptEngineImpl.getScriptClass(GroovyScriptEngineImpl.java:336) ~[groovy-jsr223-3.0.20.jar:3.0.20]
	at org.codehaus.groovy.jsr223.GroovyScriptEngineImpl.compile(GroovyScriptEngineImpl.java:181) ~[groovy-jsr223-3.0.20.jar:3.0.20]
	at org.apache.jmeter.util.JSR223TestElement.lambda$processFileOrScript$1(JSR223TestElement.java:225) ~[ApacheJMeter_core.jar:5.6.3]
	at com.github.benmanes.caffeine.cache.BoundedLocalCache.lambda$doComputeIfAbsent$14(BoundedLocalCache.java:2406) ~[caffeine-2.9.3.jar:?]
	at java.base/java.util.concurrent.ConcurrentHashMap.compute(ConcurrentHashMap.java:1932) ~[?:?]
	at com.github.benmanes.caffeine.cache.BoundedLocalCache.doComputeIfAbsent(BoundedLocalCache.java:2404) ~[caffeine-2.9.3.jar:?]
	at com.github.benmanes.caffeine.cache.BoundedLocalCache.computeIfAbsent(BoundedLocalCache.java:2387) ~[caffeine-2.9.3.jar:?]
	at com.github.benmanes.caffeine.cache.LocalCache.computeIfAbsent(LocalCache.java:108) ~[caffeine-2.9.3.jar:?]
	at com.github.benmanes.caffeine.cache.LocalManualCache.get(LocalManualCache.java:62) ~[caffeine-2.9.3.jar:?]
	at org.apache.jmeter.util.JSR223TestElement.getCompiledScript(JSR223TestElement.java:252) ~[ApacheJMeter_core.jar:5.6.3]
	at org.apache.jmeter.util.JSR223TestElement.processFileOrScript(JSR223TestElement.java:223) ~[ApacheJMeter_core.jar:5.6.3]
	at org.apache.jmeter.modifiers.JSR223PreProcessor.process(JSR223PreProcessor.java:45) ~[ApacheJMeter_components.jar:5.6.3]
	at org.apache.jmeter.threads.JMeterThread.runPreProcessors(JMeterThread.java:983) ~[ApacheJMeter_core.jar:5.6.3]
	at org.apache.jmeter.threads.JMeterThread.executeSamplePackage(JMeterThread.java:561) ~[ApacheJMeter_core.jar:5.6.3]
	at org.apache.jmeter.threads.JMeterThread.processSampler(JMeterThread.java:501) ~[ApacheJMeter_core.jar:5.6.3]
	at org.apache.jmeter.threads.JMeterThread.run(JMeterThread.java:268) ~[ApacheJMeter_core.jar:5.6.3]
	at java.base/java.lang.Thread.run(Thread.java:1474) [?:?]
Caused by: java.lang.IllegalArgumentException: Unsupported class file major version 69
	at groovyjarjarasm.asm.ClassReader.<init>(ClassReader.java:199) ~[groovy-3.0.20.jar:3.0.20]
	at groovyjarjarasm.asm.ClassReader.<init>(ClassReader.java:180) ~[groovy-3.0.20.jar:3.0.20]
	at groovyjarjarasm.asm.ClassReader.<init>(ClassReader.java:166) ~[groovy-3.0.20.jar:3.0.20]
	at groovyjarjarasm.asm.ClassReader.<init>(ClassReader.java:287) ~[groovy-3.0.20.jar:3.0.20]
	at org.codehaus.groovy.ast.decompiled.AsmDecompiler.parseClass(AsmDecompiler.java:81) ~[groovy-3.0.20.jar:3.0.20]
	at org.codehaus.groovy.control.ClassNodeResolver.findDecompiled(ClassNodeResolver.java:251) ~[groovy-3.0.20.jar:3.0.20]
	at org.codehaus.groovy.control.ClassNodeResolver.tryAsLoaderClassOrScript(ClassNodeResolver.java:189) ~[groovy-3.0.20.jar:3.0.20]
	at org.codehaus.groovy.control.ClassNodeResolver.findClassNode(ClassNodeResolver.java:169) ~[groovy-3.0.20.jar:3.0.20]
	at org.codehaus.groovy.control.ClassNodeResolver.resolveName(ClassNodeResolver.java:125) ~[groovy-3.0.20.jar:3.0.20]
	at org.codehaus.groovy.control.ResolveVisitor.resolveToOuter(ResolveVisitor.java:875) ~[groovy-3.0.20.jar:3.0.20]
	at org.codehaus.groovy.control.ResolveVisitor.resolve(ResolveVisitor.java:506) ~[groovy-3.0.20.jar:3.0.20]
	at org.codehaus.groovy.control.ResolveVisitor.resolve(ResolveVisitor.java:467) ~[groovy-3.0.20.jar:3.0.20]
	at org.codehaus.groovy.control.ResolveVisitor.transformPropertyExpression(ResolveVisitor.java:1028) ~[groovy-3.0.20.jar:3.0.20]
	at org.codehaus.groovy.control.ResolveVisitor.transform(ResolveVisitor.java:896) ~[groovy-3.0.20.jar:3.0.20]
	at org.codehaus.groovy.control.ResolveVisitor.transformMethodCallExpression(ResolveVisitor.java:1270) ~[groovy-3.0.20.jar:3.0.20]
	at org.codehaus.groovy.control.ResolveVisitor.transform(ResolveVisitor.java:902) ~[groovy-3.0.20.jar:3.0.20]
	at org.codehaus.groovy.control.ResolveVisitor.transformMethodCallExpression(ResolveVisitor.java:1270) ~[groovy-3.0.20.jar:3.0.20]
	at org.codehaus.groovy.control.ResolveVisitor.transform(ResolveVisitor.java:902) ~[groovy-3.0.20.jar:3.0.20]
	at org.codehaus.groovy.control.ResolveVisitor.transformMethodCallExpression(ResolveVisitor.java:1270) ~[groovy-3.0.20.jar:3.0.20]
	at org.codehaus.groovy.control.ResolveVisitor.transform(ResolveVisitor.java:902) ~[groovy-3.0.20.jar:3.0.20]
	at org.codehaus.groovy.control.ResolveVisitor.transformDeclarationExpression(ResolveVisitor.java:1294) ~[groovy-3.0.20.jar:3.0.20]
	at org.codehaus.groovy.control.ResolveVisitor.transform(ResolveVisitor.java:898) ~[groovy-3.0.20.jar:3.0.20]
	at org.codehaus.groovy.ast.ClassCodeExpressionTransformer.visitExpressionStatement(ClassCodeExpressionTransformer.java:108) ~[groovy-3.0.20.jar:3.0.20]
	at org.codehaus.groovy.ast.stmt.ExpressionStatement.visit(ExpressionStatement.java:40) ~[groovy-3.0.20.jar:3.0.20]
	at org.codehaus.groovy.ast.CodeVisitorSupport.visitBlockStatement(CodeVisitorSupport.java:86) ~[groovy-3.0.20.jar:3.0.20]
	at org.codehaus.groovy.ast.ClassCodeVisitorSupport.visitBlockStatement(ClassCodeVisitorSupport.java:164) ~[groovy-3.0.20.jar:3.0.20]
	at org.codehaus.groovy.control.ResolveVisitor.visitBlockStatement(ResolveVisitor.java:1562) ~[groovy-3.0.20.jar:3.0.20]
	at org.codehaus.groovy.ast.stmt.BlockStatement.visit(BlockStatement.java:69) ~[groovy-3.0.20.jar:3.0.20]
	at org.codehaus.groovy.ast.ClassCodeVisitorSupport.visitClassCodeContainer(ClassCodeVisitorSupport.java:138) ~[groovy-3.0.20.jar:3.0.20]
	at org.codehaus.groovy.ast.ClassCodeVisitorSupport.visitConstructorOrMethod(ClassCodeVisitorSupport.java:111) ~[groovy-3.0.20.jar:3.0.20]
	at org.codehaus.groovy.ast.ClassCodeExpressionTransformer.visitConstructorOrMethod(ClassCodeExpressionTransformer.java:66) ~[groovy-3.0.20.jar:3.0.20]
	at org.codehaus.groovy.control.ResolveVisitor.visitConstructorOrMethod(ResolveVisitor.java:293) ~[groovy-3.0.20.jar:3.0.20]
	at org.codehaus.groovy.ast.ClassCodeVisitorSupport.visitMethod(ClassCodeVisitorSupport.java:106) ~[groovy-3.0.20.jar:3.0.20]
	at org.codehaus.groovy.ast.ClassNode.visitMethods(ClassNode.java:1095) ~[groovy-3.0.20.jar:3.0.20]
	at org.codehaus.groovy.ast.ClassNode.visitContents(ClassNode.java:1088) ~[groovy-3.0.20.jar:3.0.20]
	at org.codehaus.groovy.ast.ClassCodeVisitorSupport.visitClass(ClassCodeVisitorSupport.java:52) ~[groovy-3.0.20.jar:3.0.20]
	at org.codehaus.groovy.control.ResolveVisitor.visitClass(ResolveVisitor.java:1479) ~[groovy-3.0.20.jar:3.0.20]
	at org.codehaus.groovy.control.ResolveVisitor.startResolving(ResolveVisitor.java:262) ~[groovy-3.0.20.jar:3.0.20]
	at org.codehaus.groovy.control.CompilationUnit.lambda$new$16(CompilationUnit.java:739) ~[groovy-3.0.20.jar:3.0.20]
	at org.codehaus.groovy.control.CompilationUnit$ISourceUnitOperation.doPhaseOperation(CompilationUnit.java:902) ~[groovy-3.0.20.jar:3.0.20]
	... 25 more
2025-10-23 23:12:36,594 INFO o.a.j.e.StandardJMeterEngine: Notifying test listeners of end of test
2025-10-23 23:12:36,595 INFO o.a.j.r.Summariser: summary =      0 in 00:00:00 = ******/s Avg:     0 Min: 9223372036854775807 Max: -9223372036854775808 Err:     0 (0.00%)
2025-10-23 23:12:36,595 INFO o.a.j.JMeter: Generating Dashboard
2025-10-23 23:12:36,595 INFO o.a.j.r.d.ReportGenerator: Flushing result collector before report Generation
2025-10-23 23:12:36,603 INFO o.a.j.r.p.NormalizerSampleConsumer: Using format, 'ms', to parse timeStamp field
2025-10-23 23:12:36,640 INFO o.a.j.r.p.AbstractSampleConsumer: class org.apache.jmeter.report.processor.AggregateConsumer#stopProducing(): beginDate produced 0 samples
2025-10-23 23:12:36,640 INFO o.a.j.r.p.AbstractSampleConsumer: class org.apache.jmeter.report.processor.AggregateConsumer#stopProducing(): endDate produced 0 samples
2025-10-23 23:12:36,640 INFO o.a.j.r.p.AbstractSampleConsumer: class org.apache.jmeter.report.processor.ApdexSummaryConsumer#stopProducing(): apdexSummary produced 0 samples
2025-10-23 23:12:36,640 INFO o.a.j.r.p.AbstractSampleConsumer: class org.apache.jmeter.report.processor.RequestsSummaryConsumer#stopProducing(): requestsSummary produced 0 samples
2025-10-23 23:12:36,641 INFO o.a.j.r.p.AbstractSampleConsumer: class org.apache.jmeter.report.processor.StatisticsSummaryConsumer#stopProducing(): statisticsSummary produced 0 samples
2025-10-23 23:12:36,641 INFO o.a.j.r.p.AbstractSampleConsumer: class org.apache.jmeter.report.processor.Top5ErrorsBySamplerConsumer#stopProducing(): top5ErrorsBySampler produced 0 samples
2025-10-23 23:12:36,641 INFO o.a.j.r.p.AbstractSampleConsumer: class org.apache.jmeter.report.processor.ErrorsSummaryConsumer#stopProducing(): errorsSummary produced 0 samples
2025-10-23 23:12:36,641 INFO o.a.j.r.p.AbstractSampleConsumer: class org.apache.jmeter.report.processor.graph.impl.HitsPerSecondGraphConsumer#stopProducing(): hitsPerSecond produced 0 samples
2025-10-23 23:12:36,648 INFO o.a.j.r.p.AbstractSampleConsumer: class org.apache.jmeter.report.processor.graph.impl.LatencyVSRequestGraphConsumer#stopProducing(): latencyVsRequest produced 0 samples
2025-10-23 23:12:36,648 INFO o.a.j.r.p.AbstractSampleConsumer: class org.apache.jmeter.report.processor.graph.impl.SyntheticResponseTimeDistributionGraphConsumer#stopProducing(): syntheticResponseTimeDistribution produced 0 samples
2025-10-23 23:12:36,649 INFO o.a.j.r.p.AbstractSampleConsumer: class org.apache.jmeter.report.processor.graph.impl.BytesThroughputGraphConsumer#stopProducing(): bytesThroughputOverTime produced 0 samples
2025-10-23 23:12:36,649 INFO o.a.j.r.p.AbstractSampleConsumer: class org.apache.jmeter.report.processor.graph.impl.CodesPerSecondGraphConsumer#stopProducing(): codesPerSecond produced 0 samples
2025-10-23 23:12:36,650 INFO o.a.j.r.p.AbstractSampleConsumer: class org.apache.jmeter.report.processor.graph.impl.ResponseTimeVSRequestGraphConsumer#stopProducing(): responseTimeVsRequest produced 0 samples
2025-10-23 23:12:36,650 INFO o.a.j.r.p.AbstractSampleConsumer: class org.apache.jmeter.report.processor.FilterConsumer#stopProducing(): startIntervalControlerFilter produced 0 samples
2025-10-23 23:12:36,650 INFO o.a.j.r.p.AbstractSampleConsumer: class org.apache.jmeter.report.processor.graph.impl.TotalTPSGraphConsumer#stopProducing(): totalTPS produced 0 samples
2025-10-23 23:12:36,652 INFO o.a.j.r.p.AbstractSampleConsumer: class org.apache.jmeter.report.processor.graph.impl.ActiveThreadsGraphConsumer#stopProducing(): activeThreadsOverTime produced 0 samples
2025-10-23 23:12:36,652 INFO o.a.j.r.p.AbstractSampleConsumer: class org.apache.jmeter.report.processor.graph.impl.TimeVSThreadGraphConsumer#stopProducing(): timeVsThreads produced 0 samples
2025-10-23 23:12:36,652 INFO o.a.j.r.p.AbstractSampleConsumer: class org.apache.jmeter.report.processor.graph.impl.ResponseTimeDistributionGraphConsumer#stopProducing(): responseTimeDistribution produced 0 samples
2025-10-23 23:12:36,652 INFO o.a.j.r.p.AbstractSampleConsumer: class org.apache.jmeter.report.processor.graph.impl.TransactionsPerSecondGraphConsumer#stopProducing(): transactionsPerSecond produced 0 samples
2025-10-23 23:12:36,652 INFO o.a.j.r.p.AbstractSampleConsumer: class org.apache.jmeter.report.processor.graph.impl.ResponseTimePercentilesGraphConsumer#stopProducing(): responseTimePercentiles produced 0 samples
2025-10-23 23:12:36,652 INFO o.a.j.r.p.AbstractSampleConsumer: class org.apache.jmeter.report.processor.graph.impl.ResponseTimePercentilesOverTimeGraphConsumer#stopProducing(): responseTimePercentilesOverTime produced 0 samples
2025-10-23 23:12:36,652 INFO o.a.j.r.p.AbstractSampleConsumer: class org.apache.jmeter.report.processor.graph.impl.ResponseTimeOverTimeGraphConsumer#stopProducing(): responseTimesOverTime produced 0 samples
2025-10-23 23:12:36,652 INFO o.a.j.r.p.AbstractSampleConsumer: class org.apache.jmeter.report.processor.graph.impl.ConnectTimeOverTimeGraphConsumer#stopProducing(): connectTimeOverTime produced 0 samples
2025-10-23 23:12:36,652 INFO o.a.j.r.p.AbstractSampleConsumer: class org.apache.jmeter.report.processor.graph.impl.LatencyOverTimeGraphConsumer#stopProducing(): latenciesOverTime produced 0 samples
2025-10-23 23:12:36,652 INFO o.a.j.r.p.AbstractSampleConsumer: class org.apache.jmeter.report.processor.FilterConsumer#stopProducing(): nameFilter produced 0 samples
2025-10-23 23:12:36,652 INFO o.a.j.r.p.AbstractSampleConsumer: class org.apache.jmeter.report.processor.FilterConsumer#stopProducing(): dateRangeFilter produced 0 samples
2025-10-23 23:12:36,652 INFO o.a.j.r.p.AbstractSampleConsumer: class org.apache.jmeter.report.processor.NormalizerSampleConsumer#stopProducing(): normalizer produced 0 samples
2025-10-23 23:12:36,652 INFO o.a.j.r.p.CsvFileSampleSource: produce(): 0 samples produced in 32ms on channel 0
2025-10-23 23:12:36,652 INFO o.a.j.r.d.ReportGenerator: Exporting data using exporter:'json' of className:'org.apache.jmeter.report.dashboard.JsonExporter'
2025-10-23 23:12:36,694 INFO o.a.j.r.d.JsonExporter: Found data for consumer statisticsSummaryin context
2025-10-23 23:12:36,695 INFO o.a.j.r.d.JsonExporter: Creating statistics for overall
2025-10-23 23:12:36,695 ERROR o.a.j.JMeter: Error generating the report: Cannot invoke "org.apache.jmeter.report.processor.MapResultData.getResult(String)" because "resultData" is null
java.lang.NullPointerException: Cannot invoke "org.apache.jmeter.report.processor.MapResultData.getResult(String)" because "resultData" is null
	at org.apache.jmeter.report.dashboard.JsonExporter.createStatistic(JsonExporter.java:126) ~[ApacheJMeter_core.jar:5.6.3]
	at org.apache.jmeter.report.dashboard.JsonExporter.export(JsonExporter.java:77) ~[ApacheJMeter_core.jar:5.6.3]
	at org.apache.jmeter.report.dashboard.ReportGenerator.exportData(ReportGenerator.java:383) ~[ApacheJMeter_core.jar:5.6.3]
	at org.apache.jmeter.report.dashboard.ReportGenerator.generate(ReportGenerator.java:261) ~[ApacheJMeter_core.jar:5.6.3]
	at org.apache.jmeter.JMeter$ListenToTest.endTest(JMeter.java:1285) [ApacheJMeter_core.jar:5.6.3]
	at org.apache.jmeter.JMeter$ListenToTest.testEnded(JMeter.java:1240) [ApacheJMeter_core.jar:5.6.3]
	at org.apache.jmeter.engine.StandardJMeterEngine.notifyTestListenersOfEnd(StandardJMeterEngine.java:266) [ApacheJMeter_core.jar:5.6.3]
	at org.apache.jmeter.engine.StandardJMeterEngine.run(StandardJMeterEngine.java:543) [ApacheJMeter_core.jar:5.6.3]
	at java.base/java.util.concurrent.Executors$RunnableAdapter.call(Executors.java:545) [?:?]
	at java.base/java.util.concurrent.FutureTask.run(FutureTask.java:328) [?:?]
	at java.base/java.util.concurrent.ThreadPoolExecutor.runWorker(ThreadPoolExecutor.java:1090) [?:?]
	at java.base/java.util.concurrent.ThreadPoolExecutor$Worker.run(ThreadPoolExecutor.java:614) [?:?]
	at java.base/java.lang.Thread.run(Thread.java:1474) [?:?]
